#
# There is insufficient memory for the Java Runtime Environment to continue.
# Native memory allocation (mmap) failed to map 310378496 bytes for committing reserved memory.
# Possible reasons:
#   The system is out of physical RAM or swap space
#   The process is running with CompressedOops enabled, and the Java Heap may be blocking the growth of the native heap
# Possible solutions:
#   Reduce memory load on the system
#   Increase physical memory or swap space
#   Check if swap backing store is full
#   Decrease Java heap size (-Xmx/-Xms)
#   Decrease number of Java threads
#   Decrease Java thread stack sizes (-Xss)
#   Set larger code cache with -XX:ReservedCodeCacheSize=
#   JVM is running with Unscaled Compressed Oops mode in which the Java heap is
#     placed in the first 4GB address space. The Java Heap base address is the
#     maximum limit for the native heap growth. Please use -XX:HeapBaseMinAddress
#     to set the Java Heap base and to place the Java Heap above 4GB virtual address.
# This output file may be truncated or incomplete.
#
#  Out of Memory Error (os_linux.cpp:2706), pid=9435, tid=9453
#
# JRE version: OpenJDK Runtime Environment (10.0.2+13) (build 10.0.2+13-Ubuntu-1ubuntu0.18.04.2)
# Java VM: OpenJDK 64-Bit Server VM (10.0.2+13-Ubuntu-1ubuntu0.18.04.2, mixed mode, tiered, compressed oops, g1 gc, linux-amd64)
# Core dump will be written. Default location: Core dumps may be processed with "/usr/share/apport/apport %p %s %c %d %P" (or dumping to /home/lam/eclipse-workspace/CollectionLinkedList/core.9435)
#

---------------  S U M M A R Y ------------

Command Line: -Dfile.encoding=UTF-8 com.vietjack.HelloWorld

Host: Intel(R) Core(TM) i5-5200U CPU @ 2.20GHz, 4 cores, 3G, Ubuntu 18.04.1 LTS
Time: Tue Sep 18 22:43:50 2018 CDT elapsed time: 1 seconds (0d 0h 0m 1s)

---------------  T H R E A D  ---------------

Current thread (0x00007f35b00fa000):  VMThread "VM Thread" [stack: 0x00007f357d700000,0x00007f357d800000] [id=9453]

Stack: [0x00007f357d700000,0x00007f357d800000],  sp=0x00007f357d7fe0a0,  free space=1016k
Native frames: (J=compiled Java code, A=aot compiled Java code, j=interpreted, Vv=VM code, C=native code)
V  [libjvm.so+0xd27e04]
V  [libjvm.so+0xd289ab]
V  [libjvm.so+0x64d415]
V  [libjvm.so+0xb2d728]
V  [libjvm.so+0xb25f7d]
V  [libjvm.so+0x7662ff]
V  [libjvm.so+0x76653e]
V  [libjvm.so+0x769500]
V  [libjvm.so+0x7efa1c]
V  [libjvm.so+0x7f06df]
V  [libjvm.so+0x7f0b59]
V  [libjvm.so+0x7162cf]
V  [libjvm.so+0x71a3ba]
V  [libjvm.so+0xd39f68]
V  [libjvm.so+0xd387d1]
V  [libjvm.so+0xd35a9b]
V  [libjvm.so+0xd370be]
V  [libjvm.so+0xd374e8]
V  [libjvm.so+0xb33ca0]

VM_Operation (0x00007f35b7a1c760): G1IncCollectionPause, mode: safepoint, requested by thread 0x00007f35b0012000


---------------  P R O C E S S  ---------------

Threads class SMR info:
_java_thread_list=0x00007f35b01c36d0, length=10, elements={
0x00007f35b0012000, 0x00007f35b0104000, 0x00007f35b0106000, 0x00007f35b010f000,
0x00007f35b0119800, 0x00007f35b011b800, 0x00007f35b011d800, 0x00007f35b011f800,
0x00007f35b01bb800, 0x00007f35b01ca000
}

Java Threads: ( => current thread )
  0x00007f35b0012000 JavaThread "main" [_thread_blocked, id=9441, stack(0x00007f35b791d000,0x00007f35b7a1e000)]
  0x00007f35b0104000 JavaThread "Reference Handler" daemon [_thread_blocked, id=9454, stack(0x00007f357d5fd000,0x00007f357d6fe000)]
  0x00007f35b0106000 JavaThread "Finalizer" daemon [_thread_blocked, id=9455, stack(0x00007f357d4fc000,0x00007f357d5fd000)]
  0x00007f35b010f000 JavaThread "Signal Dispatcher" daemon [_thread_blocked, id=9456, stack(0x00007f357c8ab000,0x00007f357c9ac000)]
  0x00007f35b0119800 JavaThread "C2 CompilerThread0" daemon [_thread_blocked, id=9457, stack(0x00007f357c7aa000,0x00007f357c8ab000)]
  0x00007f35b011b800 JavaThread "C2 CompilerThread1" daemon [_thread_blocked, id=9458, stack(0x00007f357c6a9000,0x00007f357c7aa000)]
  0x00007f35b011d800 JavaThread "C1 CompilerThread2" daemon [_thread_blocked, id=9459, stack(0x00007f357c5a8000,0x00007f357c6a9000)]
  0x00007f35b011f800 JavaThread "Sweeper thread" daemon [_thread_blocked, id=9460, stack(0x00007f357c4a7000,0x00007f357c5a8000)]
  0x00007f35b01bb800 JavaThread "Service Thread" daemon [_thread_blocked, id=9461, stack(0x00007f357c3a6000,0x00007f357c4a7000)]
  0x00007f35b01ca000 JavaThread "Common-Cleaner" daemon [_thread_blocked, id=9463, stack(0x00007f357c1a3000,0x00007f357c2a4000)]

Other Threads:
=>0x00007f35b00fa000 VMThread "VM Thread" [stack: 0x00007f357d700000,0x00007f357d800000] [id=9453]
  0x00007f35b01be000 WatcherThread [stack: 0x00007f357c2a6000,0x00007f357c3a6000] [id=9462]
  0x00007f35b0028800 GCTaskThread "GC Thread#0" [stack: 0x00007f359752d000,0x00007f359762d000] [id=9442]
  0x00007f35b002a000 GCTaskThread "GC Thread#1" [stack: 0x00007f359742b000,0x00007f359752b000] [id=9443]
  0x00007f35b002b800 GCTaskThread "GC Thread#2" [stack: 0x00007f3597329000,0x00007f3597429000] [id=9444]
  0x00007f35b002d000 GCTaskThread "GC Thread#3" [stack: 0x00007f3597227000,0x00007f3597327000] [id=9445]
  0x00007f35b0061800 ConcurrentGCThread "G1 Main Marker" [stack: 0x00007f3594b49000,0x00007f3594c49000] [id=9446]
  0x00007f35b0063000 ConcurrentGCThread "G1 Conc#0" [stack: 0x00007f3594a47000,0x00007f3594b47000] [id=9447]
  0x00007f35b0093000 ConcurrentGCThread "G1 Refine#0" [stack: 0x00007f3594541000,0x00007f3594641000] [id=9448]
  0x00007f35b0095000 ConcurrentGCThread "G1 Refine#1" [stack: 0x00007f359443f000,0x00007f359453f000] [id=9449]
  0x00007f35b0096800 ConcurrentGCThread "G1 Refine#2" [stack: 0x00007f359433d000,0x00007f359443d000] [id=9450]
  0x00007f35b0098800 ConcurrentGCThread "G1 Refine#3" [stack: 0x00007f359423b000,0x00007f359433b000] [id=9451]
  0x00007f35b009a000 ConcurrentGCThread "G1 Young RemSet Sampling" [stack: 0x00007f3594139000,0x00007f3594239000] [id=9452]

Threads with active compile tasks:

VM state:at safepoint (normal execution)

VM Mutex/Monitor currently owned by a thread:  ([mutex/lock_event])
[0x00007f35b000e2a0] Threads_lock - owner thread: 0x00007f35b00fa000
[0x00007f35b000e840] Heap_lock - owner thread: 0x00007f35b0012000

Heap address: 0x00000000c7000000, size: 912 MB, Compressed Oops mode: 32-bit
Narrow klass base: 0x0000000000000000, Narrow klass shift: 3
Compressed class space size: 1073741824 Address: 0x0000000100000000

Heap:
 garbage-first heap   total 481280K, used 108544K [0x00000000c7000000, 0x0000000100000000)
  region size 1024K, 2 young (2048K), 2 survivors (2048K)
 Metaspace       used 3789K, capacity 4486K, committed 4864K, reserved 1056768K
  class space    used 322K, capacity 386K, committed 512K, reserved 1048576K
Heap Regions: E=young(eden), S=young(survivor), O=old, HS=humongous(starts), HC=humongous(continues), CS=collection set, F=free, A=archive, TS=gc time stamp, AC=allocation context, TAMS=top-at-mark-start (previous, next)
|   0|0x00000000c7000000, 0x00000000c7100000, 0x00000000c7100000|100%| O|  |TS  1|AC  0|TAMS 0x00000000c7000000, 0x00000000c7100000|
|   1|0x00000000c7100000, 0x00000000c7200000, 0x00000000c7200000|100%| O|  |TS  1|AC  0|TAMS 0x00000000c7100000, 0x00000000c7200000|
|   2|0x00000000c7200000, 0x00000000c7300000, 0x00000000c7300000|100%| O|  |TS  1|AC  0|TAMS 0x00000000c7200000, 0x00000000c7300000|
|   3|0x00000000c7300000, 0x00000000c7400000, 0x00000000c7400000|100%| O|  |TS  1|AC  0|TAMS 0x00000000c7300000, 0x00000000c7400000|
|   4|0x00000000c7400000, 0x00000000c7500000, 0x00000000c7500000|100%| O|  |TS  1|AC  0|TAMS 0x00000000c7400000, 0x00000000c7500000|
|   5|0x00000000c7500000, 0x00000000c7600000, 0x00000000c7600000|100%| O|  |TS  1|AC  0|TAMS 0x00000000c7500000, 0x00000000c7600000|
|   6|0x00000000c7600000, 0x00000000c7700000, 0x00000000c7700000|100%| O|  |TS  1|AC  0|TAMS 0x00000000c7600000, 0x00000000c7700000|
|   7|0x00000000c7700000, 0x00000000c7800000, 0x00000000c7800000|100%| O|  |TS  1|AC  0|TAMS 0x00000000c7700000, 0x00000000c7800000|
|   8|0x00000000c7800000, 0x00000000c7900000, 0x00000000c7900000|100%| O|  |TS  1|AC  0|TAMS 0x00000000c7800000, 0x00000000c7900000|
|   9|0x00000000c7900000, 0x00000000c7a00000, 0x00000000c7a00000|100%| O|  |TS  1|AC  0|TAMS 0x00000000c7900000, 0x00000000c7a00000|
|  10|0x00000000c7a00000, 0x00000000c7b00000, 0x00000000c7b00000|100%| O|  |TS  1|AC  0|TAMS 0x00000000c7a00000, 0x00000000c7b00000|
|  11|0x00000000c7b00000, 0x00000000c7c00000, 0x00000000c7c00000|100%| O|  |TS  2|AC  0|TAMS 0x00000000c7b00000, 0x00000000c7c00000|
|  12|0x00000000c7c00000, 0x00000000c7d00000, 0x00000000c7d00000|100%| O|  |TS  2|AC  0|TAMS 0x00000000c7c00000, 0x00000000c7d00000|
|  13|0x00000000c7d00000, 0x00000000c7e00000, 0x00000000c7e00000|100%| O|  |TS  2|AC  0|TAMS 0x00000000c7d00000, 0x00000000c7e00000|
|  14|0x00000000c7e00000, 0x00000000c7f00000, 0x00000000c7f00000|100%| O|  |TS  2|AC  0|TAMS 0x00000000c7e00000, 0x00000000c7f00000|
|  15|0x00000000c7f00000, 0x00000000c8000000, 0x00000000c8000000|100%| O|  |TS  2|AC  0|TAMS 0x00000000c7f00000, 0x00000000c8000000|
|  16|0x00000000c8000000, 0x00000000c8100000, 0x00000000c8100000|100%| O|  |TS  2|AC  0|TAMS 0x00000000c8000000, 0x00000000c8100000|
|  17|0x00000000c8100000, 0x00000000c8200000, 0x00000000c8200000|100%| O|  |TS  2|AC  0|TAMS 0x00000000c8100000, 0x00000000c8200000|
|  18|0x00000000c8200000, 0x00000000c8300000, 0x00000000c8300000|100%| O|  |TS  2|AC  0|TAMS 0x00000000c8200000, 0x00000000c8300000|
|  19|0x00000000c8300000, 0x00000000c8400000, 0x00000000c8400000|100%| O|  |TS  3|AC  0|TAMS 0x00000000c8300000, 0x00000000c8400000|
|  20|0x00000000c8400000, 0x00000000c8500000, 0x00000000c8500000|100%| O|  |TS  3|AC  0|TAMS 0x00000000c8400000, 0x00000000c8500000|
|  21|0x00000000c8500000, 0x00000000c8600000, 0x00000000c8600000|100%| O|  |TS  3|AC  0|TAMS 0x00000000c8500000, 0x00000000c8600000|
|  22|0x00000000c8600000, 0x00000000c8700000, 0x00000000c8700000|100%| O|  |TS  3|AC  0|TAMS 0x00000000c8600000, 0x00000000c8700000|
|  23|0x00000000c8700000, 0x00000000c8800000, 0x00000000c8800000|100%| O|  |TS  3|AC  0|TAMS 0x00000000c8700000, 0x00000000c8800000|
|  24|0x00000000c8800000, 0x00000000c8900000, 0x00000000c8900000|100%| O|  |TS  3|AC  0|TAMS 0x00000000c8800000, 0x00000000c8900000|
|  25|0x00000000c8900000, 0x00000000c8a00000, 0x00000000c8a00000|100%| O|  |TS  3|AC  0|TAMS 0x00000000c8900000, 0x00000000c8a00000|
|  26|0x00000000c8a00000, 0x00000000c8b00000, 0x00000000c8b00000|100%| O|  |TS  3|AC  0|TAMS 0x00000000c8a00000, 0x00000000c8b00000|
|  27|0x00000000c8b00000, 0x00000000c8c00000, 0x00000000c8c00000|100%| O|  |TS  3|AC  0|TAMS 0x00000000c8b00000, 0x00000000c8c00000|
|  28|0x00000000c8c00000, 0x00000000c8d00000, 0x00000000c8d00000|100%| O|  |TS  3|AC  0|TAMS 0x00000000c8c00000, 0x00000000c8d00000|
|  29|0x00000000c8d00000, 0x00000000c8e00000, 0x00000000c8e00000|100%| O|  |TS  4|AC  0|TAMS 0x00000000c8d00000, 0x00000000c8e00000|
|  30|0x00000000c8e00000, 0x00000000c8f00000, 0x00000000c8f00000|100%| O|  |TS  4|AC  0|TAMS 0x00000000c8e00000, 0x00000000c8f00000|
|  31|0x00000000c8f00000, 0x00000000c9000000, 0x00000000c9000000|100%| O|  |TS  4|AC  0|TAMS 0x00000000c8f00000, 0x00000000c9000000|
|  32|0x00000000c9000000, 0x00000000c9100000, 0x00000000c9100000|100%| O|  |TS  4|AC  0|TAMS 0x00000000c9000000, 0x00000000c9100000|
|  33|0x00000000c9100000, 0x00000000c9200000, 0x00000000c9200000|100%| O|  |TS  4|AC  0|TAMS 0x00000000c9100000, 0x00000000c9200000|
|  34|0x00000000c9200000, 0x00000000c9300000, 0x00000000c9300000|100%| O|  |TS  4|AC  0|TAMS 0x00000000c9200000, 0x00000000c9300000|
|  35|0x00000000c9300000, 0x00000000c9400000, 0x00000000c9400000|100%| O|  |TS  4|AC  0|TAMS 0x00000000c9300000, 0x00000000c9400000|
|  36|0x00000000c9400000, 0x00000000c9500000, 0x00000000c9500000|100%| O|  |TS  5|AC  0|TAMS 0x00000000c9400000, 0x00000000c94dfe00|
|  37|0x00000000c9500000, 0x00000000c9600000, 0x00000000c9600000|100%| O|  |TS  5|AC  0|TAMS 0x00000000c9500000, 0x00000000c9500000|
|  38|0x00000000c9600000, 0x00000000c9700000, 0x00000000c9700000|100%| O|  |TS  5|AC  0|TAMS 0x00000000c9600000, 0x00000000c9600000|
|  39|0x00000000c9700000, 0x00000000c9800000, 0x00000000c9800000|100%| O|  |TS  5|AC  0|TAMS 0x00000000c9700000, 0x00000000c9700000|
|  40|0x00000000c9800000, 0x00000000c9900000, 0x00000000c9900000|100%| O|  |TS  5|AC  0|TAMS 0x00000000c9800000, 0x00000000c9800000|
|  41|0x00000000c9900000, 0x00000000c9a00000, 0x00000000c9a00000|100%| O|  |TS  6|AC  0|TAMS 0x00000000c9900000, 0x00000000c9900000|
|  42|0x00000000c9a00000, 0x00000000c9b00000, 0x00000000c9b00000|100%| O|  |TS  6|AC  0|TAMS 0x00000000c9a00000, 0x00000000c9a00000|
|  43|0x00000000c9b00000, 0x00000000c9c00000, 0x00000000c9c00000|100%| O|  |TS  6|AC  0|TAMS 0x00000000c9b00000, 0x00000000c9b00000|
|  44|0x00000000c9c00000, 0x00000000c9d00000, 0x00000000c9d00000|100%| O|  |TS  6|AC  0|TAMS 0x00000000c9c00000, 0x00000000c9c00000|
|  45|0x00000000c9d00000, 0x00000000c9e00000, 0x00000000c9e00000|100%| O|  |TS  6|AC  0|TAMS 0x00000000c9d00000, 0x00000000c9d00000|
|  46|0x00000000c9e00000, 0x00000000c9f00000, 0x00000000c9f00000|100%| O|  |TS  6|AC  0|TAMS 0x00000000c9e00000, 0x00000000c9e00000|
|  47|0x00000000c9f00000, 0x00000000ca000000, 0x00000000ca000000|100%| O|  |TS  6|AC  0|TAMS 0x00000000c9f00000, 0x00000000c9f00000|
|  48|0x00000000ca000000, 0x00000000ca100000, 0x00000000ca100000|100%| O|  |TS  6|AC  0|TAMS 0x00000000ca000000, 0x00000000ca000000|
|  49|0x00000000ca100000, 0x00000000ca200000, 0x00000000ca200000|100%| O|  |TS  6|AC  0|TAMS 0x00000000ca100000, 0x00000000ca100000|
|  50|0x00000000ca200000, 0x00000000ca300000, 0x00000000ca300000|100%| O|  |TS  6|AC  0|TAMS 0x00000000ca200000, 0x00000000ca200000|
|  51|0x00000000ca300000, 0x00000000ca400000, 0x00000000ca400000|100%| O|  |TS  6|AC  0|TAMS 0x00000000ca300000, 0x00000000ca300000|
|  52|0x00000000ca400000, 0x00000000ca500000, 0x00000000ca500000|100%| O|  |TS  6|AC  0|TAMS 0x00000000ca400000, 0x00000000ca400000|
|  53|0x00000000ca500000, 0x00000000ca600000, 0x00000000ca600000|100%| O|  |TS  7|AC  0|TAMS 0x00000000ca500000, 0x00000000ca500000|
|  54|0x00000000ca600000, 0x00000000ca700000, 0x00000000ca700000|100%| O|  |TS  6|AC  0|TAMS 0x00000000ca600000, 0x00000000ca600000|
|  55|0x00000000ca700000, 0x00000000ca800000, 0x00000000ca800000|100%| O|  |TS  6|AC  0|TAMS 0x00000000ca700000, 0x00000000ca700000|
|  56|0x00000000ca800000, 0x00000000ca900000, 0x00000000ca900000|100%| O|  |TS  6|AC  0|TAMS 0x00000000ca800000, 0x00000000ca800000|
|  57|0x00000000ca900000, 0x00000000caa00000, 0x00000000caa00000|100%| O|  |TS  6|AC  0|TAMS 0x00000000ca900000, 0x00000000ca900000|
|  58|0x00000000caa00000, 0x00000000cab00000, 0x00000000cab00000|100%| O|  |TS  6|AC  0|TAMS 0x00000000caa00000, 0x00000000caa00000|
|  59|0x00000000cab00000, 0x00000000cac00000, 0x00000000cac00000|100%| O|  |TS  6|AC  0|TAMS 0x00000000cab00000, 0x00000000cab00000|
|  60|0x00000000cac00000, 0x00000000cad00000, 0x00000000cad00000|100%| O|  |TS  6|AC  0|TAMS 0x00000000cac00000, 0x00000000cac00000|
|  61|0x00000000cad00000, 0x00000000cae00000, 0x00000000cae00000|100%| O|  |TS  7|AC  0|TAMS 0x00000000cad00000, 0x00000000cad00000|
|  62|0x00000000cae00000, 0x00000000caf00000, 0x00000000caf00000|100%| O|  |TS  7|AC  0|TAMS 0x00000000cae00000, 0x00000000cae00000|
|  63|0x00000000caf00000, 0x00000000cb000000, 0x00000000cb000000|100%| O|  |TS  7|AC  0|TAMS 0x00000000caf00000, 0x00000000caf00000|
|  64|0x00000000cb000000, 0x00000000cb100000, 0x00000000cb100000|100%| O|  |TS  7|AC  0|TAMS 0x00000000cb000000, 0x00000000cb000000|
|  65|0x00000000cb100000, 0x00000000cb200000, 0x00000000cb200000|100%| O|  |TS  7|AC  0|TAMS 0x00000000cb100000, 0x00000000cb100000|
|  66|0x00000000cb200000, 0x00000000cb300000, 0x00000000cb300000|100%| O|  |TS  7|AC  0|TAMS 0x00000000cb200000, 0x00000000cb200000|
|  67|0x00000000cb300000, 0x00000000cb400000, 0x00000000cb400000|100%| O|  |TS  7|AC  0|TAMS 0x00000000cb300000, 0x00000000cb300000|
|  68|0x00000000cb400000, 0x00000000cb500000, 0x00000000cb500000|100%| O|  |TS  7|AC  0|TAMS 0x00000000cb400000, 0x00000000cb400000|
|  69|0x00000000cb500000, 0x00000000cb600000, 0x00000000cb600000|100%| O|  |TS  7|AC  0|TAMS 0x00000000cb500000, 0x00000000cb500000|
|  70|0x00000000cb600000, 0x00000000cb700000, 0x00000000cb700000|100%| O|  |TS  7|AC  0|TAMS 0x00000000cb600000, 0x00000000cb600000|
|  71|0x00000000cb700000, 0x00000000cb800000, 0x00000000cb800000|100%| O|  |TS  7|AC  0|TAMS 0x00000000cb700000, 0x00000000cb700000|
|  72|0x00000000cb800000, 0x00000000cb900000, 0x00000000cb900000|100%| O|  |TS  7|AC  0|TAMS 0x00000000cb800000, 0x00000000cb800000|
|  73|0x00000000cb900000, 0x00000000cba00000, 0x00000000cba00000|100%| O|  |TS  7|AC  0|TAMS 0x00000000cb900000, 0x00000000cb900000|
|  74|0x00000000cba00000, 0x00000000cbb00000, 0x00000000cbb00000|100%| O|  |TS  7|AC  0|TAMS 0x00000000cba00000, 0x00000000cba00000|
|  75|0x00000000cbb00000, 0x00000000cbc00000, 0x00000000cbc00000|100%| O|  |TS  7|AC  0|TAMS 0x00000000cbb00000, 0x00000000cbb00000|
|  76|0x00000000cbc00000, 0x00000000cbd00000, 0x00000000cbd00000|100%| O|  |TS  7|AC  0|TAMS 0x00000000cbc00000, 0x00000000cbc00000|
|  77|0x00000000cbd00000, 0x00000000cbe00000, 0x00000000cbe00000|100%| O|  |TS  7|AC  0|TAMS 0x00000000cbd00000, 0x00000000cbd00000|
|  78|0x00000000cbe00000, 0x00000000cbf00000, 0x00000000cbf00000|100%| O|  |TS  7|AC  0|TAMS 0x00000000cbe00000, 0x00000000cbe00000|
|  79|0x00000000cbf00000, 0x00000000cc000000, 0x00000000cc000000|100%| O|  |TS  7|AC  0|TAMS 0x00000000cbf00000, 0x00000000cbf00000|
|  80|0x00000000cc000000, 0x00000000cc100000, 0x00000000cc100000|100%| O|  |TS  8|AC  0|TAMS 0x00000000cc000000, 0x00000000cc000000|
|  81|0x00000000cc100000, 0x00000000cc200000, 0x00000000cc200000|100%| O|  |TS  8|AC  0|TAMS 0x00000000cc100000, 0x00000000cc100000|
|  82|0x00000000cc200000, 0x00000000cc300000, 0x00000000cc300000|100%| O|  |TS  8|AC  0|TAMS 0x00000000cc200000, 0x00000000cc200000|
|  83|0x00000000cc300000, 0x00000000cc400000, 0x00000000cc400000|100%| O|  |TS  8|AC  0|TAMS 0x00000000cc300000, 0x00000000cc300000|
|  84|0x00000000cc400000, 0x00000000cc500000, 0x00000000cc500000|100%| O|  |TS  8|AC  0|TAMS 0x00000000cc400000, 0x00000000cc400000|
|  85|0x00000000cc500000, 0x00000000cc600000, 0x00000000cc600000|100%| O|  |TS  8|AC  0|TAMS 0x00000000cc500000, 0x00000000cc500000|
|  86|0x00000000cc600000, 0x00000000cc700000, 0x00000000cc700000|100%| O|  |TS  8|AC  0|TAMS 0x00000000cc600000, 0x00000000cc600000|
|  87|0x00000000cc700000, 0x00000000cc800000, 0x00000000cc800000|100%| O|  |TS  8|AC  0|TAMS 0x00000000cc700000, 0x00000000cc700000|
|  88|0x00000000cc800000, 0x00000000cc900000, 0x00000000cc900000|100%| O|  |TS  8|AC  0|TAMS 0x00000000cc800000, 0x00000000cc800000|
|  89|0x00000000cc900000, 0x00000000cca00000, 0x00000000cca00000|100%| O|  |TS  8|AC  0|TAMS 0x00000000cc900000, 0x00000000cc900000|
|  90|0x00000000cca00000, 0x00000000ccb00000, 0x00000000ccb00000|100%| O|  |TS  8|AC  0|TAMS 0x00000000cca00000, 0x00000000cca00000|
|  91|0x00000000ccb00000, 0x00000000ccc00000, 0x00000000ccc00000|100%| O|  |TS  8|AC  0|TAMS 0x00000000ccb00000, 0x00000000ccb00000|
|  92|0x00000000ccc00000, 0x00000000ccd00000, 0x00000000ccd00000|100%| O|  |TS  8|AC  0|TAMS 0x00000000ccc00000, 0x00000000ccc00000|
|  93|0x00000000ccd00000, 0x00000000cce00000, 0x00000000cce00000|100%| O|  |TS  9|AC  0|TAMS 0x00000000ccd00000, 0x00000000ccd00000|
|  94|0x00000000cce00000, 0x00000000ccf00000, 0x00000000ccf00000|100%| O|  |TS  9|AC  0|TAMS 0x00000000cce00000, 0x00000000cce00000|
|  95|0x00000000ccf00000, 0x00000000cd000000, 0x00000000cd000000|100%| O|  |TS  9|AC  0|TAMS 0x00000000ccf00000, 0x00000000ccf00000|
|  96|0x00000000cd000000, 0x00000000cd100000, 0x00000000cd100000|100%| O|  |TS  9|AC  0|TAMS 0x00000000cd000000, 0x00000000cd000000|
|  97|0x00000000cd100000, 0x00000000cd200000, 0x00000000cd200000|100%| O|  |TS  9|AC  0|TAMS 0x00000000cd100000, 0x00000000cd100000|
|  98|0x00000000cd200000, 0x00000000cd300000, 0x00000000cd300000|100%| O|  |TS  9|AC  0|TAMS 0x00000000cd200000, 0x00000000cd200000|
|  99|0x00000000cd300000, 0x00000000cd400000, 0x00000000cd400000|100%| O|  |TS  9|AC  0|TAMS 0x00000000cd300000, 0x00000000cd300000|
| 100|0x00000000cd400000, 0x00000000cd500000, 0x00000000cd500000|100%| O|  |TS  9|AC  0|TAMS 0x00000000cd400000, 0x00000000cd400000|
| 101|0x00000000cd500000, 0x00000000cd600000, 0x00000000cd600000|100%| O|  |TS  9|AC  0|TAMS 0x00000000cd500000, 0x00000000cd500000|
| 102|0x00000000cd600000, 0x00000000cd700000, 0x00000000cd700000|100%| O|  |TS  9|AC  0|TAMS 0x00000000cd600000, 0x00000000cd600000|
| 103|0x00000000cd700000, 0x00000000cd800000, 0x00000000cd800000|100%| O|  |TS  9|AC  0|TAMS 0x00000000cd700000, 0x00000000cd700000|
| 104|0x00000000cd800000, 0x00000000cd800000, 0x00000000cd900000|  0%| F|  |TS  5|AC  0|TAMS 0x00000000cd800000, 0x00000000cd800000|
| 105|0x00000000cd900000, 0x00000000cd900000, 0x00000000cda00000|  0%| F|  |TS  5|AC  0|TAMS 0x00000000cd900000, 0x00000000cd900000|
| 106|0x00000000cda00000, 0x00000000cda00000, 0x00000000cdb00000|  0%| F|  |TS  5|AC  0|TAMS 0x00000000cda00000, 0x00000000cda00000|
| 107|0x00000000cdb00000, 0x00000000cdb00000, 0x00000000cdc00000|  0%| F|  |TS  5|AC  0|TAMS 0x00000000cdb00000, 0x00000000cdb00000|
| 108|0x00000000cdc00000, 0x00000000cdc00000, 0x00000000cdd00000|  0%| F|  |TS  5|AC  0|TAMS 0x00000000cdc00000, 0x00000000cdc00000|
| 109|0x00000000cdd00000, 0x00000000cdd00000, 0x00000000cde00000|  0%| F|  |TS  5|AC  0|TAMS 0x00000000cdd00000, 0x00000000cdd00000|
| 110|0x00000000cde00000, 0x00000000cde00000, 0x00000000cdf00000|  0%| F|  |TS  5|AC  0|TAMS 0x00000000cde00000, 0x00000000cde00000|
| 111|0x00000000cdf00000, 0x00000000cdf00000, 0x00000000ce000000|  0%| F|  |TS  5|AC  0|TAMS 0x00000000cdf00000, 0x00000000cdf00000|
| 112|0x00000000ce000000, 0x00000000ce000000, 0x00000000ce100000|  0%| F|  |TS  5|AC  0|TAMS 0x00000000ce000000, 0x00000000ce000000|
| 113|0x00000000ce100000, 0x00000000ce100000, 0x00000000ce200000|  0%| F|  |TS  5|AC  0|TAMS 0x00000000ce100000, 0x00000000ce100000|
| 114|0x00000000ce200000, 0x00000000ce200000, 0x00000000ce300000|  0%| F|  |TS  5|AC  0|TAMS 0x00000000ce200000, 0x00000000ce200000|
| 115|0x00000000ce300000, 0x00000000ce300000, 0x00000000ce400000|  0%| F|  |TS  5|AC  0|TAMS 0x00000000ce300000, 0x00000000ce300000|
| 116|0x00000000ce400000, 0x00000000ce400000, 0x00000000ce500000|  0%| F|  |TS  5|AC  0|TAMS 0x00000000ce400000, 0x00000000ce400000|
| 117|0x00000000ce500000, 0x00000000ce500000, 0x00000000ce600000|  0%| F|  |TS  5|AC  0|TAMS 0x00000000ce500000, 0x00000000ce500000|
| 118|0x00000000ce600000, 0x00000000ce600000, 0x00000000ce700000|  0%| F|  |TS  5|AC  0|TAMS 0x00000000ce600000, 0x00000000ce600000|
| 119|0x00000000ce700000, 0x00000000ce700000, 0x00000000ce800000|  0%| F|  |TS  5|AC  0|TAMS 0x00000000ce700000, 0x00000000ce700000|
| 120|0x00000000ce800000, 0x00000000ce800000, 0x00000000ce900000|  0%| F|  |TS  5|AC  0|TAMS 0x00000000ce800000, 0x00000000ce800000|
| 121|0x00000000ce900000, 0x00000000ce900000, 0x00000000cea00000|  0%| F|  |TS  5|AC  0|TAMS 0x00000000ce900000, 0x00000000ce900000|
| 122|0x00000000cea00000, 0x00000000cea00000, 0x00000000ceb00000|  0%| F|  |TS  5|AC  0|TAMS 0x00000000cea00000, 0x00000000cea00000|
| 123|0x00000000ceb00000, 0x00000000ceb00000, 0x00000000cec00000|  0%| F|  |TS  5|AC  0|TAMS 0x00000000ceb00000, 0x00000000ceb00000|
| 124|0x00000000cec00000, 0x00000000cec00000, 0x00000000ced00000|  0%| F|  |TS  5|AC  0|TAMS 0x00000000cec00000, 0x00000000cec00000|
| 125|0x00000000ced00000, 0x00000000ced00000, 0x00000000cee00000|  0%| F|  |TS  5|AC  0|TAMS 0x00000000ced00000, 0x00000000ced00000|
| 126|0x00000000cee00000, 0x00000000cee00000, 0x00000000cef00000|  0%| F|  |TS  5|AC  0|TAMS 0x00000000cee00000, 0x00000000cee00000|
| 127|0x00000000cef00000, 0x00000000cef00000, 0x00000000cf000000|  0%| F|  |TS  5|AC  0|TAMS 0x00000000cef00000, 0x00000000cef00000|
| 128|0x00000000cf000000, 0x00000000cf000000, 0x00000000cf100000|  0%| F|  |TS  5|AC  0|TAMS 0x00000000cf000000, 0x00000000cf000000|
| 129|0x00000000cf100000, 0x00000000cf100000, 0x00000000cf200000|  0%| F|  |TS  5|AC  0|TAMS 0x00000000cf100000, 0x00000000cf100000|
| 130|0x00000000cf200000, 0x00000000cf200000, 0x00000000cf300000|  0%| F|  |TS  5|AC  0|TAMS 0x00000000cf200000, 0x00000000cf200000|
| 131|0x00000000cf300000, 0x00000000cf300000, 0x00000000cf400000|  0%| F|  |TS  5|AC  0|TAMS 0x00000000cf300000, 0x00000000cf300000|
| 132|0x00000000cf400000, 0x00000000cf400000, 0x00000000cf500000|  0%| F|  |TS  5|AC  0|TAMS 0x00000000cf400000, 0x00000000cf400000|
| 133|0x00000000cf500000, 0x00000000cf500000, 0x00000000cf600000|  0%| F|  |TS  5|AC  0|TAMS 0x00000000cf500000, 0x00000000cf500000|
| 134|0x00000000cf600000, 0x00000000cf600000, 0x00000000cf700000|  0%| F|  |TS  5|AC  0|TAMS 0x00000000cf600000, 0x00000000cf600000|
| 135|0x00000000cf700000, 0x00000000cf700000, 0x00000000cf800000|  0%| F|  |TS  5|AC  0|TAMS 0x00000000cf700000, 0x00000000cf700000|
| 136|0x00000000cf800000, 0x00000000cf800000, 0x00000000cf900000|  0%| F|  |TS  5|AC  0|TAMS 0x00000000cf800000, 0x00000000cf800000|
| 137|0x00000000cf900000, 0x00000000cf900000, 0x00000000cfa00000|  0%| F|  |TS  5|AC  0|TAMS 0x00000000cf900000, 0x00000000cf900000|
| 138|0x00000000cfa00000, 0x00000000cfa00000, 0x00000000cfb00000|  0%| F|  |TS  5|AC  0|TAMS 0x00000000cfa00000, 0x00000000cfa00000|
| 139|0x00000000cfb00000, 0x00000000cfb00000, 0x00000000cfc00000|  0%| F|  |TS  5|AC  0|TAMS 0x00000000cfb00000, 0x00000000cfb00000|
| 140|0x00000000cfc00000, 0x00000000cfc00000, 0x00000000cfd00000|  0%| F|  |TS  5|AC  0|TAMS 0x00000000cfc00000, 0x00000000cfc00000|
| 141|0x00000000cfd00000, 0x00000000cfd00000, 0x00000000cfe00000|  0%| F|  |TS  5|AC  0|TAMS 0x00000000cfd00000, 0x00000000cfd00000|
| 142|0x00000000cfe00000, 0x00000000cfe00000, 0x00000000cff00000|  0%| F|  |TS  5|AC  0|TAMS 0x00000000cfe00000, 0x00000000cfe00000|
| 143|0x00000000cff00000, 0x00000000cff00000, 0x00000000d0000000|  0%| F|  |TS  5|AC  0|TAMS 0x00000000cff00000, 0x00000000cff00000|
| 144|0x00000000d0000000, 0x00000000d0000000, 0x00000000d0100000|  0%| F|  |TS  5|AC  0|TAMS 0x00000000d0000000, 0x00000000d0000000|
| 145|0x00000000d0100000, 0x00000000d0100000, 0x00000000d0200000|  0%| F|  |TS  5|AC  0|TAMS 0x00000000d0100000, 0x00000000d0100000|
| 146|0x00000000d0200000, 0x00000000d0200000, 0x00000000d0300000|  0%| F|  |TS  5|AC  0|TAMS 0x00000000d0200000, 0x00000000d0200000|
| 147|0x00000000d0300000, 0x00000000d0300000, 0x00000000d0400000|  0%| F|  |TS  5|AC  0|TAMS 0x00000000d0300000, 0x00000000d0300000|
| 148|0x00000000d0400000, 0x00000000d0400000, 0x00000000d0500000|  0%| F|  |TS  5|AC  0|TAMS 0x00000000d0400000, 0x00000000d0400000|
| 149|0x00000000d0500000, 0x00000000d0500000, 0x00000000d0600000|  0%| F|  |TS  8|AC  0|TAMS 0x00000000d0500000, 0x00000000d0500000|
| 150|0x00000000d0600000, 0x00000000d0600000, 0x00000000d0700000|  0%| F|  |TS  8|AC  0|TAMS 0x00000000d0600000, 0x00000000d0600000|
| 151|0x00000000d0700000, 0x00000000d0700000, 0x00000000d0800000|  0%| F|  |TS  7|AC  0|TAMS 0x00000000d0700000, 0x00000000d0700000|
| 152|0x00000000d0800000, 0x00000000d0800000, 0x00000000d0900000|  0%| F|  |TS  7|AC  0|TAMS 0x00000000d0800000, 0x00000000d0800000|
| 153|0x00000000d0900000, 0x00000000d0900000, 0x00000000d0a00000|  0%| F|  |TS  7|AC  0|TAMS 0x00000000d0900000, 0x00000000d0900000|
| 154|0x00000000d0a00000, 0x00000000d0a00000, 0x00000000d0b00000|  0%| F|  |TS  8|AC  0|TAMS 0x00000000d0a00000, 0x00000000d0a00000|
| 155|0x00000000d0b00000, 0x00000000d0b00000, 0x00000000d0c00000|  0%| F|  |TS  7|AC  0|TAMS 0x00000000d0b00000, 0x00000000d0b00000|
| 156|0x00000000d0c00000, 0x00000000d0c00000, 0x00000000d0d00000|  0%| F|  |TS  7|AC  0|TAMS 0x00000000d0c00000, 0x00000000d0c00000|
| 157|0x00000000d0d00000, 0x00000000d0d00000, 0x00000000d0e00000|  0%| F|  |TS  7|AC  0|TAMS 0x00000000d0d00000, 0x00000000d0d00000|
| 158|0x00000000d0e00000, 0x00000000d0e00000, 0x00000000d0f00000|  0%| F|  |TS  7|AC  0|TAMS 0x00000000d0e00000, 0x00000000d0e00000|
| 159|0x00000000d0f00000, 0x00000000d0f00000, 0x00000000d1000000|  0%| F|  |TS  7|AC  0|TAMS 0x00000000d0f00000, 0x00000000d0f00000|
| 160|0x00000000d1000000, 0x00000000d1100000, 0x00000000d1100000|100%| S|CS|TS  9|AC  0|TAMS 0x00000000d1000000, 0x00000000d1000000|
| 161|0x00000000d1100000, 0x00000000d1100000, 0x00000000d1200000|  0%| F|  |TS  9|AC  0|TAMS 0x00000000d1100000, 0x00000000d1100000|
| 162|0x00000000d1200000, 0x00000000d1200000, 0x00000000d1300000|  0%| F|  |TS  9|AC  0|TAMS 0x00000000d1200000, 0x00000000d1200000|
| 163|0x00000000d1300000, 0x00000000d1400000, 0x00000000d1400000|100%| S|CS|TS  9|AC  0|TAMS 0x00000000d1300000, 0x00000000d1300000|
| 164|0x00000000d1400000, 0x00000000d1400000, 0x00000000d1500000|  0%| F|  |TS  9|AC  0|TAMS 0x00000000d1400000, 0x00000000d1400000|
| 165|0x00000000d1500000, 0x00000000d1500000, 0x00000000d1600000|  0%| F|  |TS  9|AC  0|TAMS 0x00000000d1500000, 0x00000000d1500000|
| 166|0x00000000d1600000, 0x00000000d1600000, 0x00000000d1700000|  0%| F|  |TS  9|AC  0|TAMS 0x00000000d1600000, 0x00000000d1600000|
| 167|0x00000000d1700000, 0x00000000d1700000, 0x00000000d1800000|  0%| F|  |TS  9|AC  0|TAMS 0x00000000d1700000, 0x00000000d1700000|
| 168|0x00000000d1800000, 0x00000000d1800000, 0x00000000d1900000|  0%| F|  |TS  9|AC  0|TAMS 0x00000000d1800000, 0x00000000d1800000|
| 169|0x00000000d1900000, 0x00000000d1900000, 0x00000000d1a00000|  0%| F|  |TS  9|AC  0|TAMS 0x00000000d1900000, 0x00000000d1900000|
| 170|0x00000000d1a00000, 0x00000000d1a00000, 0x00000000d1b00000|  0%| F|  |TS  9|AC  0|TAMS 0x00000000d1a00000, 0x00000000d1a00000|
| 171|0x00000000d1b00000, 0x00000000d1b00000, 0x00000000d1c00000|  0%| F|  |TS  9|AC  0|TAMS 0x00000000d1b00000, 0x00000000d1b00000|
| 172|0x00000000d1c00000, 0x00000000d1c00000, 0x00000000d1d00000|  0%| F|  |TS  9|AC  0|TAMS 0x00000000d1c00000, 0x00000000d1c00000|
| 173|0x00000000d1d00000, 0x00000000d1d00000, 0x00000000d1e00000|  0%| F|  |TS  9|AC  0|TAMS 0x00000000d1d00000, 0x00000000d1d00000|

Card table byte_map: [0x00007f3596a91000,0x00007f3596c59000] byte_map_base: 0x00007f3596459000

Marking Bits (Prev, Next): (CMBitMap*) 0x00007f35b0060b10, (CMBitMap*) 0x00007f35b0060b48
 Prev Bits: [0x00007f3595a89000, 0x00007f35968c9000)
 Next Bits: [0x00007f3594c49000, 0x00007f3595a89000)

Polling page: 0x00007f35b7a3d000

CodeHeap 'non-profiled nmethods': size=120032Kb used=29Kb max_used=29Kb free=120002Kb
 bounds [0x00007f359f1e0000, 0x00007f359f450000, 0x00007f35a6718000]
CodeHeap 'profiled nmethods': size=120032Kb used=115Kb max_used=115Kb free=119916Kb
 bounds [0x00007f3597ca8000, 0x00007f3597f18000, 0x00007f359f1e0000]
CodeHeap 'non-nmethods': size=5696Kb used=983Kb max_used=995Kb free=4712Kb
 bounds [0x00007f3597718000, 0x00007f3597988000, 0x00007f3597ca8000]
 total_blobs=401 nmethods=94 adapters=156
 compilation: enabled

Compilation events (10 events):
Event: 0.139 Thread 0x00007f35b011b800 nmethod 91 0x00007f359f1e5a90 code [0x00007f359f1e5c40, 0x00007f359f1e5d18]
Event: 0.139 Thread 0x00007f35b011b800   92       4       java.util.LinkedList::linkLast (59 bytes)
Event: 0.145 Thread 0x00007f35b0119800 nmethod 90 0x00007f359f1e5e10 code [0x00007f359f1e5fc0, 0x00007f359f1e6458]
Event: 0.146 Thread 0x00007f35b011b800 nmethod 92 0x00007f359f1e6510 code [0x00007f359f1e66c0, 0x00007f359f1e6b78]
Event: 0.146 Thread 0x00007f35b011d800   93 %     3       com.vietjack.HelloWorld::main @ 23 (72 bytes)
Event: 0.147 Thread 0x00007f35b011d800 nmethod 93% 0x00007f3597cc2d90 code [0x00007f3597cc3000, 0x00007f3597cc3988]
Event: 0.147 Thread 0x00007f35b011d800   94       3       com.vietjack.HelloWorld::main (72 bytes)
Event: 0.147 Thread 0x00007f35b011d800 nmethod 94 0x00007f3597cc3e10 code [0x00007f3597cc4080, 0x00007f3597cc4948]
Event: 0.149 Thread 0x00007f35b0119800   95 %     4       com.vietjack.HelloWorld::main @ 23 (72 bytes)
Event: 0.159 Thread 0x00007f35b0119800 nmethod 95% 0x00007f359f1e6c90 code [0x00007f359f1e6e40, 0x00007f359f1e7378]

GC Heap History (10 events):
Event: 0.387 GC heap after
{Heap after GC invocations=4 (full 0):
 garbage-first heap   total 59392K, used 38783K [0x00000000c7000000, 0x0000000100000000)
  region size 1024K, 1 young (1024K), 1 survivors (1024K)
 Metaspace       used 3789K, capacity 4486K, committed 4864K, reserved 1056768K
  class space    used 322K, capacity 386K, committed 512K, reserved 1048576K
}
Event: 0.392 GC heap before
{Heap before GC invocations=4 (full 0):
 garbage-first heap   total 59392K, used 42879K [0x00000000c7000000, 0x0000000100000000)
  region size 1024K, 5 young (5120K), 1 survivors (1024K)
 Metaspace       used 3789K, capacity 4486K, committed 4864K, reserved 1056768K
  class space    used 322K, capacity 386K, committed 512K, reserved 1048576K
}
Event: 0.423 GC heap after
{Heap after GC invocations=5 (full 0):
 garbage-first heap   total 178176K, used 43767K [0x00000000c7000000, 0x0000000100000000)
  region size 1024K, 1 young (1024K), 1 survivors (1024K)
 Metaspace       used 3789K, capacity 4486K, committed 4864K, reserved 1056768K
  class space    used 322K, capacity 386K, committed 512K, reserved 1048576K
}
Event: 0.452 GC heap before
{Heap before GC invocations=5 (full 0):
 garbage-first heap   total 178176K, used 64247K [0x00000000c7000000, 0x0000000100000000)
  region size 1024K, 21 young (21504K), 1 survivors (1024K)
 Metaspace       used 3789K, capacity 4486K, committed 4864K, reserved 1056768K
  class space    used 322K, capacity 386K, committed 512K, reserved 1048576K
}
Event: 0.547 GC heap after
{Heap after GC invocations=6 (full 0):
 garbage-first heap   total 178176K, used 64759K [0x00000000c7000000, 0x0000000100000000)
  region size 1024K, 3 young (3072K), 3 survivors (3072K)
 Metaspace       used 3789K, capacity 4486K, committed 4864K, reserved 1056768K
  class space    used 322K, capacity 386K, committed 512K, reserved 1048576K
}
Event: 0.571 GC heap before
{Heap before GC invocations=6 (full 0):
 garbage-first heap   total 178176K, used 84215K [0x00000000c7000000, 0x0000000100000000)
  region size 1024K, 22 young (22528K), 3 survivors (3072K)
 Metaspace       used 3789K, capacity 4486K, committed 4864K, reserved 1056768K
  class space    used 322K, capacity 386K, committed 512K, reserved 1048576K
}
Event: 1.310 GC heap after
{Heap after GC invocations=7 (full 0):
 garbage-first heap   total 178176K, used 85504K [0x00000000c7000000, 0x0000000100000000)
  region size 1024K, 3 young (3072K), 3 survivors (3072K)
 Metaspace       used 3789K, capacity 4486K, committed 4864K, reserved 1056768K
  class space    used 322K, capacity 386K, committed 512K, reserved 1048576K
}
Event: 1.320 GC heap before
{Heap before GC invocations=7 (full 0):
 garbage-first heap   total 178176K, used 96768K [0x00000000c7000000, 0x0000000100000000)
  region size 1024K, 14 young (14336K), 3 survivors (3072K)
 Metaspace       used 3789K, capacity 4486K, committed 4864K, reserved 1056768K
  class space    used 322K, capacity 386K, committed 512K, reserved 1048576K
}
Event: 1.695 GC heap after
{Heap after GC invocations=8 (full 0):
 garbage-first heap   total 178176K, used 97792K [0x00000000c7000000, 0x0000000100000000)
  region size 1024K, 2 young (2048K), 2 survivors (2048K)
 Metaspace       used 3789K, capacity 4486K, committed 4864K, reserved 1056768K
  class space    used 322K, capacity 386K, committed 512K, reserved 1048576K
}
Event: 1.703 GC heap before
{Heap before GC invocations=8 (full 0):
 garbage-first heap   total 178176K, used 108032K [0x00000000c7000000, 0x0000000100000000)
  region size 1024K, 12 young (12288K), 2 survivors (2048K)
 Metaspace       used 3789K, capacity 4486K, committed 4864K, reserved 1056768K
  class space    used 322K, capacity 386K, committed 512K, reserved 1048576K
}

Deoptimization events (1 events):
Event: 0.119 Thread 0x00007f35b0012000 Uncommon trap: reason=unstable_if action=reinterpret pc=0x00007f359f1e5170 method=java.lang.String.hashCode()I @ 14 c2

Classes redefined (0 events):
No events

Internal exceptions (0 events):
No events

Events (10 events):
Event: 0.387 Executing VM operation: G1IncCollectionPause done
Event: 0.392 Executing VM operation: G1IncCollectionPause
Event: 0.423 Executing VM operation: G1IncCollectionPause done
Event: 0.452 Executing VM operation: G1IncCollectionPause
Event: 0.547 Executing VM operation: G1IncCollectionPause done
Event: 0.571 Executing VM operation: G1IncCollectionPause
Event: 1.310 Executing VM operation: G1IncCollectionPause done
Event: 1.320 Executing VM operation: G1IncCollectionPause
Event: 1.695 Executing VM operation: G1IncCollectionPause done
Event: 1.703 Executing VM operation: G1IncCollectionPause


Dynamic libraries:
c7000000-d1e00000 rw-p 00000000 00:00 0 
e4600000-100000000 ---p 00000000 00:00 0 
100000000-100080000 rw-p 00000000 00:00 0 
100080000-140000000 ---p 00000000 00:00 0 
55ea563dc000-55ea563dd000 r-xp 00000000 08:01 1704150                    /usr/lib/jvm/java-11-openjdk-amd64/bin/java
55ea565dd000-55ea565de000 r--p 00001000 08:01 1704150                    /usr/lib/jvm/java-11-openjdk-amd64/bin/java
55ea565de000-55ea565df000 rw-p 00002000 08:01 1704150                    /usr/lib/jvm/java-11-openjdk-amd64/bin/java
55ea56d6a000-55ea56d8b000 rw-p 00000000 00:00 0                          [heap]
7f3534000000-7f3534021000 rw-p 00000000 00:00 0 
7f3534021000-7f3538000000 ---p 00000000 00:00 0 
7f353bbd6000-7f353bbed000 r-xp 00000000 08:01 1719370                    /usr/lib/jvm/java-11-openjdk-amd64/lib/libnet.so
7f353bbed000-7f353bdec000 ---p 00017000 08:01 1719370                    /usr/lib/jvm/java-11-openjdk-amd64/lib/libnet.so
7f353bdec000-7f353bded000 r--p 00016000 08:01 1719370                    /usr/lib/jvm/java-11-openjdk-amd64/lib/libnet.so
7f353bded000-7f353bdee000 rw-p 00017000 08:01 1719370                    /usr/lib/jvm/java-11-openjdk-amd64/lib/libnet.so
7f353bdee000-7f353bdff000 r-xp 00000000 08:01 1719373                    /usr/lib/jvm/java-11-openjdk-amd64/lib/libnio.so
7f353bdff000-7f353bffe000 ---p 00011000 08:01 1719373                    /usr/lib/jvm/java-11-openjdk-amd64/lib/libnio.so
7f353bffe000-7f353bfff000 r--p 00010000 08:01 1719373                    /usr/lib/jvm/java-11-openjdk-amd64/lib/libnio.so
7f353bfff000-7f353c000000 rw-p 00011000 08:01 1719373                    /usr/lib/jvm/java-11-openjdk-amd64/lib/libnio.so
7f353c000000-7f353c021000 rw-p 00000000 00:00 0 
7f353c021000-7f3540000000 ---p 00000000 00:00 0 
7f3540000000-7f3540021000 rw-p 00000000 00:00 0 
7f3540021000-7f3544000000 ---p 00000000 00:00 0 
7f3544000000-7f3544076000 rw-p 00000000 00:00 0 
7f3544076000-7f3548000000 ---p 00000000 00:00 0 
7f3548000000-7f3548021000 rw-p 00000000 00:00 0 
7f3548021000-7f354c000000 ---p 00000000 00:00 0 
7f354c000000-7f354c0fd000 rw-p 00000000 00:00 0 
7f354c0fd000-7f3550000000 ---p 00000000 00:00 0 
7f3550000000-7f3550074000 rw-p 00000000 00:00 0 
7f3550074000-7f3554000000 ---p 00000000 00:00 0 
7f3554000000-7f3554021000 rw-p 00000000 00:00 0 
7f3554021000-7f3558000000 ---p 00000000 00:00 0 
7f3558000000-7f3558021000 rw-p 00000000 00:00 0 
7f3558021000-7f355c000000 ---p 00000000 00:00 0 
7f355c000000-7f355c064000 rw-p 00000000 00:00 0 
7f355c064000-7f3560000000 ---p 00000000 00:00 0 
7f3560000000-7f3560021000 rw-p 00000000 00:00 0 
7f3560021000-7f3564000000 ---p 00000000 00:00 0 
7f3564000000-7f3564021000 rw-p 00000000 00:00 0 
7f3564021000-7f3568000000 ---p 00000000 00:00 0 
7f3568000000-7f3568021000 rw-p 00000000 00:00 0 
7f3568021000-7f356c000000 ---p 00000000 00:00 0 
7f356c000000-7f356c021000 rw-p 00000000 00:00 0 
7f356c021000-7f3570000000 ---p 00000000 00:00 0 
7f3570000000-7f3570021000 rw-p 00000000 00:00 0 
7f3570021000-7f3574000000 ---p 00000000 00:00 0 
7f3574000000-7f3574021000 rw-p 00000000 00:00 0 
7f3574021000-7f3578000000 ---p 00000000 00:00 0 
7f3578000000-7f3578021000 rw-p 00000000 00:00 0 
7f3578021000-7f357c000000 ---p 00000000 00:00 0 
7f357c1a3000-7f357c1a7000 ---p 00000000 00:00 0 
7f357c1a7000-7f357c2a4000 rw-p 00000000 00:00 0 
7f357c2a4000-7f357c2a5000 ---p 00000000 00:00 0 
7f357c2a5000-7f357c3a6000 rw-p 00000000 00:00 0 
7f357c3a6000-7f357c3aa000 ---p 00000000 00:00 0 
7f357c3aa000-7f357c4a7000 rw-p 00000000 00:00 0 
7f357c4a7000-7f357c4ab000 ---p 00000000 00:00 0 
7f357c4ab000-7f357c5a8000 rw-p 00000000 00:00 0 
7f357c5a8000-7f357c5ac000 ---p 00000000 00:00 0 
7f357c5ac000-7f357c6a9000 rw-p 00000000 00:00 0 
7f357c6a9000-7f357c6ad000 ---p 00000000 00:00 0 
7f357c6ad000-7f357c7aa000 rw-p 00000000 00:00 0 
7f357c7aa000-7f357c7ae000 ---p 00000000 00:00 0 
7f357c7ae000-7f357c8ab000 rw-p 00000000 00:00 0 
7f357c8ab000-7f357c8af000 ---p 00000000 00:00 0 
7f357c8af000-7f357c9ac000 rw-p 00000000 00:00 0 
7f357c9ac000-7f357d4fc000 r--p 00000000 08:01 268912                     /usr/lib/locale/locale-archive
7f357d4fc000-7f357d500000 ---p 00000000 00:00 0 
7f357d500000-7f357d5fd000 rw-p 00000000 00:00 0 
7f357d5fd000-7f357d601000 ---p 00000000 00:00 0 
7f357d601000-7f357d6fe000 rw-p 00000000 00:00 0 
7f357d6fe000-7f357d6ff000 ---p 00000000 00:00 0 
7f357d6ff000-7f357dc40000 rw-p 00000000 00:00 0 
7f357dc40000-7f357e000000 ---p 00000000 00:00 0 
7f357e000000-7f3580000000 rw-p 00000000 00:00 0 
7f3580000000-7f3580021000 rw-p 00000000 00:00 0 
7f3580021000-7f3584000000 ---p 00000000 00:00 0 
7f3584000000-7f3584021000 rw-p 00000000 00:00 0 
7f3584021000-7f3588000000 ---p 00000000 00:00 0 
7f3588000000-7f3588021000 rw-p 00000000 00:00 0 
7f3588021000-7f358c000000 ---p 00000000 00:00 0 
7f358c000000-7f358c021000 rw-p 00000000 00:00 0 
7f358c021000-7f3590000000 ---p 00000000 00:00 0 
7f3590000000-7f3590021000 rw-p 00000000 00:00 0 
7f3590021000-7f3594000000 ---p 00000000 00:00 0 
7f35940c1000-7f3594137000 rw-p 00000000 00:00 0 
7f3594137000-7f3594138000 ---p 00000000 00:00 0 
7f3594138000-7f3594239000 rw-p 00000000 00:00 0 
7f3594239000-7f359423a000 ---p 00000000 00:00 0 
7f359423a000-7f359433b000 rw-p 00000000 00:00 0 
7f359433b000-7f359433c000 ---p 00000000 00:00 0 
7f359433c000-7f359443d000 rw-p 00000000 00:00 0 
7f359443d000-7f359443e000 ---p 00000000 00:00 0 
7f359443e000-7f359453f000 rw-p 00000000 00:00 0 
7f359453f000-7f3594540000 ---p 00000000 00:00 0 
7f3594540000-7f3594a45000 rw-p 00000000 00:00 0 
7f3594a45000-7f3594a46000 ---p 00000000 00:00 0 
7f3594a46000-7f3594b47000 rw-p 00000000 00:00 0 
7f3594b47000-7f3594b48000 ---p 00000000 00:00 0 
7f3594b48000-7f3594f01000 rw-p 00000000 00:00 0 
7f3594f01000-7f3595a89000 ---p 00000000 00:00 0 
7f3595a89000-7f3595d41000 rw-p 00000000 00:00 0 
7f3595d41000-7f35968c9000 ---p 00000000 00:00 0 
7f35968c9000-7f3596920000 rw-p 00000000 00:00 0 
7f3596920000-7f3596a91000 ---p 00000000 00:00 0 
7f3596a91000-7f3596ae8000 rw-p 00000000 00:00 0 
7f3596ae8000-7f3596c59000 ---p 00000000 00:00 0 
7f3596c59000-7f3596cb0000 rw-p 00000000 00:00 0 
7f3596cb0000-7f3596e21000 ---p 00000000 00:00 0 
7f3596e21000-7f3597225000 rw-p 00000000 00:00 0 
7f3597225000-7f3597226000 ---p 00000000 00:00 0 
7f3597226000-7f3597327000 rw-p 00000000 00:00 0 
7f3597327000-7f3597328000 ---p 00000000 00:00 0 
7f3597328000-7f3597429000 rw-p 00000000 00:00 0 
7f3597429000-7f359742a000 ---p 00000000 00:00 0 
7f359742a000-7f359752b000 rw-p 00000000 00:00 0 
7f359752b000-7f359752c000 ---p 00000000 00:00 0 
7f359752c000-7f3597632000 rw-p 00000000 00:00 0 
7f3597632000-7f3597718000 ---p 00000000 00:00 0 
7f3597718000-7f3597988000 rwxp 00000000 00:00 0 
7f3597988000-7f3597ca8000 ---p 00000000 00:00 0 
7f3597ca8000-7f3597f18000 rwxp 00000000 00:00 0 
7f3597f18000-7f359f1e0000 ---p 00000000 00:00 0 
7f359f1e0000-7f359f450000 rwxp 00000000 00:00 0 
7f359f450000-7f35a6718000 ---p 00000000 00:00 0 
7f35a6718000-7f35afbf2000 r--s 00000000 08:01 1719383                    /usr/lib/jvm/java-11-openjdk-amd64/lib/modules
7f35afbf2000-7f35afbf7000 r-xp 00000000 08:01 1719361                    /usr/lib/jvm/java-11-openjdk-amd64/lib/libjimage.so
7f35afbf7000-7f35afdf6000 ---p 00005000 08:01 1719361                    /usr/lib/jvm/java-11-openjdk-amd64/lib/libjimage.so
7f35afdf6000-7f35afdf7000 r--p 00004000 08:01 1719361                    /usr/lib/jvm/java-11-openjdk-amd64/lib/libjimage.so
7f35afdf7000-7f35afdf8000 rw-p 00005000 08:01 1719361                    /usr/lib/jvm/java-11-openjdk-amd64/lib/libjimage.so
7f35afdf8000-7f35afdff000 r-xp 00000000 08:01 1719382                    /usr/lib/jvm/java-11-openjdk-amd64/lib/libzip.so
7f35afdff000-7f35afffe000 ---p 00007000 08:01 1719382                    /usr/lib/jvm/java-11-openjdk-amd64/lib/libzip.so
7f35afffe000-7f35affff000 r--p 00006000 08:01 1719382                    /usr/lib/jvm/java-11-openjdk-amd64/lib/libzip.so
7f35affff000-7f35b0000000 rw-p 00007000 08:01 1719382                    /usr/lib/jvm/java-11-openjdk-amd64/lib/libzip.so
7f35b0000000-7f35b01dc000 rw-p 00000000 00:00 0 
7f35b01dc000-7f35b4000000 ---p 00000000 00:00 0 
7f35b4010000-7f35b4046000 rw-p 00000000 00:00 0 
7f35b4046000-7f35b412c000 ---p 00000000 00:00 0 
7f35b412c000-7f35b4137000 r-xp 00000000 08:01 27660968                   /lib/x86_64-linux-gnu/libnss_files-2.27.so
7f35b4137000-7f35b4336000 ---p 0000b000 08:01 27660968                   /lib/x86_64-linux-gnu/libnss_files-2.27.so
7f35b4336000-7f35b4337000 r--p 0000a000 08:01 27660968                   /lib/x86_64-linux-gnu/libnss_files-2.27.so
7f35b4337000-7f35b4338000 rw-p 0000b000 08:01 27660968                   /lib/x86_64-linux-gnu/libnss_files-2.27.so
7f35b4338000-7f35b433e000 rw-p 00000000 00:00 0 
7f35b433e000-7f35b4355000 r-xp 00000000 08:01 27660962                   /lib/x86_64-linux-gnu/libnsl-2.27.so
7f35b4355000-7f35b4554000 ---p 00017000 08:01 27660962                   /lib/x86_64-linux-gnu/libnsl-2.27.so
7f35b4554000-7f35b4555000 r--p 00016000 08:01 27660962                   /lib/x86_64-linux-gnu/libnsl-2.27.so
7f35b4555000-7f35b4556000 rw-p 00017000 08:01 27660962                   /lib/x86_64-linux-gnu/libnsl-2.27.so
7f35b4556000-7f35b4558000 rw-p 00000000 00:00 0 
7f35b4558000-7f35b4563000 r-xp 00000000 08:01 27660979                   /lib/x86_64-linux-gnu/libnss_nis-2.27.so
7f35b4563000-7f35b4762000 ---p 0000b000 08:01 27660979                   /lib/x86_64-linux-gnu/libnss_nis-2.27.so
7f35b4762000-7f35b4763000 r--p 0000a000 08:01 27660979                   /lib/x86_64-linux-gnu/libnss_nis-2.27.so
7f35b4763000-7f35b4764000 rw-p 0000b000 08:01 27660979                   /lib/x86_64-linux-gnu/libnss_nis-2.27.so
7f35b4764000-7f35b476c000 r-xp 00000000 08:01 27660964                   /lib/x86_64-linux-gnu/libnss_compat-2.27.so
7f35b476c000-7f35b496c000 ---p 00008000 08:01 27660964                   /lib/x86_64-linux-gnu/libnss_compat-2.27.so
7f35b496c000-7f35b496d000 r--p 00008000 08:01 27660964                   /lib/x86_64-linux-gnu/libnss_compat-2.27.so
7f35b496d000-7f35b496e000 rw-p 00009000 08:01 27660964                   /lib/x86_64-linux-gnu/libnss_compat-2.27.so
7f35b496e000-7f35b499a000 r-xp 00000000 08:01 1704684                    /usr/lib/jvm/java-11-openjdk-amd64/lib/libjava.so
7f35b499a000-7f35b4b99000 ---p 0002c000 08:01 1704684                    /usr/lib/jvm/java-11-openjdk-amd64/lib/libjava.so
7f35b4b99000-7f35b4b9a000 r--p 0002b000 08:01 1704684                    /usr/lib/jvm/java-11-openjdk-amd64/lib/libjava.so
7f35b4b9a000-7f35b4b9c000 rw-p 0002c000 08:01 1704684                    /usr/lib/jvm/java-11-openjdk-amd64/lib/libjava.so
7f35b4b9c000-7f35b4ba9000 r-xp 00000000 08:01 1719381                    /usr/lib/jvm/java-11-openjdk-amd64/lib/libverify.so
7f35b4ba9000-7f35b4da8000 ---p 0000d000 08:01 1719381                    /usr/lib/jvm/java-11-openjdk-amd64/lib/libverify.so
7f35b4da8000-7f35b4daa000 r--p 0000c000 08:01 1719381                    /usr/lib/jvm/java-11-openjdk-amd64/lib/libverify.so
7f35b4daa000-7f35b4dab000 rw-p 0000e000 08:01 1719381                    /usr/lib/jvm/java-11-openjdk-amd64/lib/libverify.so
7f35b4dab000-7f35b4db2000 r-xp 00000000 08:01 27661019                   /lib/x86_64-linux-gnu/librt-2.27.so
7f35b4db2000-7f35b4fb1000 ---p 00007000 08:01 27661019                   /lib/x86_64-linux-gnu/librt-2.27.so
7f35b4fb1000-7f35b4fb2000 r--p 00006000 08:01 27661019                   /lib/x86_64-linux-gnu/librt-2.27.so
7f35b4fb2000-7f35b4fb3000 rw-p 00007000 08:01 27661019                   /lib/x86_64-linux-gnu/librt-2.27.so
7f35b4fb3000-7f35b4fca000 r-xp 00000000 08:01 27660915                   /lib/x86_64-linux-gnu/libgcc_s.so.1
7f35b4fca000-7f35b51c9000 ---p 00017000 08:01 27660915                   /lib/x86_64-linux-gnu/libgcc_s.so.1
7f35b51c9000-7f35b51ca000 r--p 00016000 08:01 27660915                   /lib/x86_64-linux-gnu/libgcc_s.so.1
7f35b51ca000-7f35b51cb000 rw-p 00017000 08:01 27660915                   /lib/x86_64-linux-gnu/libgcc_s.so.1
7f35b51cb000-7f35b5368000 r-xp 00000000 08:01 27660941                   /lib/x86_64-linux-gnu/libm-2.27.so
7f35b5368000-7f35b5567000 ---p 0019d000 08:01 27660941                   /lib/x86_64-linux-gnu/libm-2.27.so
7f35b5567000-7f35b5568000 r--p 0019c000 08:01 27660941                   /lib/x86_64-linux-gnu/libm-2.27.so
7f35b5568000-7f35b5569000 rw-p 0019d000 08:01 27660941                   /lib/x86_64-linux-gnu/libm-2.27.so
7f35b5569000-7f35b56e7000 r-xp 00000000 08:01 270955                     /usr/lib/x86_64-linux-gnu/libstdc++.so.6.0.25
7f35b56e7000-7f35b58e7000 ---p 0017e000 08:01 270955                     /usr/lib/x86_64-linux-gnu/libstdc++.so.6.0.25
7f35b58e7000-7f35b58f1000 r--p 0017e000 08:01 270955                     /usr/lib/x86_64-linux-gnu/libstdc++.so.6.0.25
7f35b58f1000-7f35b58f3000 rw-p 00188000 08:01 270955                     /usr/lib/x86_64-linux-gnu/libstdc++.so.6.0.25
7f35b58f3000-7f35b58f7000 rw-p 00000000 00:00 0 
7f35b58f7000-7f35b6894000 r-xp 00000000 08:01 1719386                    /usr/lib/jvm/java-11-openjdk-amd64/lib/server/libjvm.so
7f35b6894000-7f35b6a94000 ---p 00f9d000 08:01 1719386                    /usr/lib/jvm/java-11-openjdk-amd64/lib/server/libjvm.so
7f35b6a94000-7f35b6b58000 r--p 00f9d000 08:01 1719386                    /usr/lib/jvm/java-11-openjdk-amd64/lib/server/libjvm.so
7f35b6b58000-7f35b6b90000 rw-p 01061000 08:01 1719386                    /usr/lib/jvm/java-11-openjdk-amd64/lib/server/libjvm.so
7f35b6b90000-7f35b6bd9000 rw-p 00000000 00:00 0 
7f35b6bd9000-7f35b6bf3000 r-xp 00000000 08:01 27661011                   /lib/x86_64-linux-gnu/libpthread-2.27.so
7f35b6bf3000-7f35b6df2000 ---p 0001a000 08:01 27661011                   /lib/x86_64-linux-gnu/libpthread-2.27.so
7f35b6df2000-7f35b6df3000 r--p 00019000 08:01 27661011                   /lib/x86_64-linux-gnu/libpthread-2.27.so
7f35b6df3000-7f35b6df4000 rw-p 0001a000 08:01 27661011                   /lib/x86_64-linux-gnu/libpthread-2.27.so
7f35b6df4000-7f35b6df8000 rw-p 00000000 00:00 0 
7f35b6df8000-7f35b6dfb000 r-xp 00000000 08:01 27660901                   /lib/x86_64-linux-gnu/libdl-2.27.so
7f35b6dfb000-7f35b6ffa000 ---p 00003000 08:01 27660901                   /lib/x86_64-linux-gnu/libdl-2.27.so
7f35b6ffa000-7f35b6ffb000 r--p 00002000 08:01 27660901                   /lib/x86_64-linux-gnu/libdl-2.27.so
7f35b6ffb000-7f35b6ffc000 rw-p 00003000 08:01 27660901                   /lib/x86_64-linux-gnu/libdl-2.27.so
7f35b6ffc000-7f35b7018000 r-xp 00000000 08:01 27661050                   /lib/x86_64-linux-gnu/libz.so.1.2.11
7f35b7018000-7f35b7217000 ---p 0001c000 08:01 27661050                   /lib/x86_64-linux-gnu/libz.so.1.2.11
7f35b7217000-7f35b7218000 r--p 0001b000 08:01 27661050                   /lib/x86_64-linux-gnu/libz.so.1.2.11
7f35b7218000-7f35b7219000 rw-p 0001c000 08:01 27661050                   /lib/x86_64-linux-gnu/libz.so.1.2.11
7f35b7219000-7f35b7400000 r-xp 00000000 08:01 27660878                   /lib/x86_64-linux-gnu/libc-2.27.so
7f35b7400000-7f35b7600000 ---p 001e7000 08:01 27660878                   /lib/x86_64-linux-gnu/libc-2.27.so
7f35b7600000-7f35b7604000 r--p 001e7000 08:01 27660878                   /lib/x86_64-linux-gnu/libc-2.27.so
7f35b7604000-7f35b7606000 rw-p 001eb000 08:01 27660878                   /lib/x86_64-linux-gnu/libc-2.27.so
7f35b7606000-7f35b760a000 rw-p 00000000 00:00 0 
7f35b760a000-7f35b7619000 r-xp 00000000 08:01 1704600                    /usr/lib/jvm/java-11-openjdk-amd64/lib/jli/libjli.so
7f35b7619000-7f35b7818000 ---p 0000f000 08:01 1704600                    /usr/lib/jvm/java-11-openjdk-amd64/lib/jli/libjli.so
7f35b7818000-7f35b7819000 r--p 0000e000 08:01 1704600                    /usr/lib/jvm/java-11-openjdk-amd64/lib/jli/libjli.so
7f35b7819000-7f35b781a000 rw-p 0000f000 08:01 1704600                    /usr/lib/jvm/java-11-openjdk-amd64/lib/jli/libjli.so
7f35b781a000-7f35b7841000 r-xp 00000000 08:01 27660850                   /lib/x86_64-linux-gnu/ld-2.27.so
7f35b7861000-7f35b791d000 rw-p 00000000 00:00 0 
7f35b791d000-7f35b7921000 ---p 00000000 00:00 0 
7f35b7921000-7f35b7a20000 rw-p 00000000 00:00 0 
7f35b7a28000-7f35b7a2e000 rw-p 00000000 00:00 0 
7f35b7a2e000-7f35b7a35000 ---p 00000000 00:00 0 
7f35b7a35000-7f35b7a3d000 rw-s 00000000 08:01 17835783                   /tmp/hsperfdata_lam/9435
7f35b7a3d000-7f35b7a3e000 ---p 00000000 00:00 0 
7f35b7a3e000-7f35b7a3f000 r--p 00000000 00:00 0 
7f35b7a3f000-7f35b7a41000 rw-p 00000000 00:00 0 
7f35b7a41000-7f35b7a42000 r--p 00027000 08:01 27660850                   /lib/x86_64-linux-gnu/ld-2.27.so
7f35b7a42000-7f35b7a43000 rw-p 00028000 08:01 27660850                   /lib/x86_64-linux-gnu/ld-2.27.so
7f35b7a43000-7f35b7a44000 rw-p 00000000 00:00 0 
7ffd57d86000-7ffd57da7000 rw-p 00000000 00:00 0                          [stack]
7ffd57dd0000-7ffd57dd3000 r--p 00000000 00:00 0                          [vvar]
7ffd57dd3000-7ffd57dd5000 r-xp 00000000 00:00 0                          [vdso]
ffffffffff600000-ffffffffff601000 r-xp 00000000 00:00 0                  [vsyscall]


VM Arguments:
jvm_args: -Dfile.encoding=UTF-8 
java_command: com.vietjack.HelloWorld
java_class_path (initial): /home/lam/eclipse-workspace/CollectionLinkedList/bin
Launcher Type: SUN_STANDARD

Logging:
Log output configuration:
#0: stdout all=warning uptime,level,tags
#1: stderr all=off uptime,level,tags

Environment Variables:
PATH=/usr/local/sbin:/usr/local/bin:/usr/sbin:/usr/bin:/sbin:/bin:/usr/games:/usr/local/games:/snap/bin
USERNAME=lam
SHELL=/bin/bash
DISPLAY=:0

Signal Handlers:
SIGSEGV: [libjvm.so+0xd28ad0], sa_mask[0]=11111111011111111101111111111110, sa_flags=SA_RESTART|SA_SIGINFO
SIGBUS: [libjvm.so+0xd28ad0], sa_mask[0]=11111111011111111101111111111110, sa_flags=SA_RESTART|SA_SIGINFO
SIGFPE: [libjvm.so+0xd28ad0], sa_mask[0]=11111111011111111101111111111110, sa_flags=SA_RESTART|SA_SIGINFO
SIGPIPE: [libjvm.so+0xb2a150], sa_mask[0]=11111111011111111101111111111110, sa_flags=SA_RESTART|SA_SIGINFO
SIGXFSZ: [libjvm.so+0xb2a150], sa_mask[0]=11111111011111111101111111111110, sa_flags=SA_RESTART|SA_SIGINFO
SIGILL: [libjvm.so+0xd28ad0], sa_mask[0]=11111111011111111101111111111110, sa_flags=SA_RESTART|SA_SIGINFO
SIGUSR2: [libjvm.so+0xb29f90], sa_mask[0]=00100000000000000000000000000000, sa_flags=SA_RESTART|SA_SIGINFO
SIGHUP: [libjvm.so+0xb2a0e0], sa_mask[0]=11111111011111111101111111111110, sa_flags=SA_RESTART|SA_SIGINFO
SIGINT: [libjvm.so+0xb2a0e0], sa_mask[0]=11111111011111111101111111111110, sa_flags=SA_RESTART|SA_SIGINFO
SIGTERM: [libjvm.so+0xb2a0e0], sa_mask[0]=11111111011111111101111111111110, sa_flags=SA_RESTART|SA_SIGINFO
SIGQUIT: [libjvm.so+0xb2a0e0], sa_mask[0]=11111111011111111101111111111110, sa_flags=SA_RESTART|SA_SIGINFO


---------------  S Y S T E M  ---------------

OS:DISTRIB_ID=Ubuntu
DISTRIB_RELEASE=18.04
DISTRIB_CODENAME=bionic
DISTRIB_DESCRIPTION="Ubuntu 18.04.1 LTS"
uname:Linux 4.15.0-34-generic #37-Ubuntu SMP Mon Aug 27 15:21:48 UTC 2018 x86_64
libc:glibc 2.27 NPTL 2.27 
rlimit: STACK 8192k, CORE 0k, NPROC 14344, NOFILE 1048576, AS infinity, DATA infinity, FSIZE infinity
load average:0.81 0.66 0.68

/proc/meminfo:
MemTotal:        3732616 kB
MemFree:           88768 kB
MemAvailable:      90928 kB
Buffers:            7120 kB
Cached:           503892 kB
SwapCached:        25864 kB
Active:          2595612 kB
Inactive:         694460 kB
Active(anon):    2490592 kB
Inactive(anon):   620880 kB
Active(file):     105020 kB
Inactive(file):    73580 kB
Unevictable:         124 kB
Mlocked:             124 kB
SwapTotal:       2097148 kB
SwapFree:           4316 kB
Dirty:               320 kB
Writeback:           788 kB
AnonPages:       2757240 kB
Mapped:           340580 kB
Shmem:            332184 kB
Slab:             145596 kB
SReclaimable:      54784 kB
SUnreclaim:        90812 kB
KernelStack:       20144 kB
PageTables:        96764 kB
NFS_Unstable:          0 kB
Bounce:                0 kB
WritebackTmp:          0 kB
CommitLimit:     3963456 kB
Committed_AS:   16134096 kB
VmallocTotal:   34359738367 kB
VmallocUsed:           0 kB
VmallocChunk:          0 kB
HardwareCorrupted:     0 kB
AnonHugePages:         0 kB
ShmemHugePages:        0 kB
ShmemPmdMapped:        0 kB
CmaTotal:              0 kB
CmaFree:               0 kB
HugePages_Total:       0
HugePages_Free:        0
HugePages_Rsvd:        0
HugePages_Surp:        0
Hugepagesize:       2048 kB
DirectMap4k:      699152 kB
DirectMap2M:     3184640 kB
DirectMap1G:           0 kB

container (cgroup) information:
container_type: cgroupv1
cpu_cpuset_cpus: 0-3
cpu_memory_nodes: 0
active_processor_count: 4
cpu_quota: -1
cpu_period: 100000
cpu_shares: -1
memory_limit_in_bytes: -1
memory_and_swap_limit_in_bytes: -2
memory_soft_limit_in_bytes: -1
memory_usage_in_bytes: 3351412736
memory_max_usage_in_bytes: 295768064


CPU:total 4 (initial active 4) (2 cores per cpu, 2 threads per core) family 6 model 61 stepping 4, cmov, cx8, fxsr, mmx, sse, sse2, sse3, ssse3, sse4.1, sse4.2, popcnt, avx, avx2, aes, clmul, erms, 3dnowpref, lzcnt, ht, tsc, tscinvbit, bmi1, bmi2, adx, fma
CPU Model and flags from /proc/cpuinfo:
model name	: Intel(R) Core(TM) i5-5200U CPU @ 2.20GHz
flags		: fpu vme de pse tsc msr pae mce cx8 apic sep mtrr pge mca cmov pat pse36 clflush dts acpi mmx fxsr sse sse2 ss ht tm pbe syscall nx pdpe1gb rdtscp lm constant_tsc arch_perfmon pebs bts rep_good nopl xtopology nonstop_tsc cpuid aperfmperf pni pclmulqdq dtes64 monitor ds_cpl vmx est tm2 ssse3 sdbg fma cx16 xtpr pdcm pcid sse4_1 sse4_2 x2apic movbe popcnt tsc_deadline_timer aes xsave avx f16c rdrand lahf_lm abm 3dnowprefetch cpuid_fault epb invpcid_single pti ssbd ibrs ibpb stibp tpr_shadow vnmi flexpriority ept vpid fsgsbase tsc_adjust bmi1 avx2 smep bmi2 erms invpcid rdseed adx smap intel_pt xsaveopt dtherm ida arat pln pts flush_l1d

Memory: 4k page, physical 3732616k(88768k free), swap 2097148k(4316k free)

vm_info: OpenJDK 64-Bit Server VM (10.0.2+13-Ubuntu-1ubuntu0.18.04.2) for linux-amd64 JRE (10.0.2+13-Ubuntu-1ubuntu0.18.04.2), built on Aug 24 2018 17:36:24 by "buildd" with gcc 7.3.0

END.
