#
# There is insufficient memory for the Java Runtime Environment to continue.
# Native memory allocation (mmap) failed to map 291504128 bytes for committing reserved memory.
# Possible reasons:
#   The system is out of physical RAM or swap space
#   The process is running with CompressedOops enabled, and the Java Heap may be blocking the growth of the native heap
# Possible solutions:
#   Reduce memory load on the system
#   Increase physical memory or swap space
#   Check if swap backing store is full
#   Decrease Java heap size (-Xmx/-Xms)
#   Decrease number of Java threads
#   Decrease Java thread stack sizes (-Xss)
#   Set larger code cache with -XX:ReservedCodeCacheSize=
#   JVM is running with Unscaled Compressed Oops mode in which the Java heap is
#     placed in the first 4GB address space. The Java Heap base address is the
#     maximum limit for the native heap growth. Please use -XX:HeapBaseMinAddress
#     to set the Java Heap base and to place the Java Heap above 4GB virtual address.
# This output file may be truncated or incomplete.
#
#  Out of Memory Error (os_linux.cpp:2706), pid=9618, tid=9639
#
# JRE version: OpenJDK Runtime Environment (10.0.2+13) (build 10.0.2+13-Ubuntu-1ubuntu0.18.04.2)
# Java VM: OpenJDK 64-Bit Server VM (10.0.2+13-Ubuntu-1ubuntu0.18.04.2, mixed mode, tiered, compressed oops, g1 gc, linux-amd64)
# Core dump will be written. Default location: Core dumps may be processed with "/usr/share/apport/apport %p %s %c %d %P" (or dumping to /home/lam/eclipse-workspace/CollectionLinkedList/core.9618)
#

---------------  S U M M A R Y ------------

Command Line: -Dfile.encoding=UTF-8 com.vietjack.HelloWorld

Host: Intel(R) Core(TM) i5-5200U CPU @ 2.20GHz, 4 cores, 3G, Ubuntu 18.04.1 LTS
Time: Tue Sep 18 22:46:51 2018 CDT elapsed time: 1 seconds (0d 0h 0m 1s)

---------------  T H R E A D  ---------------

Current thread (0x00007f37680fa000):  VMThread "VM Thread" [stack: 0x00007f3734cf0000,0x00007f3734df0000] [id=9639]

Stack: [0x00007f3734cf0000,0x00007f3734df0000],  sp=0x00007f3734dee0a0,  free space=1016k
Native frames: (J=compiled Java code, A=aot compiled Java code, j=interpreted, Vv=VM code, C=native code)
V  [libjvm.so+0xd27e04]
V  [libjvm.so+0xd289ab]
V  [libjvm.so+0x64d415]
V  [libjvm.so+0xb2d728]
V  [libjvm.so+0xb25f7d]
V  [libjvm.so+0x7662ff]
V  [libjvm.so+0x76653e]
V  [libjvm.so+0x769500]
V  [libjvm.so+0x7efa1c]
V  [libjvm.so+0x7f06df]
V  [libjvm.so+0x7f0b59]
V  [libjvm.so+0x7162cf]
V  [libjvm.so+0x71a3ba]
V  [libjvm.so+0xd39f68]
V  [libjvm.so+0xd387d1]
V  [libjvm.so+0xd35a9b]
V  [libjvm.so+0xd370be]
V  [libjvm.so+0xd374e8]
V  [libjvm.so+0xb33ca0]

VM_Operation (0x00007f376effd760): G1IncCollectionPause, mode: safepoint, requested by thread 0x00007f3768012000


---------------  P R O C E S S  ---------------

Threads class SMR info:
_java_thread_list=0x00007f37681db230, length=10, elements={
0x00007f3768012000, 0x00007f3768104000, 0x00007f3768106000, 0x00007f376810f000,
0x00007f3768119800, 0x00007f376811b800, 0x00007f376811d800, 0x00007f376811f800,
0x00007f37681cd800, 0x00007f37681e0000
}

Java Threads: ( => current thread )
  0x00007f3768012000 JavaThread "main" [_thread_blocked, id=9627, stack(0x00007f376eefe000,0x00007f376efff000)]
  0x00007f3768104000 JavaThread "Reference Handler" daemon [_thread_blocked, id=9640, stack(0x00007f3734bed000,0x00007f3734cee000)]
  0x00007f3768106000 JavaThread "Finalizer" daemon [_thread_blocked, id=9641, stack(0x00007f3734aec000,0x00007f3734bed000)]
  0x00007f376810f000 JavaThread "Signal Dispatcher" daemon [_thread_blocked, id=9642, stack(0x00007f37349eb000,0x00007f3734aec000)]
  0x00007f3768119800 JavaThread "C2 CompilerThread0" daemon [_thread_blocked, id=9643, stack(0x00007f37348ea000,0x00007f37349eb000)]
  0x00007f376811b800 JavaThread "C2 CompilerThread1" daemon [_thread_blocked, id=9644, stack(0x00007f37347e9000,0x00007f37348ea000)]
  0x00007f376811d800 JavaThread "C1 CompilerThread2" daemon [_thread_blocked, id=9645, stack(0x00007f37346e8000,0x00007f37347e9000)]
  0x00007f376811f800 JavaThread "Sweeper thread" daemon [_thread_blocked, id=9646, stack(0x00007f37345e7000,0x00007f37346e8000)]
  0x00007f37681cd800 JavaThread "Service Thread" daemon [_thread_blocked, id=9647, stack(0x00007f37344e6000,0x00007f37345e7000)]
  0x00007f37681e0000 JavaThread "Common-Cleaner" daemon [_thread_blocked, id=9650, stack(0x00007f37342e3000,0x00007f37343e4000)]

Other Threads:
=>0x00007f37680fa000 VMThread "VM Thread" [stack: 0x00007f3734cf0000,0x00007f3734df0000] [id=9639]
  0x00007f37681cf800 WatcherThread [stack: 0x00007f37343e6000,0x00007f37344e6000] [id=9648]
  0x00007f3768028800 GCTaskThread "GC Thread#0" [stack: 0x00007f374eabd000,0x00007f374ebbd000] [id=9628]
  0x00007f376802a000 GCTaskThread "GC Thread#1" [stack: 0x00007f374e9bb000,0x00007f374eabb000] [id=9629]
  0x00007f376802b800 GCTaskThread "GC Thread#2" [stack: 0x00007f374e8b9000,0x00007f374e9b9000] [id=9630]
  0x00007f376802d000 GCTaskThread "GC Thread#3" [stack: 0x00007f374e7b7000,0x00007f374e8b7000] [id=9631]
  0x00007f3768061800 ConcurrentGCThread "G1 Main Marker" [stack: 0x00007f374c0d9000,0x00007f374c1d9000] [id=9632]
  0x00007f3768063000 ConcurrentGCThread "G1 Conc#0" [stack: 0x00007f3737f00000,0x00007f3738000000] [id=9633]
  0x00007f3768093000 ConcurrentGCThread "G1 Refine#0" [stack: 0x00007f37359fa000,0x00007f3735afa000] [id=9634]
  0x00007f3768095000 ConcurrentGCThread "G1 Refine#1" [stack: 0x00007f37358f8000,0x00007f37359f8000] [id=9635]
  0x00007f3768096800 ConcurrentGCThread "G1 Refine#2" [stack: 0x00007f37357f6000,0x00007f37358f6000] [id=9636]
  0x00007f3768098800 ConcurrentGCThread "G1 Refine#3" [stack: 0x00007f37356f4000,0x00007f37357f4000] [id=9637]
  0x00007f376809a000 ConcurrentGCThread "G1 Young RemSet Sampling" [stack: 0x00007f37355f2000,0x00007f37356f2000] [id=9638]

Threads with active compile tasks:

VM state:at safepoint (normal execution)

VM Mutex/Monitor currently owned by a thread:  ([mutex/lock_event])
[0x00007f376800e2a0] Threads_lock - owner thread: 0x00007f37680fa000
[0x00007f376800e840] Heap_lock - owner thread: 0x00007f3768012000

Heap address: 0x00000000c7000000, size: 912 MB, Compressed Oops mode: 32-bit
Narrow klass base: 0x0000000000000000, Narrow klass shift: 3
Compressed class space size: 1073741824 Address: 0x0000000100000000

Heap:
 garbage-first heap   total 427008K, used 108032K [0x00000000c7000000, 0x0000000100000000)
  region size 1024K, 2 young (2048K), 2 survivors (2048K)
 Metaspace       used 3771K, capacity 4486K, committed 4864K, reserved 1056768K
  class space    used 321K, capacity 386K, committed 512K, reserved 1048576K
Heap Regions: E=young(eden), S=young(survivor), O=old, HS=humongous(starts), HC=humongous(continues), CS=collection set, F=free, A=archive, TS=gc time stamp, AC=allocation context, TAMS=top-at-mark-start (previous, next)
|   0|0x00000000c7000000, 0x00000000c7100000, 0x00000000c7100000|100%| O|  |TS  1|AC  0|TAMS 0x00000000c7000000, 0x00000000c7100000|
|   1|0x00000000c7100000, 0x00000000c7200000, 0x00000000c7200000|100%| O|  |TS  1|AC  0|TAMS 0x00000000c7100000, 0x00000000c7200000|
|   2|0x00000000c7200000, 0x00000000c7300000, 0x00000000c7300000|100%| O|  |TS  1|AC  0|TAMS 0x00000000c7200000, 0x00000000c7300000|
|   3|0x00000000c7300000, 0x00000000c7400000, 0x00000000c7400000|100%| O|  |TS  1|AC  0|TAMS 0x00000000c7300000, 0x00000000c7400000|
|   4|0x00000000c7400000, 0x00000000c7500000, 0x00000000c7500000|100%| O|  |TS  1|AC  0|TAMS 0x00000000c7400000, 0x00000000c7500000|
|   5|0x00000000c7500000, 0x00000000c7600000, 0x00000000c7600000|100%| O|  |TS  1|AC  0|TAMS 0x00000000c7500000, 0x00000000c7600000|
|   6|0x00000000c7600000, 0x00000000c7700000, 0x00000000c7700000|100%| O|  |TS  1|AC  0|TAMS 0x00000000c7600000, 0x00000000c7700000|
|   7|0x00000000c7700000, 0x00000000c7800000, 0x00000000c7800000|100%| O|  |TS  1|AC  0|TAMS 0x00000000c7700000, 0x00000000c7800000|
|   8|0x00000000c7800000, 0x00000000c7900000, 0x00000000c7900000|100%| O|  |TS  1|AC  0|TAMS 0x00000000c7800000, 0x00000000c7900000|
|   9|0x00000000c7900000, 0x00000000c7a00000, 0x00000000c7a00000|100%| O|  |TS  1|AC  0|TAMS 0x00000000c7900000, 0x00000000c7a00000|
|  10|0x00000000c7a00000, 0x00000000c7b00000, 0x00000000c7b00000|100%| O|  |TS  1|AC  0|TAMS 0x00000000c7a00000, 0x00000000c7b00000|
|  11|0x00000000c7b00000, 0x00000000c7c00000, 0x00000000c7c00000|100%| O|  |TS  2|AC  0|TAMS 0x00000000c7b00000, 0x00000000c7c00000|
|  12|0x00000000c7c00000, 0x00000000c7d00000, 0x00000000c7d00000|100%| O|  |TS  2|AC  0|TAMS 0x00000000c7c00000, 0x00000000c7d00000|
|  13|0x00000000c7d00000, 0x00000000c7e00000, 0x00000000c7e00000|100%| O|  |TS  2|AC  0|TAMS 0x00000000c7d00000, 0x00000000c7e00000|
|  14|0x00000000c7e00000, 0x00000000c7f00000, 0x00000000c7f00000|100%| O|  |TS  2|AC  0|TAMS 0x00000000c7e00000, 0x00000000c7f00000|
|  15|0x00000000c7f00000, 0x00000000c8000000, 0x00000000c8000000|100%| O|  |TS  2|AC  0|TAMS 0x00000000c7f00000, 0x00000000c8000000|
|  16|0x00000000c8000000, 0x00000000c8100000, 0x00000000c8100000|100%| O|  |TS  2|AC  0|TAMS 0x00000000c8000000, 0x00000000c8100000|
|  17|0x00000000c8100000, 0x00000000c8200000, 0x00000000c8200000|100%| O|  |TS  2|AC  0|TAMS 0x00000000c8100000, 0x00000000c8200000|
|  18|0x00000000c8200000, 0x00000000c8300000, 0x00000000c8300000|100%| O|  |TS  2|AC  0|TAMS 0x00000000c8200000, 0x00000000c8300000|
|  19|0x00000000c8300000, 0x00000000c8400000, 0x00000000c8400000|100%| O|  |TS  2|AC  0|TAMS 0x00000000c8300000, 0x00000000c8400000|
|  20|0x00000000c8400000, 0x00000000c8500000, 0x00000000c8500000|100%| O|  |TS  3|AC  0|TAMS 0x00000000c8400000, 0x00000000c8500000|
|  21|0x00000000c8500000, 0x00000000c8600000, 0x00000000c8600000|100%| O|  |TS  3|AC  0|TAMS 0x00000000c8500000, 0x00000000c8600000|
|  22|0x00000000c8600000, 0x00000000c8700000, 0x00000000c8700000|100%| O|  |TS  3|AC  0|TAMS 0x00000000c8600000, 0x00000000c8700000|
|  23|0x00000000c8700000, 0x00000000c8800000, 0x00000000c8800000|100%| O|  |TS  3|AC  0|TAMS 0x00000000c8700000, 0x00000000c8800000|
|  24|0x00000000c8800000, 0x00000000c8900000, 0x00000000c8900000|100%| O|  |TS  3|AC  0|TAMS 0x00000000c8800000, 0x00000000c8900000|
|  25|0x00000000c8900000, 0x00000000c8a00000, 0x00000000c8a00000|100%| O|  |TS  3|AC  0|TAMS 0x00000000c8900000, 0x00000000c8a00000|
|  26|0x00000000c8a00000, 0x00000000c8b00000, 0x00000000c8b00000|100%| O|  |TS  3|AC  0|TAMS 0x00000000c8a00000, 0x00000000c8b00000|
|  27|0x00000000c8b00000, 0x00000000c8c00000, 0x00000000c8c00000|100%| O|  |TS  3|AC  0|TAMS 0x00000000c8b00000, 0x00000000c8c00000|
|  28|0x00000000c8c00000, 0x00000000c8d00000, 0x00000000c8d00000|100%| O|  |TS  4|AC  0|TAMS 0x00000000c8c00000, 0x00000000c8d00000|
|  29|0x00000000c8d00000, 0x00000000c8e00000, 0x00000000c8e00000|100%| O|  |TS  4|AC  0|TAMS 0x00000000c8d00000, 0x00000000c8e00000|
|  30|0x00000000c8e00000, 0x00000000c8f00000, 0x00000000c8f00000|100%| O|  |TS  4|AC  0|TAMS 0x00000000c8e00000, 0x00000000c8f00000|
|  31|0x00000000c8f00000, 0x00000000c9000000, 0x00000000c9000000|100%| O|  |TS  4|AC  0|TAMS 0x00000000c8f00000, 0x00000000c9000000|
|  32|0x00000000c9000000, 0x00000000c9100000, 0x00000000c9100000|100%| O|  |TS  4|AC  0|TAMS 0x00000000c9000000, 0x00000000c9100000|
|  33|0x00000000c9100000, 0x00000000c9200000, 0x00000000c9200000|100%| O|  |TS  4|AC  0|TAMS 0x00000000c9100000, 0x00000000c9200000|
|  34|0x00000000c9200000, 0x00000000c9300000, 0x00000000c9300000|100%| O|  |TS  4|AC  0|TAMS 0x00000000c9200000, 0x00000000c9300000|
|  35|0x00000000c9300000, 0x00000000c9400000, 0x00000000c9400000|100%| O|  |TS  4|AC  0|TAMS 0x00000000c9300000, 0x00000000c9400000|
|  36|0x00000000c9400000, 0x00000000c9500000, 0x00000000c9500000|100%| O|  |TS  5|AC  0|TAMS 0x00000000c9400000, 0x00000000c9466400|
|  37|0x00000000c9500000, 0x00000000c9600000, 0x00000000c9600000|100%| O|  |TS  5|AC  0|TAMS 0x00000000c9500000, 0x00000000c9500000|
|  38|0x00000000c9600000, 0x00000000c9700000, 0x00000000c9700000|100%| O|  |TS  5|AC  0|TAMS 0x00000000c9600000, 0x00000000c9600000|
|  39|0x00000000c9700000, 0x00000000c9800000, 0x00000000c9800000|100%| O|  |TS  5|AC  0|TAMS 0x00000000c9700000, 0x00000000c9700000|
|  40|0x00000000c9800000, 0x00000000c9900000, 0x00000000c9900000|100%| O|  |TS  5|AC  0|TAMS 0x00000000c9800000, 0x00000000c9800000|
|  41|0x00000000c9900000, 0x00000000c9a00000, 0x00000000c9a00000|100%| O|  |TS  6|AC  0|TAMS 0x00000000c9900000, 0x00000000c9900000|
|  42|0x00000000c9a00000, 0x00000000c9b00000, 0x00000000c9b00000|100%| O|  |TS  6|AC  0|TAMS 0x00000000c9a00000, 0x00000000c9a00000|
|  43|0x00000000c9b00000, 0x00000000c9c00000, 0x00000000c9c00000|100%| O|  |TS  6|AC  0|TAMS 0x00000000c9b00000, 0x00000000c9b00000|
|  44|0x00000000c9c00000, 0x00000000c9d00000, 0x00000000c9d00000|100%| O|  |TS  6|AC  0|TAMS 0x00000000c9c00000, 0x00000000c9c00000|
|  45|0x00000000c9d00000, 0x00000000c9e00000, 0x00000000c9e00000|100%| O|  |TS  6|AC  0|TAMS 0x00000000c9d00000, 0x00000000c9d00000|
|  46|0x00000000c9e00000, 0x00000000c9f00000, 0x00000000c9f00000|100%| O|  |TS  6|AC  0|TAMS 0x00000000c9e00000, 0x00000000c9e00000|
|  47|0x00000000c9f00000, 0x00000000ca000000, 0x00000000ca000000|100%| O|  |TS  6|AC  0|TAMS 0x00000000c9f00000, 0x00000000c9f00000|
|  48|0x00000000ca000000, 0x00000000ca100000, 0x00000000ca100000|100%| O|  |TS  6|AC  0|TAMS 0x00000000ca000000, 0x00000000ca000000|
|  49|0x00000000ca100000, 0x00000000ca200000, 0x00000000ca200000|100%| O|  |TS  6|AC  0|TAMS 0x00000000ca100000, 0x00000000ca100000|
|  50|0x00000000ca200000, 0x00000000ca300000, 0x00000000ca300000|100%| O|  |TS  6|AC  0|TAMS 0x00000000ca200000, 0x00000000ca200000|
|  51|0x00000000ca300000, 0x00000000ca400000, 0x00000000ca400000|100%| O|  |TS  6|AC  0|TAMS 0x00000000ca300000, 0x00000000ca300000|
|  52|0x00000000ca400000, 0x00000000ca500000, 0x00000000ca500000|100%| O|  |TS  6|AC  0|TAMS 0x00000000ca400000, 0x00000000ca400000|
|  53|0x00000000ca500000, 0x00000000ca600000, 0x00000000ca600000|100%| O|  |TS  7|AC  0|TAMS 0x00000000ca500000, 0x00000000ca500000|
|  54|0x00000000ca600000, 0x00000000ca700000, 0x00000000ca700000|100%| O|  |TS  6|AC  0|TAMS 0x00000000ca600000, 0x00000000ca600000|
|  55|0x00000000ca700000, 0x00000000ca800000, 0x00000000ca800000|100%| O|  |TS  6|AC  0|TAMS 0x00000000ca700000, 0x00000000ca700000|
|  56|0x00000000ca800000, 0x00000000ca900000, 0x00000000ca900000|100%| O|  |TS  6|AC  0|TAMS 0x00000000ca800000, 0x00000000ca800000|
|  57|0x00000000ca900000, 0x00000000caa00000, 0x00000000caa00000|100%| O|  |TS  6|AC  0|TAMS 0x00000000ca900000, 0x00000000ca900000|
|  58|0x00000000caa00000, 0x00000000cab00000, 0x00000000cab00000|100%| O|  |TS  6|AC  0|TAMS 0x00000000caa00000, 0x00000000caa00000|
|  59|0x00000000cab00000, 0x00000000cac00000, 0x00000000cac00000|100%| O|  |TS  6|AC  0|TAMS 0x00000000cab00000, 0x00000000cab00000|
|  60|0x00000000cac00000, 0x00000000cad00000, 0x00000000cad00000|100%| O|  |TS  7|AC  0|TAMS 0x00000000cac00000, 0x00000000cac00000|
|  61|0x00000000cad00000, 0x00000000cae00000, 0x00000000cae00000|100%| O|  |TS  7|AC  0|TAMS 0x00000000cad00000, 0x00000000cad00000|
|  62|0x00000000cae00000, 0x00000000caf00000, 0x00000000caf00000|100%| O|  |TS  7|AC  0|TAMS 0x00000000cae00000, 0x00000000cae00000|
|  63|0x00000000caf00000, 0x00000000cb000000, 0x00000000cb000000|100%| O|  |TS  7|AC  0|TAMS 0x00000000caf00000, 0x00000000caf00000|
|  64|0x00000000cb000000, 0x00000000cb100000, 0x00000000cb100000|100%| O|  |TS  7|AC  0|TAMS 0x00000000cb000000, 0x00000000cb000000|
|  65|0x00000000cb100000, 0x00000000cb200000, 0x00000000cb200000|100%| O|  |TS  7|AC  0|TAMS 0x00000000cb100000, 0x00000000cb100000|
|  66|0x00000000cb200000, 0x00000000cb300000, 0x00000000cb300000|100%| O|  |TS  7|AC  0|TAMS 0x00000000cb200000, 0x00000000cb200000|
|  67|0x00000000cb300000, 0x00000000cb400000, 0x00000000cb400000|100%| O|  |TS  7|AC  0|TAMS 0x00000000cb300000, 0x00000000cb300000|
|  68|0x00000000cb400000, 0x00000000cb500000, 0x00000000cb500000|100%| O|  |TS  7|AC  0|TAMS 0x00000000cb400000, 0x00000000cb400000|
|  69|0x00000000cb500000, 0x00000000cb600000, 0x00000000cb600000|100%| O|  |TS  7|AC  0|TAMS 0x00000000cb500000, 0x00000000cb500000|
|  70|0x00000000cb600000, 0x00000000cb700000, 0x00000000cb700000|100%| O|  |TS  7|AC  0|TAMS 0x00000000cb600000, 0x00000000cb600000|
|  71|0x00000000cb700000, 0x00000000cb800000, 0x00000000cb800000|100%| O|  |TS  7|AC  0|TAMS 0x00000000cb700000, 0x00000000cb700000|
|  72|0x00000000cb800000, 0x00000000cb900000, 0x00000000cb900000|100%| O|  |TS  7|AC  0|TAMS 0x00000000cb800000, 0x00000000cb800000|
|  73|0x00000000cb900000, 0x00000000cba00000, 0x00000000cba00000|100%| O|  |TS  7|AC  0|TAMS 0x00000000cb900000, 0x00000000cb900000|
|  74|0x00000000cba00000, 0x00000000cbb00000, 0x00000000cbb00000|100%| O|  |TS  7|AC  0|TAMS 0x00000000cba00000, 0x00000000cba00000|
|  75|0x00000000cbb00000, 0x00000000cbc00000, 0x00000000cbc00000|100%| O|  |TS  7|AC  0|TAMS 0x00000000cbb00000, 0x00000000cbb00000|
|  76|0x00000000cbc00000, 0x00000000cbd00000, 0x00000000cbd00000|100%| O|  |TS  7|AC  0|TAMS 0x00000000cbc00000, 0x00000000cbc00000|
|  77|0x00000000cbd00000, 0x00000000cbe00000, 0x00000000cbe00000|100%| O|  |TS  7|AC  0|TAMS 0x00000000cbd00000, 0x00000000cbd00000|
|  78|0x00000000cbe00000, 0x00000000cbf00000, 0x00000000cbf00000|100%| O|  |TS  7|AC  0|TAMS 0x00000000cbe00000, 0x00000000cbe00000|
|  79|0x00000000cbf00000, 0x00000000cc000000, 0x00000000cc000000|100%| O|  |TS  8|AC  0|TAMS 0x00000000cbf00000, 0x00000000cbf00000|
|  80|0x00000000cc000000, 0x00000000cc100000, 0x00000000cc100000|100%| O|  |TS  8|AC  0|TAMS 0x00000000cc000000, 0x00000000cc000000|
|  81|0x00000000cc100000, 0x00000000cc200000, 0x00000000cc200000|100%| O|  |TS  8|AC  0|TAMS 0x00000000cc100000, 0x00000000cc100000|
|  82|0x00000000cc200000, 0x00000000cc300000, 0x00000000cc300000|100%| O|  |TS  8|AC  0|TAMS 0x00000000cc200000, 0x00000000cc200000|
|  83|0x00000000cc300000, 0x00000000cc400000, 0x00000000cc400000|100%| O|  |TS  8|AC  0|TAMS 0x00000000cc300000, 0x00000000cc300000|
|  84|0x00000000cc400000, 0x00000000cc500000, 0x00000000cc500000|100%| O|  |TS  8|AC  0|TAMS 0x00000000cc400000, 0x00000000cc400000|
|  85|0x00000000cc500000, 0x00000000cc600000, 0x00000000cc600000|100%| O|  |TS  8|AC  0|TAMS 0x00000000cc500000, 0x00000000cc500000|
|  86|0x00000000cc600000, 0x00000000cc700000, 0x00000000cc700000|100%| O|  |TS  8|AC  0|TAMS 0x00000000cc600000, 0x00000000cc600000|
|  87|0x00000000cc700000, 0x00000000cc800000, 0x00000000cc800000|100%| O|  |TS  8|AC  0|TAMS 0x00000000cc700000, 0x00000000cc700000|
|  88|0x00000000cc800000, 0x00000000cc900000, 0x00000000cc900000|100%| O|  |TS  8|AC  0|TAMS 0x00000000cc800000, 0x00000000cc800000|
|  89|0x00000000cc900000, 0x00000000cca00000, 0x00000000cca00000|100%| O|  |TS  8|AC  0|TAMS 0x00000000cc900000, 0x00000000cc900000|
|  90|0x00000000cca00000, 0x00000000ccb00000, 0x00000000ccb00000|100%| O|  |TS  8|AC  0|TAMS 0x00000000cca00000, 0x00000000cca00000|
|  91|0x00000000ccb00000, 0x00000000ccc00000, 0x00000000ccc00000|100%| O|  |TS  8|AC  0|TAMS 0x00000000ccb00000, 0x00000000ccb00000|
|  92|0x00000000ccc00000, 0x00000000ccd00000, 0x00000000ccd00000|100%| O|  |TS  8|AC  0|TAMS 0x00000000ccc00000, 0x00000000ccc00000|
|  93|0x00000000ccd00000, 0x00000000cce00000, 0x00000000cce00000|100%| O|  |TS  8|AC  0|TAMS 0x00000000ccd00000, 0x00000000ccd00000|
|  94|0x00000000cce00000, 0x00000000ccf00000, 0x00000000ccf00000|100%| O|  |TS  9|AC  0|TAMS 0x00000000cce00000, 0x00000000cce00000|
|  95|0x00000000ccf00000, 0x00000000cd000000, 0x00000000cd000000|100%| O|  |TS  9|AC  0|TAMS 0x00000000ccf00000, 0x00000000ccf00000|
|  96|0x00000000cd000000, 0x00000000cd100000, 0x00000000cd100000|100%| O|  |TS  9|AC  0|TAMS 0x00000000cd000000, 0x00000000cd000000|
|  97|0x00000000cd100000, 0x00000000cd200000, 0x00000000cd200000|100%| O|  |TS  9|AC  0|TAMS 0x00000000cd100000, 0x00000000cd100000|
|  98|0x00000000cd200000, 0x00000000cd300000, 0x00000000cd300000|100%| O|  |TS  9|AC  0|TAMS 0x00000000cd200000, 0x00000000cd200000|
|  99|0x00000000cd300000, 0x00000000cd400000, 0x00000000cd400000|100%| O|  |TS  9|AC  0|TAMS 0x00000000cd300000, 0x00000000cd300000|
| 100|0x00000000cd400000, 0x00000000cd500000, 0x00000000cd500000|100%| O|  |TS  9|AC  0|TAMS 0x00000000cd400000, 0x00000000cd400000|
| 101|0x00000000cd500000, 0x00000000cd600000, 0x00000000cd600000|100%| O|  |TS  9|AC  0|TAMS 0x00000000cd500000, 0x00000000cd500000|
| 102|0x00000000cd600000, 0x00000000cd700000, 0x00000000cd700000|100%| O|  |TS  9|AC  0|TAMS 0x00000000cd600000, 0x00000000cd600000|
| 103|0x00000000cd700000, 0x00000000cd780000, 0x00000000cd800000| 50%| O|  |TS  9|AC  0|TAMS 0x00000000cd700000, 0x00000000cd700000|
| 104|0x00000000cd800000, 0x00000000cd800000, 0x00000000cd900000|  0%| F|  |TS  5|AC  0|TAMS 0x00000000cd800000, 0x00000000cd800000|
| 105|0x00000000cd900000, 0x00000000cd900000, 0x00000000cda00000|  0%| F|  |TS  5|AC  0|TAMS 0x00000000cd900000, 0x00000000cd900000|
| 106|0x00000000cda00000, 0x00000000cda00000, 0x00000000cdb00000|  0%| F|  |TS  5|AC  0|TAMS 0x00000000cda00000, 0x00000000cda00000|
| 107|0x00000000cdb00000, 0x00000000cdb00000, 0x00000000cdc00000|  0%| F|  |TS  5|AC  0|TAMS 0x00000000cdb00000, 0x00000000cdb00000|
| 108|0x00000000cdc00000, 0x00000000cdc00000, 0x00000000cdd00000|  0%| F|  |TS  5|AC  0|TAMS 0x00000000cdc00000, 0x00000000cdc00000|
| 109|0x00000000cdd00000, 0x00000000cdd00000, 0x00000000cde00000|  0%| F|  |TS  5|AC  0|TAMS 0x00000000cdd00000, 0x00000000cdd00000|
| 110|0x00000000cde00000, 0x00000000cde00000, 0x00000000cdf00000|  0%| F|  |TS  5|AC  0|TAMS 0x00000000cde00000, 0x00000000cde00000|
| 111|0x00000000cdf00000, 0x00000000cdf00000, 0x00000000ce000000|  0%| F|  |TS  5|AC  0|TAMS 0x00000000cdf00000, 0x00000000cdf00000|
| 112|0x00000000ce000000, 0x00000000ce000000, 0x00000000ce100000|  0%| F|  |TS  5|AC  0|TAMS 0x00000000ce000000, 0x00000000ce000000|
| 113|0x00000000ce100000, 0x00000000ce100000, 0x00000000ce200000|  0%| F|  |TS  5|AC  0|TAMS 0x00000000ce100000, 0x00000000ce100000|
| 114|0x00000000ce200000, 0x00000000ce200000, 0x00000000ce300000|  0%| F|  |TS  8|AC  0|TAMS 0x00000000ce200000, 0x00000000ce200000|
| 115|0x00000000ce300000, 0x00000000ce300000, 0x00000000ce400000|  0%| F|  |TS  8|AC  0|TAMS 0x00000000ce300000, 0x00000000ce300000|
| 116|0x00000000ce400000, 0x00000000ce400000, 0x00000000ce500000|  0%| F|  |TS  7|AC  0|TAMS 0x00000000ce400000, 0x00000000ce400000|
| 117|0x00000000ce500000, 0x00000000ce500000, 0x00000000ce600000|  0%| F|  |TS  7|AC  0|TAMS 0x00000000ce500000, 0x00000000ce500000|
| 118|0x00000000ce600000, 0x00000000ce600000, 0x00000000ce700000|  0%| F|  |TS  7|AC  0|TAMS 0x00000000ce600000, 0x00000000ce600000|
| 119|0x00000000ce700000, 0x00000000ce700000, 0x00000000ce800000|  0%| F|  |TS  8|AC  0|TAMS 0x00000000ce700000, 0x00000000ce700000|
| 120|0x00000000ce800000, 0x00000000ce800000, 0x00000000ce900000|  0%| F|  |TS  7|AC  0|TAMS 0x00000000ce800000, 0x00000000ce800000|
| 121|0x00000000ce900000, 0x00000000ce900000, 0x00000000cea00000|  0%| F|  |TS  7|AC  0|TAMS 0x00000000ce900000, 0x00000000ce900000|
| 122|0x00000000cea00000, 0x00000000cea00000, 0x00000000ceb00000|  0%| F|  |TS  7|AC  0|TAMS 0x00000000cea00000, 0x00000000cea00000|
| 123|0x00000000ceb00000, 0x00000000ceb00000, 0x00000000cec00000|  0%| F|  |TS  7|AC  0|TAMS 0x00000000ceb00000, 0x00000000ceb00000|
| 124|0x00000000cec00000, 0x00000000cec00000, 0x00000000ced00000|  0%| F|  |TS  9|AC  0|TAMS 0x00000000cec00000, 0x00000000cec00000|
| 125|0x00000000ced00000, 0x00000000ced00000, 0x00000000cee00000|  0%| F|  |TS  9|AC  0|TAMS 0x00000000ced00000, 0x00000000ced00000|
| 126|0x00000000cee00000, 0x00000000cee00000, 0x00000000cef00000|  0%| F|  |TS  8|AC  0|TAMS 0x00000000cee00000, 0x00000000cee00000|
| 127|0x00000000cef00000, 0x00000000cef00000, 0x00000000cf000000|  0%| F|  |TS  8|AC  0|TAMS 0x00000000cef00000, 0x00000000cef00000|
| 128|0x00000000cf000000, 0x00000000cf000000, 0x00000000cf100000|  0%| F|  |TS  8|AC  0|TAMS 0x00000000cf000000, 0x00000000cf000000|
| 129|0x00000000cf100000, 0x00000000cf200000, 0x00000000cf200000|100%| S|CS|TS  9|AC  0|TAMS 0x00000000cf100000, 0x00000000cf100000|
| 130|0x00000000cf200000, 0x00000000cf300000, 0x00000000cf300000|100%| S|CS|TS  9|AC  0|TAMS 0x00000000cf200000, 0x00000000cf200000|
| 131|0x00000000cf300000, 0x00000000cf300000, 0x00000000cf400000|  0%| F|  |TS  9|AC  0|TAMS 0x00000000cf300000, 0x00000000cf300000|
| 132|0x00000000cf400000, 0x00000000cf400000, 0x00000000cf500000|  0%| F|  |TS  9|AC  0|TAMS 0x00000000cf400000, 0x00000000cf400000|
| 133|0x00000000cf500000, 0x00000000cf500000, 0x00000000cf600000|  0%| F|  |TS  9|AC  0|TAMS 0x00000000cf500000, 0x00000000cf500000|
| 134|0x00000000cf600000, 0x00000000cf600000, 0x00000000cf700000|  0%| F|  |TS  9|AC  0|TAMS 0x00000000cf600000, 0x00000000cf600000|
| 135|0x00000000cf700000, 0x00000000cf700000, 0x00000000cf800000|  0%| F|  |TS  9|AC  0|TAMS 0x00000000cf700000, 0x00000000cf700000|
| 136|0x00000000cf800000, 0x00000000cf800000, 0x00000000cf900000|  0%| F|  |TS  9|AC  0|TAMS 0x00000000cf800000, 0x00000000cf800000|
| 137|0x00000000cf900000, 0x00000000cf900000, 0x00000000cfa00000|  0%| F|  |TS  9|AC  0|TAMS 0x00000000cf900000, 0x00000000cf900000|
| 138|0x00000000cfa00000, 0x00000000cfa00000, 0x00000000cfb00000|  0%| F|  |TS  9|AC  0|TAMS 0x00000000cfa00000, 0x00000000cfa00000|

Card table byte_map: [0x00007f374e021000,0x00007f374e1e9000] byte_map_base: 0x00007f374d9e9000

Marking Bits (Prev, Next): (CMBitMap*) 0x00007f3768060b10, (CMBitMap*) 0x00007f3768060b48
 Prev Bits: [0x00007f374d019000, 0x00007f374de59000)
 Next Bits: [0x00007f374c1d9000, 0x00007f374d019000)

Polling page: 0x00007f376f01e000

CodeHeap 'non-profiled nmethods': size=120032Kb used=24Kb max_used=24Kb free=120007Kb
 bounds [0x00007f3756770000, 0x00007f37569e0000, 0x00007f375dca8000]
CodeHeap 'profiled nmethods': size=120032Kb used=70Kb max_used=70Kb free=119962Kb
 bounds [0x00007f374f238000, 0x00007f374f4a8000, 0x00007f3756770000]
CodeHeap 'non-nmethods': size=5696Kb used=983Kb max_used=995Kb free=4712Kb
 bounds [0x00007f374eca8000, 0x00007f374ef18000, 0x00007f374f238000]
 total_blobs=369 nmethods=66 adapters=156
 compilation: enabled

Compilation events (10 events):
Event: 1.138 Thread 0x00007f376811d800   64 %     3       com.vietjack.HelloWorld::main @ 23 (72 bytes)
Event: 1.140 Thread 0x00007f3768119800 nmethod 62 0x00007f3756774790 code [0x00007f3756774940, 0x00007f3756774dd8]
Event: 1.140 Thread 0x00007f3768119800   63       4       java.util.LinkedList::linkLast (59 bytes)
Event: 1.145 Thread 0x00007f3768119800 nmethod 63 0x00007f3756774e90 code [0x00007f3756775040, 0x00007f37567754f8]
Event: 1.256 Thread 0x00007f376811b800 nmethod 61 0x00007f3756775610 code [0x00007f37567757c0, 0x00007f3756775898]
Event: 1.256 Thread 0x00007f376811d800 nmethod 64% 0x00007f374f247810 code [0x00007f374f247a80, 0x00007f374f248408]
Event: 1.256 Thread 0x00007f376811d800   65       3       com.vietjack.HelloWorld::main (72 bytes)
Event: 1.257 Thread 0x00007f376811d800 nmethod 65 0x00007f374f248890 code [0x00007f374f248b00, 0x00007f374f2493c8]
Event: 1.257 Thread 0x00007f3768119800   66 %     4       com.vietjack.HelloWorld::main @ 23 (72 bytes)
Event: 1.295 Thread 0x00007f3768119800 nmethod 66% 0x00007f3756775990 code [0x00007f3756775b40, 0x00007f3756776078]

GC Heap History (10 events):
Event: 1.382 GC heap after
{Heap after GC invocations=4 (full 0):
 garbage-first heap   total 59392K, used 38297K [0x00000000c7000000, 0x0000000100000000)
  region size 1024K, 1 young (1024K), 1 survivors (1024K)
 Metaspace       used 3771K, capacity 4486K, committed 4864K, reserved 1056768K
  class space    used 321K, capacity 386K, committed 512K, reserved 1048576K
}
Event: 1.385 GC heap before
{Heap before GC invocations=4 (full 0):
 garbage-first heap   total 59392K, used 42393K [0x00000000c7000000, 0x0000000100000000)
  region size 1024K, 5 young (5120K), 1 survivors (1024K)
 Metaspace       used 3771K, capacity 4486K, committed 4864K, reserved 1056768K
  class space    used 321K, capacity 386K, committed 512K, reserved 1048576K
}
Event: 1.431 GC heap after
{Heap after GC invocations=5 (full 0):
 garbage-first heap   total 142336K, used 43378K [0x00000000c7000000, 0x0000000100000000)
  region size 1024K, 1 young (1024K), 1 survivors (1024K)
 Metaspace       used 3771K, capacity 4486K, committed 4864K, reserved 1056768K
  class space    used 321K, capacity 386K, committed 512K, reserved 1048576K
}
Event: 1.451 GC heap before
{Heap before GC invocations=5 (full 0):
 garbage-first heap   total 142336K, used 63858K [0x00000000c7000000, 0x0000000100000000)
  region size 1024K, 21 young (21504K), 1 survivors (1024K)
 Metaspace       used 3771K, capacity 4486K, committed 4864K, reserved 1056768K
  class space    used 321K, capacity 386K, committed 512K, reserved 1048576K
}
Event: 1.534 GC heap after
{Heap after GC invocations=6 (full 0):
 garbage-first heap   total 142336K, used 64467K [0x00000000c7000000, 0x0000000100000000)
  region size 1024K, 3 young (3072K), 3 survivors (3072K)
 Metaspace       used 3771K, capacity 4486K, committed 4864K, reserved 1056768K
  class space    used 321K, capacity 386K, committed 512K, reserved 1048576K
}
Event: 1.549 GC heap before
{Heap before GC invocations=6 (full 0):
 garbage-first heap   total 142336K, used 83923K [0x00000000c7000000, 0x0000000100000000)
  region size 1024K, 22 young (22528K), 3 survivors (3072K)
 Metaspace       used 3771K, capacity 4486K, committed 4864K, reserved 1056768K
  class space    used 321K, capacity 386K, committed 512K, reserved 1048576K
}
Event: 1.644 GC heap after
{Heap after GC invocations=7 (full 0):
 garbage-first heap   total 142336K, used 84480K [0x00000000c7000000, 0x0000000100000000)
  region size 1024K, 3 young (3072K), 3 survivors (3072K)
 Metaspace       used 3771K, capacity 4486K, committed 4864K, reserved 1056768K
  class space    used 321K, capacity 386K, committed 512K, reserved 1048576K
}
Event: 1.655 GC heap before
{Heap before GC invocations=7 (full 0):
 garbage-first heap   total 142336K, used 97792K [0x00000000c7000000, 0x0000000100000000)
  region size 1024K, 16 young (16384K), 3 survivors (3072K)
 Metaspace       used 3771K, capacity 4486K, committed 4864K, reserved 1056768K
  class space    used 321K, capacity 386K, committed 512K, reserved 1048576K
}
Event: 1.733 GC heap after
{Heap after GC invocations=8 (full 0):
 garbage-first heap   total 142336K, used 98816K [0x00000000c7000000, 0x0000000100000000)
  region size 1024K, 2 young (2048K), 2 survivors (2048K)
 Metaspace       used 3771K, capacity 4486K, committed 4864K, reserved 1056768K
  class space    used 321K, capacity 386K, committed 512K, reserved 1048576K
}
Event: 1.747 GC heap before
{Heap before GC invocations=8 (full 0):
 garbage-first heap   total 142336K, used 107008K [0x00000000c7000000, 0x0000000100000000)
  region size 1024K, 10 young (10240K), 2 survivors (2048K)
 Metaspace       used 3771K, capacity 4486K, committed 4864K, reserved 1056768K
  class space    used 321K, capacity 386K, committed 512K, reserved 1048576K
}

Deoptimization events (0 events):
No events

Classes redefined (0 events):
No events

Internal exceptions (0 events):
No events

Events (10 events):
Event: 1.382 Executing VM operation: G1IncCollectionPause done
Event: 1.385 Executing VM operation: G1IncCollectionPause
Event: 1.431 Executing VM operation: G1IncCollectionPause done
Event: 1.451 Executing VM operation: G1IncCollectionPause
Event: 1.534 Executing VM operation: G1IncCollectionPause done
Event: 1.549 Executing VM operation: G1IncCollectionPause
Event: 1.644 Executing VM operation: G1IncCollectionPause done
Event: 1.655 Executing VM operation: G1IncCollectionPause
Event: 1.733 Executing VM operation: G1IncCollectionPause done
Event: 1.747 Executing VM operation: G1IncCollectionPause


Dynamic libraries:
c7000000-cfb00000 rw-p 00000000 00:00 0 
e1100000-100000000 ---p 00000000 00:00 0 
100000000-100080000 rw-p 00000000 00:00 0 
100080000-140000000 ---p 00000000 00:00 0 
563c6e2e1000-563c6e2e2000 r-xp 00000000 08:01 1704150                    /usr/lib/jvm/java-11-openjdk-amd64/bin/java
563c6e4e2000-563c6e4e3000 r--p 00001000 08:01 1704150                    /usr/lib/jvm/java-11-openjdk-amd64/bin/java
563c6e4e3000-563c6e4e4000 rw-p 00002000 08:01 1704150                    /usr/lib/jvm/java-11-openjdk-amd64/bin/java
563c6f86f000-563c6f890000 rw-p 00000000 00:00 0                          [heap]
7f36e8000000-7f36e8021000 rw-p 00000000 00:00 0 
7f36e8021000-7f36ec000000 ---p 00000000 00:00 0 
7f36f0000000-7f36f0021000 rw-p 00000000 00:00 0 
7f36f0021000-7f36f4000000 ---p 00000000 00:00 0 
7f36f4000000-7f36f4021000 rw-p 00000000 00:00 0 
7f36f4021000-7f36f8000000 ---p 00000000 00:00 0 
7f36f8000000-7f36f803e000 rw-p 00000000 00:00 0 
7f36f803e000-7f36fc000000 ---p 00000000 00:00 0 
7f36fc000000-7f36fc021000 rw-p 00000000 00:00 0 
7f36fc021000-7f3700000000 ---p 00000000 00:00 0 
7f3700000000-7f3700101000 rw-p 00000000 00:00 0 
7f3700101000-7f3704000000 ---p 00000000 00:00 0 
7f3704000000-7f3704021000 rw-p 00000000 00:00 0 
7f3704021000-7f3708000000 ---p 00000000 00:00 0 
7f3708000000-7f3708021000 rw-p 00000000 00:00 0 
7f3708021000-7f370c000000 ---p 00000000 00:00 0 
7f370f298000-7f370f2af000 r-xp 00000000 08:01 1719370                    /usr/lib/jvm/java-11-openjdk-amd64/lib/libnet.so
7f370f2af000-7f370f4ae000 ---p 00017000 08:01 1719370                    /usr/lib/jvm/java-11-openjdk-amd64/lib/libnet.so
7f370f4ae000-7f370f4af000 r--p 00016000 08:01 1719370                    /usr/lib/jvm/java-11-openjdk-amd64/lib/libnet.so
7f370f4af000-7f370f4b0000 rw-p 00017000 08:01 1719370                    /usr/lib/jvm/java-11-openjdk-amd64/lib/libnet.so
7f370f4b0000-7f3710000000 r--p 00000000 08:01 268912                     /usr/lib/locale/locale-archive
7f3710000000-7f3710021000 rw-p 00000000 00:00 0 
7f3710021000-7f3714000000 ---p 00000000 00:00 0 
7f3714000000-7f3714021000 rw-p 00000000 00:00 0 
7f3714021000-7f3718000000 ---p 00000000 00:00 0 
7f3718000000-7f3718021000 rw-p 00000000 00:00 0 
7f3718021000-7f371c000000 ---p 00000000 00:00 0 
7f371c000000-7f371c049000 rw-p 00000000 00:00 0 
7f371c049000-7f3720000000 ---p 00000000 00:00 0 
7f3720000000-7f3720021000 rw-p 00000000 00:00 0 
7f3720021000-7f3724000000 ---p 00000000 00:00 0 
7f3724000000-7f3724021000 rw-p 00000000 00:00 0 
7f3724021000-7f3728000000 ---p 00000000 00:00 0 
7f3728000000-7f3728021000 rw-p 00000000 00:00 0 
7f3728021000-7f372c000000 ---p 00000000 00:00 0 
7f372c000000-7f372c021000 rw-p 00000000 00:00 0 
7f372c021000-7f3730000000 ---p 00000000 00:00 0 
7f3730000000-7f3730021000 rw-p 00000000 00:00 0 
7f3730021000-7f3734000000 ---p 00000000 00:00 0 
7f37340d1000-7f37340e2000 r-xp 00000000 08:01 1719373                    /usr/lib/jvm/java-11-openjdk-amd64/lib/libnio.so
7f37340e2000-7f37342e1000 ---p 00011000 08:01 1719373                    /usr/lib/jvm/java-11-openjdk-amd64/lib/libnio.so
7f37342e1000-7f37342e2000 r--p 00010000 08:01 1719373                    /usr/lib/jvm/java-11-openjdk-amd64/lib/libnio.so
7f37342e2000-7f37342e3000 rw-p 00011000 08:01 1719373                    /usr/lib/jvm/java-11-openjdk-amd64/lib/libnio.so
7f37342e3000-7f37342e7000 ---p 00000000 00:00 0 
7f37342e7000-7f37343e4000 rw-p 00000000 00:00 0 
7f37343e4000-7f37343e5000 ---p 00000000 00:00 0 
7f37343e5000-7f37344e6000 rw-p 00000000 00:00 0 
7f37344e6000-7f37344ea000 ---p 00000000 00:00 0 
7f37344ea000-7f37345e7000 rw-p 00000000 00:00 0 
7f37345e7000-7f37345eb000 ---p 00000000 00:00 0 
7f37345eb000-7f37346e8000 rw-p 00000000 00:00 0 
7f37346e8000-7f37346ec000 ---p 00000000 00:00 0 
7f37346ec000-7f37347e9000 rw-p 00000000 00:00 0 
7f37347e9000-7f37347ed000 ---p 00000000 00:00 0 
7f37347ed000-7f37348ea000 rw-p 00000000 00:00 0 
7f37348ea000-7f37348ee000 ---p 00000000 00:00 0 
7f37348ee000-7f37349eb000 rw-p 00000000 00:00 0 
7f37349eb000-7f37349ef000 ---p 00000000 00:00 0 
7f37349ef000-7f3734aec000 rw-p 00000000 00:00 0 
7f3734aec000-7f3734af0000 ---p 00000000 00:00 0 
7f3734af0000-7f3734bed000 rw-p 00000000 00:00 0 
7f3734bed000-7f3734bf1000 ---p 00000000 00:00 0 
7f3734bf1000-7f3734cee000 rw-p 00000000 00:00 0 
7f3734cee000-7f3734cef000 ---p 00000000 00:00 0 
7f3734cef000-7f3735230000 rw-p 00000000 00:00 0 
7f3735230000-7f37355f0000 ---p 00000000 00:00 0 
7f37355f0000-7f37355f1000 ---p 00000000 00:00 0 
7f37355f1000-7f37356f2000 rw-p 00000000 00:00 0 
7f37356f2000-7f37356f3000 ---p 00000000 00:00 0 
7f37356f3000-7f37357f4000 rw-p 00000000 00:00 0 
7f37357f4000-7f37357f5000 ---p 00000000 00:00 0 
7f37357f5000-7f37358f6000 rw-p 00000000 00:00 0 
7f37358f6000-7f37358f7000 ---p 00000000 00:00 0 
7f37358f7000-7f37359f8000 rw-p 00000000 00:00 0 
7f37359f8000-7f37359f9000 ---p 00000000 00:00 0 
7f37359f9000-7f3737efe000 rw-p 00000000 00:00 0 
7f3737efe000-7f3737eff000 ---p 00000000 00:00 0 
7f3737eff000-7f3738000000 rw-p 00000000 00:00 0 
7f3738000000-7f3738021000 rw-p 00000000 00:00 0 
7f3738021000-7f373c000000 ---p 00000000 00:00 0 
7f373c000000-7f373c021000 rw-p 00000000 00:00 0 
7f373c021000-7f3740000000 ---p 00000000 00:00 0 
7f3740000000-7f3740021000 rw-p 00000000 00:00 0 
7f3740021000-7f3744000000 ---p 00000000 00:00 0 
7f3744000000-7f3744021000 rw-p 00000000 00:00 0 
7f3744021000-7f3748000000 ---p 00000000 00:00 0 
7f3748000000-7f3748021000 rw-p 00000000 00:00 0 
7f3748021000-7f374c000000 ---p 00000000 00:00 0 
7f374c0a6000-7f374c0d7000 rw-p 00000000 00:00 0 
7f374c0d7000-7f374c0d8000 ---p 00000000 00:00 0 
7f374c0d8000-7f374c405000 rw-p 00000000 00:00 0 
7f374c405000-7f374d019000 ---p 00000000 00:00 0 
7f374d019000-7f374d245000 rw-p 00000000 00:00 0 
7f374d245000-7f374de59000 ---p 00000000 00:00 0 
7f374de59000-7f374de9f000 rw-p 00000000 00:00 0 
7f374de9f000-7f374e021000 ---p 00000000 00:00 0 
7f374e021000-7f374e067000 rw-p 00000000 00:00 0 
7f374e067000-7f374e1e9000 ---p 00000000 00:00 0 
7f374e1e9000-7f374e22f000 rw-p 00000000 00:00 0 
7f374e22f000-7f374e3b1000 ---p 00000000 00:00 0 
7f374e3b1000-7f374e7b5000 rw-p 00000000 00:00 0 
7f374e7b5000-7f374e7b6000 ---p 00000000 00:00 0 
7f374e7b6000-7f374e8b7000 rw-p 00000000 00:00 0 
7f374e8b7000-7f374e8b8000 ---p 00000000 00:00 0 
7f374e8b8000-7f374e9b9000 rw-p 00000000 00:00 0 
7f374e9b9000-7f374e9ba000 ---p 00000000 00:00 0 
7f374e9ba000-7f374eabb000 rw-p 00000000 00:00 0 
7f374eabb000-7f374eabc000 ---p 00000000 00:00 0 
7f374eabc000-7f374ebc2000 rw-p 00000000 00:00 0 
7f374ebc2000-7f374eca8000 ---p 00000000 00:00 0 
7f374eca8000-7f374ef18000 rwxp 00000000 00:00 0 
7f374ef18000-7f374f238000 ---p 00000000 00:00 0 
7f374f238000-7f374f4a8000 rwxp 00000000 00:00 0 
7f374f4a8000-7f3756770000 ---p 00000000 00:00 0 
7f3756770000-7f37569e0000 rwxp 00000000 00:00 0 
7f37569e0000-7f375dca8000 ---p 00000000 00:00 0 
7f375dca8000-7f3767182000 r--s 00000000 08:01 1719383                    /usr/lib/jvm/java-11-openjdk-amd64/lib/modules
7f3767182000-7f3767187000 r-xp 00000000 08:01 1719361                    /usr/lib/jvm/java-11-openjdk-amd64/lib/libjimage.so
7f3767187000-7f3767386000 ---p 00005000 08:01 1719361                    /usr/lib/jvm/java-11-openjdk-amd64/lib/libjimage.so
7f3767386000-7f3767387000 r--p 00004000 08:01 1719361                    /usr/lib/jvm/java-11-openjdk-amd64/lib/libjimage.so
7f3767387000-7f3767388000 rw-p 00005000 08:01 1719361                    /usr/lib/jvm/java-11-openjdk-amd64/lib/libjimage.so
7f3767388000-7f376738f000 r-xp 00000000 08:01 1719382                    /usr/lib/jvm/java-11-openjdk-amd64/lib/libzip.so
7f376738f000-7f376758e000 ---p 00007000 08:01 1719382                    /usr/lib/jvm/java-11-openjdk-amd64/lib/libzip.so
7f376758e000-7f376758f000 r--p 00006000 08:01 1719382                    /usr/lib/jvm/java-11-openjdk-amd64/lib/libzip.so
7f376758f000-7f3767590000 rw-p 00007000 08:01 1719382                    /usr/lib/jvm/java-11-openjdk-amd64/lib/libzip.so
7f3767590000-7f376759b000 r-xp 00000000 08:01 27660968                   /lib/x86_64-linux-gnu/libnss_files-2.27.so
7f376759b000-7f376779a000 ---p 0000b000 08:01 27660968                   /lib/x86_64-linux-gnu/libnss_files-2.27.so
7f376779a000-7f376779b000 r--p 0000a000 08:01 27660968                   /lib/x86_64-linux-gnu/libnss_files-2.27.so
7f376779b000-7f376779c000 rw-p 0000b000 08:01 27660968                   /lib/x86_64-linux-gnu/libnss_files-2.27.so
7f376779c000-7f37677a2000 rw-p 00000000 00:00 0 
7f37677a2000-7f37677b9000 r-xp 00000000 08:01 27660962                   /lib/x86_64-linux-gnu/libnsl-2.27.so
7f37677b9000-7f37679b8000 ---p 00017000 08:01 27660962                   /lib/x86_64-linux-gnu/libnsl-2.27.so
7f37679b8000-7f37679b9000 r--p 00016000 08:01 27660962                   /lib/x86_64-linux-gnu/libnsl-2.27.so
7f37679b9000-7f37679ba000 rw-p 00017000 08:01 27660962                   /lib/x86_64-linux-gnu/libnsl-2.27.so
7f37679ba000-7f37679bc000 rw-p 00000000 00:00 0 
7f37679bc000-7f37679c7000 r-xp 00000000 08:01 27660979                   /lib/x86_64-linux-gnu/libnss_nis-2.27.so
7f37679c7000-7f3767bc6000 ---p 0000b000 08:01 27660979                   /lib/x86_64-linux-gnu/libnss_nis-2.27.so
7f3767bc6000-7f3767bc7000 r--p 0000a000 08:01 27660979                   /lib/x86_64-linux-gnu/libnss_nis-2.27.so
7f3767bc7000-7f3767bc8000 rw-p 0000b000 08:01 27660979                   /lib/x86_64-linux-gnu/libnss_nis-2.27.so
7f3767bc8000-7f3767bd0000 r-xp 00000000 08:01 27660964                   /lib/x86_64-linux-gnu/libnss_compat-2.27.so
7f3767bd0000-7f3767dd0000 ---p 00008000 08:01 27660964                   /lib/x86_64-linux-gnu/libnss_compat-2.27.so
7f3767dd0000-7f3767dd1000 r--p 00008000 08:01 27660964                   /lib/x86_64-linux-gnu/libnss_compat-2.27.so
7f3767dd1000-7f3767dd2000 rw-p 00009000 08:01 27660964                   /lib/x86_64-linux-gnu/libnss_compat-2.27.so
7f3767dd2000-7f3767dfe000 r-xp 00000000 08:01 1704684                    /usr/lib/jvm/java-11-openjdk-amd64/lib/libjava.so
7f3767dfe000-7f3767ffd000 ---p 0002c000 08:01 1704684                    /usr/lib/jvm/java-11-openjdk-amd64/lib/libjava.so
7f3767ffd000-7f3767ffe000 r--p 0002b000 08:01 1704684                    /usr/lib/jvm/java-11-openjdk-amd64/lib/libjava.so
7f3767ffe000-7f3768000000 rw-p 0002c000 08:01 1704684                    /usr/lib/jvm/java-11-openjdk-amd64/lib/libjava.so
7f3768000000-7f37681f5000 rw-p 00000000 00:00 0 
7f37681f5000-7f376c000000 ---p 00000000 00:00 0 
7f376c01c000-7f376c097000 rw-p 00000000 00:00 0 
7f376c097000-7f376c17d000 ---p 00000000 00:00 0 
7f376c17d000-7f376c18a000 r-xp 00000000 08:01 1719381                    /usr/lib/jvm/java-11-openjdk-amd64/lib/libverify.so
7f376c18a000-7f376c389000 ---p 0000d000 08:01 1719381                    /usr/lib/jvm/java-11-openjdk-amd64/lib/libverify.so
7f376c389000-7f376c38b000 r--p 0000c000 08:01 1719381                    /usr/lib/jvm/java-11-openjdk-amd64/lib/libverify.so
7f376c38b000-7f376c38c000 rw-p 0000e000 08:01 1719381                    /usr/lib/jvm/java-11-openjdk-amd64/lib/libverify.so
7f376c38c000-7f376c393000 r-xp 00000000 08:01 27661019                   /lib/x86_64-linux-gnu/librt-2.27.so
7f376c393000-7f376c592000 ---p 00007000 08:01 27661019                   /lib/x86_64-linux-gnu/librt-2.27.so
7f376c592000-7f376c593000 r--p 00006000 08:01 27661019                   /lib/x86_64-linux-gnu/librt-2.27.so
7f376c593000-7f376c594000 rw-p 00007000 08:01 27661019                   /lib/x86_64-linux-gnu/librt-2.27.so
7f376c594000-7f376c5ab000 r-xp 00000000 08:01 27660915                   /lib/x86_64-linux-gnu/libgcc_s.so.1
7f376c5ab000-7f376c7aa000 ---p 00017000 08:01 27660915                   /lib/x86_64-linux-gnu/libgcc_s.so.1
7f376c7aa000-7f376c7ab000 r--p 00016000 08:01 27660915                   /lib/x86_64-linux-gnu/libgcc_s.so.1
7f376c7ab000-7f376c7ac000 rw-p 00017000 08:01 27660915                   /lib/x86_64-linux-gnu/libgcc_s.so.1
7f376c7ac000-7f376c949000 r-xp 00000000 08:01 27660941                   /lib/x86_64-linux-gnu/libm-2.27.so
7f376c949000-7f376cb48000 ---p 0019d000 08:01 27660941                   /lib/x86_64-linux-gnu/libm-2.27.so
7f376cb48000-7f376cb49000 r--p 0019c000 08:01 27660941                   /lib/x86_64-linux-gnu/libm-2.27.so
7f376cb49000-7f376cb4a000 rw-p 0019d000 08:01 27660941                   /lib/x86_64-linux-gnu/libm-2.27.so
7f376cb4a000-7f376ccc8000 r-xp 00000000 08:01 270955                     /usr/lib/x86_64-linux-gnu/libstdc++.so.6.0.25
7f376ccc8000-7f376cec8000 ---p 0017e000 08:01 270955                     /usr/lib/x86_64-linux-gnu/libstdc++.so.6.0.25
7f376cec8000-7f376ced2000 r--p 0017e000 08:01 270955                     /usr/lib/x86_64-linux-gnu/libstdc++.so.6.0.25
7f376ced2000-7f376ced4000 rw-p 00188000 08:01 270955                     /usr/lib/x86_64-linux-gnu/libstdc++.so.6.0.25
7f376ced4000-7f376ced8000 rw-p 00000000 00:00 0 
7f376ced8000-7f376de75000 r-xp 00000000 08:01 1719386                    /usr/lib/jvm/java-11-openjdk-amd64/lib/server/libjvm.so
7f376de75000-7f376e075000 ---p 00f9d000 08:01 1719386                    /usr/lib/jvm/java-11-openjdk-amd64/lib/server/libjvm.so
7f376e075000-7f376e139000 r--p 00f9d000 08:01 1719386                    /usr/lib/jvm/java-11-openjdk-amd64/lib/server/libjvm.so
7f376e139000-7f376e171000 rw-p 01061000 08:01 1719386                    /usr/lib/jvm/java-11-openjdk-amd64/lib/server/libjvm.so
7f376e171000-7f376e1ba000 rw-p 00000000 00:00 0 
7f376e1ba000-7f376e1d4000 r-xp 00000000 08:01 27661011                   /lib/x86_64-linux-gnu/libpthread-2.27.so
7f376e1d4000-7f376e3d3000 ---p 0001a000 08:01 27661011                   /lib/x86_64-linux-gnu/libpthread-2.27.so
7f376e3d3000-7f376e3d4000 r--p 00019000 08:01 27661011                   /lib/x86_64-linux-gnu/libpthread-2.27.so
7f376e3d4000-7f376e3d5000 rw-p 0001a000 08:01 27661011                   /lib/x86_64-linux-gnu/libpthread-2.27.so
7f376e3d5000-7f376e3d9000 rw-p 00000000 00:00 0 
7f376e3d9000-7f376e3dc000 r-xp 00000000 08:01 27660901                   /lib/x86_64-linux-gnu/libdl-2.27.so
7f376e3dc000-7f376e5db000 ---p 00003000 08:01 27660901                   /lib/x86_64-linux-gnu/libdl-2.27.so
7f376e5db000-7f376e5dc000 r--p 00002000 08:01 27660901                   /lib/x86_64-linux-gnu/libdl-2.27.so
7f376e5dc000-7f376e5dd000 rw-p 00003000 08:01 27660901                   /lib/x86_64-linux-gnu/libdl-2.27.so
7f376e5dd000-7f376e5f9000 r-xp 00000000 08:01 27661050                   /lib/x86_64-linux-gnu/libz.so.1.2.11
7f376e5f9000-7f376e7f8000 ---p 0001c000 08:01 27661050                   /lib/x86_64-linux-gnu/libz.so.1.2.11
7f376e7f8000-7f376e7f9000 r--p 0001b000 08:01 27661050                   /lib/x86_64-linux-gnu/libz.so.1.2.11
7f376e7f9000-7f376e7fa000 rw-p 0001c000 08:01 27661050                   /lib/x86_64-linux-gnu/libz.so.1.2.11
7f376e7fa000-7f376e9e1000 r-xp 00000000 08:01 27660878                   /lib/x86_64-linux-gnu/libc-2.27.so
7f376e9e1000-7f376ebe1000 ---p 001e7000 08:01 27660878                   /lib/x86_64-linux-gnu/libc-2.27.so
7f376ebe1000-7f376ebe5000 r--p 001e7000 08:01 27660878                   /lib/x86_64-linux-gnu/libc-2.27.so
7f376ebe5000-7f376ebe7000 rw-p 001eb000 08:01 27660878                   /lib/x86_64-linux-gnu/libc-2.27.so
7f376ebe7000-7f376ebeb000 rw-p 00000000 00:00 0 
7f376ebeb000-7f376ebfa000 r-xp 00000000 08:01 1704600                    /usr/lib/jvm/java-11-openjdk-amd64/lib/jli/libjli.so
7f376ebfa000-7f376edf9000 ---p 0000f000 08:01 1704600                    /usr/lib/jvm/java-11-openjdk-amd64/lib/jli/libjli.so
7f376edf9000-7f376edfa000 r--p 0000e000 08:01 1704600                    /usr/lib/jvm/java-11-openjdk-amd64/lib/jli/libjli.so
7f376edfa000-7f376edfb000 rw-p 0000f000 08:01 1704600                    /usr/lib/jvm/java-11-openjdk-amd64/lib/jli/libjli.so
7f376edfb000-7f376ee22000 r-xp 00000000 08:01 27660850                   /lib/x86_64-linux-gnu/ld-2.27.so
7f376ee42000-7f376eefe000 rw-p 00000000 00:00 0 
7f376eefe000-7f376ef02000 ---p 00000000 00:00 0 
7f376ef02000-7f376f001000 rw-p 00000000 00:00 0 
7f376f009000-7f376f00f000 rw-p 00000000 00:00 0 
7f376f00f000-7f376f016000 ---p 00000000 00:00 0 
7f376f016000-7f376f01e000 rw-s 00000000 08:01 17835783                   /tmp/hsperfdata_lam/9618
7f376f01e000-7f376f01f000 ---p 00000000 00:00 0 
7f376f01f000-7f376f020000 r--p 00000000 00:00 0 
7f376f020000-7f376f022000 rw-p 00000000 00:00 0 
7f376f022000-7f376f023000 r--p 00027000 08:01 27660850                   /lib/x86_64-linux-gnu/ld-2.27.so
7f376f023000-7f376f024000 rw-p 00028000 08:01 27660850                   /lib/x86_64-linux-gnu/ld-2.27.so
7f376f024000-7f376f025000 rw-p 00000000 00:00 0 
7ffd43fa6000-7ffd43fc7000 rw-p 00000000 00:00 0                          [stack]
7ffd43ff3000-7ffd43ff6000 r--p 00000000 00:00 0                          [vvar]
7ffd43ff6000-7ffd43ff8000 r-xp 00000000 00:00 0                          [vdso]
ffffffffff600000-ffffffffff601000 r-xp 00000000 00:00 0                  [vsyscall]


VM Arguments:
jvm_args: -Dfile.encoding=UTF-8 
java_command: com.vietjack.HelloWorld
java_class_path (initial): /home/lam/eclipse-workspace/CollectionLinkedList/bin
Launcher Type: SUN_STANDARD

Logging:
Log output configuration:
#0: stdout all=warning uptime,level,tags
#1: stderr all=off uptime,level,tags

Environment Variables:
PATH=/usr/local/sbin:/usr/local/bin:/usr/sbin:/usr/bin:/sbin:/bin:/usr/games:/usr/local/games:/snap/bin
USERNAME=lam
SHELL=/bin/bash
DISPLAY=:0

Signal Handlers:
SIGSEGV: [libjvm.so+0xd28ad0], sa_mask[0]=11111111011111111101111111111110, sa_flags=SA_RESTART|SA_SIGINFO
SIGBUS: [libjvm.so+0xd28ad0], sa_mask[0]=11111111011111111101111111111110, sa_flags=SA_RESTART|SA_SIGINFO
SIGFPE: [libjvm.so+0xd28ad0], sa_mask[0]=11111111011111111101111111111110, sa_flags=SA_RESTART|SA_SIGINFO
SIGPIPE: [libjvm.so+0xb2a150], sa_mask[0]=11111111011111111101111111111110, sa_flags=SA_RESTART|SA_SIGINFO
SIGXFSZ: [libjvm.so+0xb2a150], sa_mask[0]=11111111011111111101111111111110, sa_flags=SA_RESTART|SA_SIGINFO
SIGILL: [libjvm.so+0xd28ad0], sa_mask[0]=11111111011111111101111111111110, sa_flags=SA_RESTART|SA_SIGINFO
SIGUSR2: [libjvm.so+0xb29f90], sa_mask[0]=00100000000000000000000000000000, sa_flags=SA_RESTART|SA_SIGINFO
SIGHUP: [libjvm.so+0xb2a0e0], sa_mask[0]=11111111011111111101111111111110, sa_flags=SA_RESTART|SA_SIGINFO
SIGINT: [libjvm.so+0xb2a0e0], sa_mask[0]=11111111011111111101111111111110, sa_flags=SA_RESTART|SA_SIGINFO
SIGTERM: [libjvm.so+0xb2a0e0], sa_mask[0]=11111111011111111101111111111110, sa_flags=SA_RESTART|SA_SIGINFO
SIGQUIT: [libjvm.so+0xb2a0e0], sa_mask[0]=11111111011111111101111111111110, sa_flags=SA_RESTART|SA_SIGINFO


---------------  S Y S T E M  ---------------

OS:DISTRIB_ID=Ubuntu
DISTRIB_RELEASE=18.04
DISTRIB_CODENAME=bionic
DISTRIB_DESCRIPTION="Ubuntu 18.04.1 LTS"
uname:Linux 4.15.0-34-generic #37-Ubuntu SMP Mon Aug 27 15:21:48 UTC 2018 x86_64
libc:glibc 2.27 NPTL 2.27 
rlimit: STACK 8192k, CORE 0k, NPROC 14344, NOFILE 1048576, AS infinity, DATA infinity, FSIZE infinity
load average:1.21 0.94 0.78

/proc/meminfo:
MemTotal:        3732616 kB
MemFree:          119256 kB
MemAvailable:      45716 kB
Buffers:            1556 kB
Cached:           457720 kB
SwapCached:        16724 kB
Active:          2592016 kB
Inactive:         668784 kB
Active(anon):    2571932 kB
Inactive(anon):   648596 kB
Active(file):      20084 kB
Inactive(file):    20188 kB
Unevictable:         124 kB
Mlocked:             124 kB
SwapTotal:       2097148 kB
SwapFree:              0 kB
Dirty:               704 kB
Writeback:             0 kB
AnonPages:       2788768 kB
Mapped:           329964 kB
Shmem:            418932 kB
Slab:             142360 kB
SReclaimable:      51364 kB
SUnreclaim:        90996 kB
KernelStack:       20224 kB
PageTables:        98128 kB
NFS_Unstable:          0 kB
Bounce:                0 kB
WritebackTmp:          0 kB
CommitLimit:     3963456 kB
Committed_AS:   16391996 kB
VmallocTotal:   34359738367 kB
VmallocUsed:           0 kB
VmallocChunk:          0 kB
HardwareCorrupted:     0 kB
AnonHugePages:         0 kB
ShmemHugePages:        0 kB
ShmemPmdMapped:        0 kB
CmaTotal:              0 kB
CmaFree:               0 kB
HugePages_Total:       0
HugePages_Free:        0
HugePages_Rsvd:        0
HugePages_Surp:        0
Hugepagesize:       2048 kB
DirectMap4k:      699152 kB
DirectMap2M:     3184640 kB
DirectMap1G:           0 kB

container (cgroup) information:
container_type: cgroupv1
cpu_cpuset_cpus: 0-3
cpu_memory_nodes: 0
active_processor_count: 4
cpu_quota: -1
cpu_period: 100000
cpu_shares: -1
memory_limit_in_bytes: -1
memory_and_swap_limit_in_bytes: -2
memory_soft_limit_in_bytes: -1
memory_usage_in_bytes: 3329241088
memory_max_usage_in_bytes: 295768064


CPU:total 4 (initial active 4) (2 cores per cpu, 2 threads per core) family 6 model 61 stepping 4, cmov, cx8, fxsr, mmx, sse, sse2, sse3, ssse3, sse4.1, sse4.2, popcnt, avx, avx2, aes, clmul, erms, 3dnowpref, lzcnt, ht, tsc, tscinvbit, bmi1, bmi2, adx, fma
CPU Model and flags from /proc/cpuinfo:
model name	: Intel(R) Core(TM) i5-5200U CPU @ 2.20GHz
flags		: fpu vme de pse tsc msr pae mce cx8 apic sep mtrr pge mca cmov pat pse36 clflush dts acpi mmx fxsr sse sse2 ss ht tm pbe syscall nx pdpe1gb rdtscp lm constant_tsc arch_perfmon pebs bts rep_good nopl xtopology nonstop_tsc cpuid aperfmperf pni pclmulqdq dtes64 monitor ds_cpl vmx est tm2 ssse3 sdbg fma cx16 xtpr pdcm pcid sse4_1 sse4_2 x2apic movbe popcnt tsc_deadline_timer aes xsave avx f16c rdrand lahf_lm abm 3dnowprefetch cpuid_fault epb invpcid_single pti ssbd ibrs ibpb stibp tpr_shadow vnmi flexpriority ept vpid fsgsbase tsc_adjust bmi1 avx2 smep bmi2 erms invpcid rdseed adx smap intel_pt xsaveopt dtherm ida arat pln pts flush_l1d

Memory: 4k page, physical 3732616k(119132k free), swap 2097148k(0k free)

vm_info: OpenJDK 64-Bit Server VM (10.0.2+13-Ubuntu-1ubuntu0.18.04.2) for linux-amd64 JRE (10.0.2+13-Ubuntu-1ubuntu0.18.04.2), built on Aug 24 2018 17:36:24 by "buildd" with gcc 7.3.0

END.
