#
# There is insufficient memory for the Java Runtime Environment to continue.
# Native memory allocation (mmap) failed to map 314572800 bytes for committing reserved memory.
# Possible reasons:
#   The system is out of physical RAM or swap space
#   The process is running with CompressedOops enabled, and the Java Heap may be blocking the growth of the native heap
# Possible solutions:
#   Reduce memory load on the system
#   Increase physical memory or swap space
#   Check if swap backing store is full
#   Decrease Java heap size (-Xmx/-Xms)
#   Decrease number of Java threads
#   Decrease Java thread stack sizes (-Xss)
#   Set larger code cache with -XX:ReservedCodeCacheSize=
#   JVM is running with Unscaled Compressed Oops mode in which the Java heap is
#     placed in the first 4GB address space. The Java Heap base address is the
#     maximum limit for the native heap growth. Please use -XX:HeapBaseMinAddress
#     to set the Java Heap base and to place the Java Heap above 4GB virtual address.
# This output file may be truncated or incomplete.
#
#  Out of Memory Error (os_linux.cpp:2706), pid=9655, tid=9675
#
# JRE version: OpenJDK Runtime Environment (10.0.2+13) (build 10.0.2+13-Ubuntu-1ubuntu0.18.04.2)
# Java VM: OpenJDK 64-Bit Server VM (10.0.2+13-Ubuntu-1ubuntu0.18.04.2, mixed mode, tiered, compressed oops, g1 gc, linux-amd64)
# Core dump will be written. Default location: Core dumps may be processed with "/usr/share/apport/apport %p %s %c %d %P" (or dumping to /home/lam/eclipse-workspace/CollectionLinkedList/core.9655)
#

---------------  S U M M A R Y ------------

Command Line: -Dfile.encoding=UTF-8 com.vietjack.HelloWorld

Host: Intel(R) Core(TM) i5-5200U CPU @ 2.20GHz, 4 cores, 3G, Ubuntu 18.04.1 LTS
Time: Tue Sep 18 22:47:05 2018 CDT elapsed time: 3 seconds (0d 0h 0m 3s)

---------------  T H R E A D  ---------------

Current thread (0x00007f7f080fa000):  VMThread "VM Thread" [stack: 0x00007f7ed51f6000,0x00007f7ed52f6000] [id=9675]

Stack: [0x00007f7ed51f6000,0x00007f7ed52f6000],  sp=0x00007f7ed52f40a0,  free space=1016k
Native frames: (J=compiled Java code, A=aot compiled Java code, j=interpreted, Vv=VM code, C=native code)
V  [libjvm.so+0xd27e04]
V  [libjvm.so+0xd289ab]
V  [libjvm.so+0x64d415]
V  [libjvm.so+0xb2d728]
V  [libjvm.so+0xb25f7d]
V  [libjvm.so+0x7662ff]
V  [libjvm.so+0x76653e]
V  [libjvm.so+0x769500]
V  [libjvm.so+0x7efa1c]
V  [libjvm.so+0x7f06df]
V  [libjvm.so+0x7f0b59]
V  [libjvm.so+0x7162cf]
V  [libjvm.so+0x71a3ba]
V  [libjvm.so+0xd39f68]
V  [libjvm.so+0xd387d1]
V  [libjvm.so+0xd35a9b]
V  [libjvm.so+0xd370be]
V  [libjvm.so+0xd374e8]
V  [libjvm.so+0xb33ca0]

VM_Operation (0x00007f7f0f462760): G1IncCollectionPause, mode: safepoint, requested by thread 0x00007f7f08012000


---------------  P R O C E S S  ---------------

Threads class SMR info:
_java_thread_list=0x00007f7f081a36b0, length=10, elements={
0x00007f7f08012000, 0x00007f7f08104000, 0x00007f7f08106000, 0x00007f7f0810f000,
0x00007f7f08119800, 0x00007f7f0811b800, 0x00007f7f0811d800, 0x00007f7f0811f800,
0x00007f7f0819b800, 0x00007f7f081aa000
}

Java Threads: ( => current thread )
  0x00007f7f08012000 JavaThread "main" [_thread_blocked, id=9663, stack(0x00007f7f0f363000,0x00007f7f0f464000)]
  0x00007f7f08104000 JavaThread "Reference Handler" daemon [_thread_blocked, id=9676, stack(0x00007f7ed50f3000,0x00007f7ed51f4000)]
  0x00007f7f08106000 JavaThread "Finalizer" daemon [_thread_blocked, id=9677, stack(0x00007f7ed4ff2000,0x00007f7ed50f3000)]
  0x00007f7f0810f000 JavaThread "Signal Dispatcher" daemon [_thread_blocked, id=9678, stack(0x00007f7ed43a1000,0x00007f7ed44a2000)]
  0x00007f7f08119800 JavaThread "C2 CompilerThread0" daemon [_thread_blocked, id=9679, stack(0x00007f7ed42a0000,0x00007f7ed43a1000)]
  0x00007f7f0811b800 JavaThread "C2 CompilerThread1" daemon [_thread_blocked, id=9680, stack(0x00007f7ed419f000,0x00007f7ed42a0000)]
  0x00007f7f0811d800 JavaThread "C1 CompilerThread2" daemon [_thread_blocked, id=9681, stack(0x00007f7ed409e000,0x00007f7ed419f000)]
  0x00007f7f0811f800 JavaThread "Sweeper thread" daemon [_thread_blocked, id=9682, stack(0x00007f7ea3eff000,0x00007f7ea4000000)]
  0x00007f7f0819b800 JavaThread "Service Thread" daemon [_thread_blocked, id=9683, stack(0x00007f7ea3dfe000,0x00007f7ea3eff000)]
  0x00007f7f081aa000 JavaThread "Common-Cleaner" daemon [_thread_blocked, id=9685, stack(0x00007f7ea3bfb000,0x00007f7ea3cfc000)]

Other Threads:
=>0x00007f7f080fa000 VMThread "VM Thread" [stack: 0x00007f7ed51f6000,0x00007f7ed52f6000] [id=9675]
  0x00007f7f0819e000 WatcherThread [stack: 0x00007f7ea3cfe000,0x00007f7ea3dfe000] [id=9684]
  0x00007f7f08028800 GCTaskThread "GC Thread#0" [stack: 0x00007f7eeeef5000,0x00007f7eeeff5000] [id=9664]
  0x00007f7f0802a000 GCTaskThread "GC Thread#1" [stack: 0x00007f7eeedf3000,0x00007f7eeeef3000] [id=9665]
  0x00007f7f0802b800 GCTaskThread "GC Thread#2" [stack: 0x00007f7eeecf1000,0x00007f7eeedf1000] [id=9666]
  0x00007f7f0802d000 GCTaskThread "GC Thread#3" [stack: 0x00007f7eeebef000,0x00007f7eeecef000] [id=9667]
  0x00007f7f08061800 ConcurrentGCThread "G1 Main Marker" [stack: 0x00007f7eec511000,0x00007f7eec611000] [id=9668]
  0x00007f7f08063000 ConcurrentGCThread "G1 Conc#0" [stack: 0x00007f7eec40f000,0x00007f7eec50f000] [id=9669]
  0x00007f7f08093000 ConcurrentGCThread "G1 Refine#0" [stack: 0x00007f7ed5f00000,0x00007f7ed6000000] [id=9670]
  0x00007f7f08095000 ConcurrentGCThread "G1 Refine#1" [stack: 0x00007f7ed5dfe000,0x00007f7ed5efe000] [id=9671]
  0x00007f7f08096800 ConcurrentGCThread "G1 Refine#2" [stack: 0x00007f7ed5cfc000,0x00007f7ed5dfc000] [id=9672]
  0x00007f7f08098800 ConcurrentGCThread "G1 Refine#3" [stack: 0x00007f7ed5bfa000,0x00007f7ed5cfa000] [id=9673]
  0x00007f7f0809a000 ConcurrentGCThread "G1 Young RemSet Sampling" [stack: 0x00007f7ed5af8000,0x00007f7ed5bf8000] [id=9674]

Threads with active compile tasks:

VM state:at safepoint (normal execution)

VM Mutex/Monitor currently owned by a thread:  ([mutex/lock_event])
[0x00007f7f0800e2a0] Threads_lock - owner thread: 0x00007f7f080fa000
[0x00007f7f0800e840] Heap_lock - owner thread: 0x00007f7f08012000

Heap address: 0x00000000c7000000, size: 912 MB, Compressed Oops mode: 32-bit
Narrow klass base: 0x0000000000000000, Narrow klass shift: 3
Compressed class space size: 1073741824 Address: 0x0000000100000000

Heap:
 garbage-first heap   total 474112K, used 119296K [0x00000000c7000000, 0x0000000100000000)
  region size 1024K, 2 young (2048K), 2 survivors (2048K)
 Metaspace       used 3787K, capacity 4486K, committed 4864K, reserved 1056768K
  class space    used 322K, capacity 386K, committed 512K, reserved 1048576K
Heap Regions: E=young(eden), S=young(survivor), O=old, HS=humongous(starts), HC=humongous(continues), CS=collection set, F=free, A=archive, TS=gc time stamp, AC=allocation context, TAMS=top-at-mark-start (previous, next)
|   0|0x00000000c7000000, 0x00000000c7100000, 0x00000000c7100000|100%| O|  |TS  1|AC  0|TAMS 0x00000000c7000000, 0x00000000c7100000|
|   1|0x00000000c7100000, 0x00000000c7200000, 0x00000000c7200000|100%| O|  |TS  1|AC  0|TAMS 0x00000000c7100000, 0x00000000c7200000|
|   2|0x00000000c7200000, 0x00000000c7300000, 0x00000000c7300000|100%| O|  |TS  1|AC  0|TAMS 0x00000000c7200000, 0x00000000c7300000|
|   3|0x00000000c7300000, 0x00000000c7400000, 0x00000000c7400000|100%| O|  |TS  1|AC  0|TAMS 0x00000000c7300000, 0x00000000c7400000|
|   4|0x00000000c7400000, 0x00000000c7500000, 0x00000000c7500000|100%| O|  |TS  1|AC  0|TAMS 0x00000000c7400000, 0x00000000c7500000|
|   5|0x00000000c7500000, 0x00000000c7600000, 0x00000000c7600000|100%| O|  |TS  1|AC  0|TAMS 0x00000000c7500000, 0x00000000c7600000|
|   6|0x00000000c7600000, 0x00000000c7700000, 0x00000000c7700000|100%| O|  |TS  1|AC  0|TAMS 0x00000000c7600000, 0x00000000c7700000|
|   7|0x00000000c7700000, 0x00000000c7800000, 0x00000000c7800000|100%| O|  |TS  1|AC  0|TAMS 0x00000000c7700000, 0x00000000c7800000|
|   8|0x00000000c7800000, 0x00000000c7900000, 0x00000000c7900000|100%| O|  |TS  1|AC  0|TAMS 0x00000000c7800000, 0x00000000c7900000|
|   9|0x00000000c7900000, 0x00000000c7a00000, 0x00000000c7a00000|100%| O|  |TS  1|AC  0|TAMS 0x00000000c7900000, 0x00000000c7a00000|
|  10|0x00000000c7a00000, 0x00000000c7b00000, 0x00000000c7b00000|100%| O|  |TS  1|AC  0|TAMS 0x00000000c7a00000, 0x00000000c7b00000|
|  11|0x00000000c7b00000, 0x00000000c7c00000, 0x00000000c7c00000|100%| O|  |TS  2|AC  0|TAMS 0x00000000c7b00000, 0x00000000c7c00000|
|  12|0x00000000c7c00000, 0x00000000c7d00000, 0x00000000c7d00000|100%| O|  |TS  2|AC  0|TAMS 0x00000000c7c00000, 0x00000000c7d00000|
|  13|0x00000000c7d00000, 0x00000000c7e00000, 0x00000000c7e00000|100%| O|  |TS  2|AC  0|TAMS 0x00000000c7d00000, 0x00000000c7e00000|
|  14|0x00000000c7e00000, 0x00000000c7f00000, 0x00000000c7f00000|100%| O|  |TS  2|AC  0|TAMS 0x00000000c7e00000, 0x00000000c7f00000|
|  15|0x00000000c7f00000, 0x00000000c8000000, 0x00000000c8000000|100%| O|  |TS  2|AC  0|TAMS 0x00000000c7f00000, 0x00000000c8000000|
|  16|0x00000000c8000000, 0x00000000c8100000, 0x00000000c8100000|100%| O|  |TS  2|AC  0|TAMS 0x00000000c8000000, 0x00000000c8100000|
|  17|0x00000000c8100000, 0x00000000c8200000, 0x00000000c8200000|100%| O|  |TS  2|AC  0|TAMS 0x00000000c8100000, 0x00000000c8200000|
|  18|0x00000000c8200000, 0x00000000c8300000, 0x00000000c8300000|100%| O|  |TS  2|AC  0|TAMS 0x00000000c8200000, 0x00000000c8300000|
|  19|0x00000000c8300000, 0x00000000c8400000, 0x00000000c8400000|100%| O|  |TS  3|AC  0|TAMS 0x00000000c8300000, 0x00000000c8400000|
|  20|0x00000000c8400000, 0x00000000c8500000, 0x00000000c8500000|100%| O|  |TS  3|AC  0|TAMS 0x00000000c8400000, 0x00000000c8500000|
|  21|0x00000000c8500000, 0x00000000c8600000, 0x00000000c8600000|100%| O|  |TS  3|AC  0|TAMS 0x00000000c8500000, 0x00000000c8600000|
|  22|0x00000000c8600000, 0x00000000c8700000, 0x00000000c8700000|100%| O|  |TS  3|AC  0|TAMS 0x00000000c8600000, 0x00000000c8700000|
|  23|0x00000000c8700000, 0x00000000c8800000, 0x00000000c8800000|100%| O|  |TS  3|AC  0|TAMS 0x00000000c8700000, 0x00000000c8800000|
|  24|0x00000000c8800000, 0x00000000c8900000, 0x00000000c8900000|100%| O|  |TS  3|AC  0|TAMS 0x00000000c8800000, 0x00000000c8900000|
|  25|0x00000000c8900000, 0x00000000c8a00000, 0x00000000c8a00000|100%| O|  |TS  3|AC  0|TAMS 0x00000000c8900000, 0x00000000c8a00000|
|  26|0x00000000c8a00000, 0x00000000c8b00000, 0x00000000c8b00000|100%| O|  |TS  3|AC  0|TAMS 0x00000000c8a00000, 0x00000000c8b00000|
|  27|0x00000000c8b00000, 0x00000000c8c00000, 0x00000000c8c00000|100%| O|  |TS  3|AC  0|TAMS 0x00000000c8b00000, 0x00000000c8c00000|
|  28|0x00000000c8c00000, 0x00000000c8d00000, 0x00000000c8d00000|100%| O|  |TS  3|AC  0|TAMS 0x00000000c8c00000, 0x00000000c8d00000|
|  29|0x00000000c8d00000, 0x00000000c8e00000, 0x00000000c8e00000|100%| O|  |TS  4|AC  0|TAMS 0x00000000c8d00000, 0x00000000c8e00000|
|  30|0x00000000c8e00000, 0x00000000c8f00000, 0x00000000c8f00000|100%| O|  |TS  4|AC  0|TAMS 0x00000000c8e00000, 0x00000000c8f00000|
|  31|0x00000000c8f00000, 0x00000000c9000000, 0x00000000c9000000|100%| O|  |TS  4|AC  0|TAMS 0x00000000c8f00000, 0x00000000c9000000|
|  32|0x00000000c9000000, 0x00000000c9100000, 0x00000000c9100000|100%| O|  |TS  4|AC  0|TAMS 0x00000000c9000000, 0x00000000c9100000|
|  33|0x00000000c9100000, 0x00000000c9200000, 0x00000000c9200000|100%| O|  |TS  4|AC  0|TAMS 0x00000000c9100000, 0x00000000c9200000|
|  34|0x00000000c9200000, 0x00000000c9300000, 0x00000000c9300000|100%| O|  |TS  4|AC  0|TAMS 0x00000000c9200000, 0x00000000c9300000|
|  35|0x00000000c9300000, 0x00000000c9400000, 0x00000000c9400000|100%| O|  |TS  4|AC  0|TAMS 0x00000000c9300000, 0x00000000c9400000|
|  36|0x00000000c9400000, 0x00000000c9500000, 0x00000000c9500000|100%| O|  |TS  5|AC  0|TAMS 0x00000000c9400000, 0x00000000c94dfe00|
|  37|0x00000000c9500000, 0x00000000c9600000, 0x00000000c9600000|100%| O|  |TS  5|AC  0|TAMS 0x00000000c9500000, 0x00000000c9500000|
|  38|0x00000000c9600000, 0x00000000c9700000, 0x00000000c9700000|100%| O|  |TS  5|AC  0|TAMS 0x00000000c9600000, 0x00000000c9600000|
|  39|0x00000000c9700000, 0x00000000c9800000, 0x00000000c9800000|100%| O|  |TS  5|AC  0|TAMS 0x00000000c9700000, 0x00000000c9700000|
|  40|0x00000000c9800000, 0x00000000c9900000, 0x00000000c9900000|100%| O|  |TS  5|AC  0|TAMS 0x00000000c9800000, 0x00000000c9800000|
|  41|0x00000000c9900000, 0x00000000c9a00000, 0x00000000c9a00000|100%| O|  |TS  6|AC  0|TAMS 0x00000000c9900000, 0x00000000c9900000|
|  42|0x00000000c9a00000, 0x00000000c9b00000, 0x00000000c9b00000|100%| O|  |TS  6|AC  0|TAMS 0x00000000c9a00000, 0x00000000c9a00000|
|  43|0x00000000c9b00000, 0x00000000c9c00000, 0x00000000c9c00000|100%| O|  |TS  6|AC  0|TAMS 0x00000000c9b00000, 0x00000000c9b00000|
|  44|0x00000000c9c00000, 0x00000000c9d00000, 0x00000000c9d00000|100%| O|  |TS  6|AC  0|TAMS 0x00000000c9c00000, 0x00000000c9c00000|
|  45|0x00000000c9d00000, 0x00000000c9e00000, 0x00000000c9e00000|100%| O|  |TS  6|AC  0|TAMS 0x00000000c9d00000, 0x00000000c9d00000|
|  46|0x00000000c9e00000, 0x00000000c9f00000, 0x00000000c9f00000|100%| O|  |TS  6|AC  0|TAMS 0x00000000c9e00000, 0x00000000c9e00000|
|  47|0x00000000c9f00000, 0x00000000ca000000, 0x00000000ca000000|100%| O|  |TS  6|AC  0|TAMS 0x00000000c9f00000, 0x00000000c9f00000|
|  48|0x00000000ca000000, 0x00000000ca100000, 0x00000000ca100000|100%| O|  |TS  6|AC  0|TAMS 0x00000000ca000000, 0x00000000ca000000|
|  49|0x00000000ca100000, 0x00000000ca200000, 0x00000000ca200000|100%| O|  |TS  6|AC  0|TAMS 0x00000000ca100000, 0x00000000ca100000|
|  50|0x00000000ca200000, 0x00000000ca300000, 0x00000000ca300000|100%| O|  |TS  6|AC  0|TAMS 0x00000000ca200000, 0x00000000ca200000|
|  51|0x00000000ca300000, 0x00000000ca400000, 0x00000000ca400000|100%| O|  |TS  6|AC  0|TAMS 0x00000000ca300000, 0x00000000ca300000|
|  52|0x00000000ca400000, 0x00000000ca500000, 0x00000000ca500000|100%| O|  |TS  6|AC  0|TAMS 0x00000000ca400000, 0x00000000ca400000|
|  53|0x00000000ca500000, 0x00000000ca600000, 0x00000000ca600000|100%| O|  |TS  7|AC  0|TAMS 0x00000000ca500000, 0x00000000ca500000|
|  54|0x00000000ca600000, 0x00000000ca700000, 0x00000000ca700000|100%| O|  |TS  6|AC  0|TAMS 0x00000000ca600000, 0x00000000ca600000|
|  55|0x00000000ca700000, 0x00000000ca800000, 0x00000000ca800000|100%| O|  |TS  6|AC  0|TAMS 0x00000000ca700000, 0x00000000ca700000|
|  56|0x00000000ca800000, 0x00000000ca900000, 0x00000000ca900000|100%| O|  |TS  6|AC  0|TAMS 0x00000000ca800000, 0x00000000ca800000|
|  57|0x00000000ca900000, 0x00000000caa00000, 0x00000000caa00000|100%| O|  |TS  6|AC  0|TAMS 0x00000000ca900000, 0x00000000ca900000|
|  58|0x00000000caa00000, 0x00000000cab00000, 0x00000000cab00000|100%| O|  |TS  6|AC  0|TAMS 0x00000000caa00000, 0x00000000caa00000|
|  59|0x00000000cab00000, 0x00000000cac00000, 0x00000000cac00000|100%| O|  |TS  7|AC  0|TAMS 0x00000000cab00000, 0x00000000cab00000|
|  60|0x00000000cac00000, 0x00000000cad00000, 0x00000000cad00000|100%| O|  |TS  7|AC  0|TAMS 0x00000000cac00000, 0x00000000cac00000|
|  61|0x00000000cad00000, 0x00000000cae00000, 0x00000000cae00000|100%| O|  |TS  7|AC  0|TAMS 0x00000000cad00000, 0x00000000cad00000|
|  62|0x00000000cae00000, 0x00000000caf00000, 0x00000000caf00000|100%| O|  |TS  7|AC  0|TAMS 0x00000000cae00000, 0x00000000cae00000|
|  63|0x00000000caf00000, 0x00000000cb000000, 0x00000000cb000000|100%| O|  |TS  7|AC  0|TAMS 0x00000000caf00000, 0x00000000caf00000|
|  64|0x00000000cb000000, 0x00000000cb100000, 0x00000000cb100000|100%| O|  |TS  7|AC  0|TAMS 0x00000000cb000000, 0x00000000cb000000|
|  65|0x00000000cb100000, 0x00000000cb200000, 0x00000000cb200000|100%| O|  |TS  7|AC  0|TAMS 0x00000000cb100000, 0x00000000cb100000|
|  66|0x00000000cb200000, 0x00000000cb300000, 0x00000000cb300000|100%| O|  |TS  7|AC  0|TAMS 0x00000000cb200000, 0x00000000cb200000|
|  67|0x00000000cb300000, 0x00000000cb400000, 0x00000000cb400000|100%| O|  |TS  7|AC  0|TAMS 0x00000000cb300000, 0x00000000cb300000|
|  68|0x00000000cb400000, 0x00000000cb500000, 0x00000000cb500000|100%| O|  |TS  7|AC  0|TAMS 0x00000000cb400000, 0x00000000cb400000|
|  69|0x00000000cb500000, 0x00000000cb600000, 0x00000000cb600000|100%| O|  |TS  7|AC  0|TAMS 0x00000000cb500000, 0x00000000cb500000|
|  70|0x00000000cb600000, 0x00000000cb700000, 0x00000000cb700000|100%| O|  |TS  7|AC  0|TAMS 0x00000000cb600000, 0x00000000cb600000|
|  71|0x00000000cb700000, 0x00000000cb800000, 0x00000000cb800000|100%| O|  |TS  7|AC  0|TAMS 0x00000000cb700000, 0x00000000cb700000|
|  72|0x00000000cb800000, 0x00000000cb900000, 0x00000000cb900000|100%| O|  |TS  7|AC  0|TAMS 0x00000000cb800000, 0x00000000cb800000|
|  73|0x00000000cb900000, 0x00000000cba00000, 0x00000000cba00000|100%| O|  |TS  7|AC  0|TAMS 0x00000000cb900000, 0x00000000cb900000|
|  74|0x00000000cba00000, 0x00000000cbb00000, 0x00000000cbb00000|100%| O|  |TS  7|AC  0|TAMS 0x00000000cba00000, 0x00000000cba00000|
|  75|0x00000000cbb00000, 0x00000000cbc00000, 0x00000000cbc00000|100%| O|  |TS  7|AC  0|TAMS 0x00000000cbb00000, 0x00000000cbb00000|
|  76|0x00000000cbc00000, 0x00000000cbd00000, 0x00000000cbd00000|100%| O|  |TS  7|AC  0|TAMS 0x00000000cbc00000, 0x00000000cbc00000|
|  77|0x00000000cbd00000, 0x00000000cbe00000, 0x00000000cbe00000|100%| O|  |TS  7|AC  0|TAMS 0x00000000cbd00000, 0x00000000cbd00000|
|  78|0x00000000cbe00000, 0x00000000cbf00000, 0x00000000cbf00000|100%| O|  |TS  7|AC  0|TAMS 0x00000000cbe00000, 0x00000000cbe00000|
|  79|0x00000000cbf00000, 0x00000000cc000000, 0x00000000cc000000|100%| O|  |TS  8|AC  0|TAMS 0x00000000cbf00000, 0x00000000cbf00000|
|  80|0x00000000cc000000, 0x00000000cc100000, 0x00000000cc100000|100%| O|  |TS  8|AC  0|TAMS 0x00000000cc000000, 0x00000000cc000000|
|  81|0x00000000cc100000, 0x00000000cc200000, 0x00000000cc200000|100%| O|  |TS  8|AC  0|TAMS 0x00000000cc100000, 0x00000000cc100000|
|  82|0x00000000cc200000, 0x00000000cc300000, 0x00000000cc300000|100%| O|  |TS  8|AC  0|TAMS 0x00000000cc200000, 0x00000000cc200000|
|  83|0x00000000cc300000, 0x00000000cc400000, 0x00000000cc400000|100%| O|  |TS  8|AC  0|TAMS 0x00000000cc300000, 0x00000000cc300000|
|  84|0x00000000cc400000, 0x00000000cc500000, 0x00000000cc500000|100%| O|  |TS  8|AC  0|TAMS 0x00000000cc400000, 0x00000000cc400000|
|  85|0x00000000cc500000, 0x00000000cc600000, 0x00000000cc600000|100%| O|  |TS  8|AC  0|TAMS 0x00000000cc500000, 0x00000000cc500000|
|  86|0x00000000cc600000, 0x00000000cc700000, 0x00000000cc700000|100%| O|  |TS  8|AC  0|TAMS 0x00000000cc600000, 0x00000000cc600000|
|  87|0x00000000cc700000, 0x00000000cc800000, 0x00000000cc800000|100%| O|  |TS  8|AC  0|TAMS 0x00000000cc700000, 0x00000000cc700000|
|  88|0x00000000cc800000, 0x00000000cc900000, 0x00000000cc900000|100%| O|  |TS  8|AC  0|TAMS 0x00000000cc800000, 0x00000000cc800000|
|  89|0x00000000cc900000, 0x00000000cca00000, 0x00000000cca00000|100%| O|  |TS  8|AC  0|TAMS 0x00000000cc900000, 0x00000000cc900000|
|  90|0x00000000cca00000, 0x00000000ccb00000, 0x00000000ccb00000|100%| O|  |TS  8|AC  0|TAMS 0x00000000cca00000, 0x00000000cca00000|
|  91|0x00000000ccb00000, 0x00000000ccc00000, 0x00000000ccc00000|100%| O|  |TS  8|AC  0|TAMS 0x00000000ccb00000, 0x00000000ccb00000|
|  92|0x00000000ccc00000, 0x00000000ccd00000, 0x00000000ccd00000|100%| O|  |TS  8|AC  0|TAMS 0x00000000ccc00000, 0x00000000ccc00000|
|  93|0x00000000ccd00000, 0x00000000cce00000, 0x00000000cce00000|100%| O|  |TS  8|AC  0|TAMS 0x00000000ccd00000, 0x00000000ccd00000|
|  94|0x00000000cce00000, 0x00000000ccf00000, 0x00000000ccf00000|100%| O|  |TS  8|AC  0|TAMS 0x00000000cce00000, 0x00000000cce00000|
|  95|0x00000000ccf00000, 0x00000000cd000000, 0x00000000cd000000|100%| O|  |TS  8|AC  0|TAMS 0x00000000ccf00000, 0x00000000ccf00000|
|  96|0x00000000cd000000, 0x00000000cd100000, 0x00000000cd100000|100%| O|  |TS  8|AC  0|TAMS 0x00000000cd000000, 0x00000000cd000000|
|  97|0x00000000cd100000, 0x00000000cd200000, 0x00000000cd200000|100%| O|  |TS  8|AC  0|TAMS 0x00000000cd100000, 0x00000000cd100000|
|  98|0x00000000cd200000, 0x00000000cd300000, 0x00000000cd300000|100%| O|  |TS  8|AC  0|TAMS 0x00000000cd200000, 0x00000000cd200000|
|  99|0x00000000cd300000, 0x00000000cd400000, 0x00000000cd400000|100%| O|  |TS  9|AC  0|TAMS 0x00000000cd300000, 0x00000000cd300000|
| 100|0x00000000cd400000, 0x00000000cd500000, 0x00000000cd500000|100%| O|  |TS  9|AC  0|TAMS 0x00000000cd400000, 0x00000000cd400000|
| 101|0x00000000cd500000, 0x00000000cd600000, 0x00000000cd600000|100%| O|  |TS  9|AC  0|TAMS 0x00000000cd500000, 0x00000000cd500000|
| 102|0x00000000cd600000, 0x00000000cd700000, 0x00000000cd700000|100%| O|  |TS  9|AC  0|TAMS 0x00000000cd600000, 0x00000000cd600000|
| 103|0x00000000cd700000, 0x00000000cd800000, 0x00000000cd800000|100%| O|  |TS  9|AC  0|TAMS 0x00000000cd700000, 0x00000000cd700000|
| 104|0x00000000cd800000, 0x00000000cd900000, 0x00000000cd900000|100%| O|  |TS  9|AC  0|TAMS 0x00000000cd800000, 0x00000000cd800000|
| 105|0x00000000cd900000, 0x00000000cda00000, 0x00000000cda00000|100%| O|  |TS  9|AC  0|TAMS 0x00000000cd900000, 0x00000000cd900000|
| 106|0x00000000cda00000, 0x00000000cdb00000, 0x00000000cdb00000|100%| O|  |TS  9|AC  0|TAMS 0x00000000cda00000, 0x00000000cda00000|
| 107|0x00000000cdb00000, 0x00000000cdc00000, 0x00000000cdc00000|100%| O|  |TS  9|AC  0|TAMS 0x00000000cdb00000, 0x00000000cdb00000|
| 108|0x00000000cdc00000, 0x00000000cdd00000, 0x00000000cdd00000|100%| O|  |TS  9|AC  0|TAMS 0x00000000cdc00000, 0x00000000cdc00000|
| 109|0x00000000cdd00000, 0x00000000cde00000, 0x00000000cde00000|100%| O|  |TS  9|AC  0|TAMS 0x00000000cdd00000, 0x00000000cdd00000|
| 110|0x00000000cde00000, 0x00000000cdf00000, 0x00000000cdf00000|100%| O|  |TS  9|AC  0|TAMS 0x00000000cde00000, 0x00000000cde00000|
| 111|0x00000000cdf00000, 0x00000000ce000000, 0x00000000ce000000|100%| O|  |TS  9|AC  0|TAMS 0x00000000cdf00000, 0x00000000cdf00000|
| 112|0x00000000ce000000, 0x00000000ce100000, 0x00000000ce100000|100%| O|  |TS  9|AC  0|TAMS 0x00000000ce000000, 0x00000000ce000000|
| 113|0x00000000ce100000, 0x00000000ce200000, 0x00000000ce200000|100%| O|  |TS  9|AC  0|TAMS 0x00000000ce100000, 0x00000000ce100000|
| 114|0x00000000ce200000, 0x00000000ce280000, 0x00000000ce300000| 50%| O|  |TS  9|AC  0|TAMS 0x00000000ce200000, 0x00000000ce200000|
| 115|0x00000000ce300000, 0x00000000ce300000, 0x00000000ce400000|  0%| F|  |TS  5|AC  0|TAMS 0x00000000ce300000, 0x00000000ce300000|
| 116|0x00000000ce400000, 0x00000000ce400000, 0x00000000ce500000|  0%| F|  |TS  5|AC  0|TAMS 0x00000000ce400000, 0x00000000ce400000|
| 117|0x00000000ce500000, 0x00000000ce500000, 0x00000000ce600000|  0%| F|  |TS  5|AC  0|TAMS 0x00000000ce500000, 0x00000000ce500000|
| 118|0x00000000ce600000, 0x00000000ce600000, 0x00000000ce700000|  0%| F|  |TS  5|AC  0|TAMS 0x00000000ce600000, 0x00000000ce600000|
| 119|0x00000000ce700000, 0x00000000ce700000, 0x00000000ce800000|  0%| F|  |TS  5|AC  0|TAMS 0x00000000ce700000, 0x00000000ce700000|
| 120|0x00000000ce800000, 0x00000000ce800000, 0x00000000ce900000|  0%| F|  |TS  5|AC  0|TAMS 0x00000000ce800000, 0x00000000ce800000|
| 121|0x00000000ce900000, 0x00000000ce900000, 0x00000000cea00000|  0%| F|  |TS  5|AC  0|TAMS 0x00000000ce900000, 0x00000000ce900000|
| 122|0x00000000cea00000, 0x00000000cea00000, 0x00000000ceb00000|  0%| F|  |TS  5|AC  0|TAMS 0x00000000cea00000, 0x00000000cea00000|
| 123|0x00000000ceb00000, 0x00000000ceb00000, 0x00000000cec00000|  0%| F|  |TS  5|AC  0|TAMS 0x00000000ceb00000, 0x00000000ceb00000|
| 124|0x00000000cec00000, 0x00000000cec00000, 0x00000000ced00000|  0%| F|  |TS  5|AC  0|TAMS 0x00000000cec00000, 0x00000000cec00000|
| 125|0x00000000ced00000, 0x00000000ced00000, 0x00000000cee00000|  0%| F|  |TS  5|AC  0|TAMS 0x00000000ced00000, 0x00000000ced00000|
| 126|0x00000000cee00000, 0x00000000cee00000, 0x00000000cef00000|  0%| F|  |TS  5|AC  0|TAMS 0x00000000cee00000, 0x00000000cee00000|
| 127|0x00000000cef00000, 0x00000000cef00000, 0x00000000cf000000|  0%| F|  |TS  5|AC  0|TAMS 0x00000000cef00000, 0x00000000cef00000|
| 128|0x00000000cf000000, 0x00000000cf000000, 0x00000000cf100000|  0%| F|  |TS  5|AC  0|TAMS 0x00000000cf000000, 0x00000000cf000000|
| 129|0x00000000cf100000, 0x00000000cf100000, 0x00000000cf200000|  0%| F|  |TS  5|AC  0|TAMS 0x00000000cf100000, 0x00000000cf100000|
| 130|0x00000000cf200000, 0x00000000cf200000, 0x00000000cf300000|  0%| F|  |TS  5|AC  0|TAMS 0x00000000cf200000, 0x00000000cf200000|
| 131|0x00000000cf300000, 0x00000000cf300000, 0x00000000cf400000|  0%| F|  |TS  5|AC  0|TAMS 0x00000000cf300000, 0x00000000cf300000|
| 132|0x00000000cf400000, 0x00000000cf400000, 0x00000000cf500000|  0%| F|  |TS  5|AC  0|TAMS 0x00000000cf400000, 0x00000000cf400000|
| 133|0x00000000cf500000, 0x00000000cf500000, 0x00000000cf600000|  0%| F|  |TS  5|AC  0|TAMS 0x00000000cf500000, 0x00000000cf500000|
| 134|0x00000000cf600000, 0x00000000cf600000, 0x00000000cf700000|  0%| F|  |TS  5|AC  0|TAMS 0x00000000cf600000, 0x00000000cf600000|
| 135|0x00000000cf700000, 0x00000000cf700000, 0x00000000cf800000|  0%| F|  |TS  5|AC  0|TAMS 0x00000000cf700000, 0x00000000cf700000|
| 136|0x00000000cf800000, 0x00000000cf800000, 0x00000000cf900000|  0%| F|  |TS  5|AC  0|TAMS 0x00000000cf800000, 0x00000000cf800000|
| 137|0x00000000cf900000, 0x00000000cf900000, 0x00000000cfa00000|  0%| F|  |TS  9|AC  0|TAMS 0x00000000cf900000, 0x00000000cf900000|
| 138|0x00000000cfa00000, 0x00000000cfa00000, 0x00000000cfb00000|  0%| F|  |TS  8|AC  0|TAMS 0x00000000cfa00000, 0x00000000cfa00000|
| 139|0x00000000cfb00000, 0x00000000cfb00000, 0x00000000cfc00000|  0%| F|  |TS  8|AC  0|TAMS 0x00000000cfb00000, 0x00000000cfb00000|
| 140|0x00000000cfc00000, 0x00000000cfc00000, 0x00000000cfd00000|  0%| F|  |TS  8|AC  0|TAMS 0x00000000cfc00000, 0x00000000cfc00000|
| 141|0x00000000cfd00000, 0x00000000cfd00000, 0x00000000cfe00000|  0%| F|  |TS  9|AC  0|TAMS 0x00000000cfd00000, 0x00000000cfd00000|
| 142|0x00000000cfe00000, 0x00000000cfe00000, 0x00000000cff00000|  0%| F|  |TS  9|AC  0|TAMS 0x00000000cfe00000, 0x00000000cfe00000|
| 143|0x00000000cff00000, 0x00000000cff00000, 0x00000000d0000000|  0%| F|  |TS  8|AC  0|TAMS 0x00000000cff00000, 0x00000000cff00000|
| 144|0x00000000d0000000, 0x00000000d0000000, 0x00000000d0100000|  0%| F|  |TS  8|AC  0|TAMS 0x00000000d0000000, 0x00000000d0000000|
| 145|0x00000000d0100000, 0x00000000d0100000, 0x00000000d0200000|  0%| F|  |TS  8|AC  0|TAMS 0x00000000d0100000, 0x00000000d0100000|
| 146|0x00000000d0200000, 0x00000000d0200000, 0x00000000d0300000|  0%| F|  |TS  8|AC  0|TAMS 0x00000000d0200000, 0x00000000d0200000|
| 147|0x00000000d0300000, 0x00000000d0300000, 0x00000000d0400000|  0%| F|  |TS  8|AC  0|TAMS 0x00000000d0300000, 0x00000000d0300000|
| 148|0x00000000d0400000, 0x00000000d0500000, 0x00000000d0500000|100%| S|CS|TS  9|AC  0|TAMS 0x00000000d0400000, 0x00000000d0400000|
| 149|0x00000000d0500000, 0x00000000d0600000, 0x00000000d0600000|100%| S|CS|TS  9|AC  0|TAMS 0x00000000d0500000, 0x00000000d0500000|
| 150|0x00000000d0600000, 0x00000000d0600000, 0x00000000d0700000|  0%| F|  |TS  9|AC  0|TAMS 0x00000000d0600000, 0x00000000d0600000|
| 151|0x00000000d0700000, 0x00000000d0700000, 0x00000000d0800000|  0%| F|  |TS  9|AC  0|TAMS 0x00000000d0700000, 0x00000000d0700000|
| 152|0x00000000d0800000, 0x00000000d0800000, 0x00000000d0900000|  0%| F|  |TS  9|AC  0|TAMS 0x00000000d0800000, 0x00000000d0800000|
| 153|0x00000000d0900000, 0x00000000d0900000, 0x00000000d0a00000|  0%| F|  |TS  9|AC  0|TAMS 0x00000000d0900000, 0x00000000d0900000|
| 154|0x00000000d0a00000, 0x00000000d0a00000, 0x00000000d0b00000|  0%| F|  |TS  9|AC  0|TAMS 0x00000000d0a00000, 0x00000000d0a00000|
| 155|0x00000000d0b00000, 0x00000000d0b00000, 0x00000000d0c00000|  0%| F|  |TS  9|AC  0|TAMS 0x00000000d0b00000, 0x00000000d0b00000|
| 156|0x00000000d0c00000, 0x00000000d0c00000, 0x00000000d0d00000|  0%| F|  |TS  9|AC  0|TAMS 0x00000000d0c00000, 0x00000000d0c00000|
| 157|0x00000000d0d00000, 0x00000000d0d00000, 0x00000000d0e00000|  0%| F|  |TS  9|AC  0|TAMS 0x00000000d0d00000, 0x00000000d0d00000|
| 158|0x00000000d0e00000, 0x00000000d0e00000, 0x00000000d0f00000|  0%| F|  |TS  9|AC  0|TAMS 0x00000000d0e00000, 0x00000000d0e00000|
| 159|0x00000000d0f00000, 0x00000000d0f00000, 0x00000000d1000000|  0%| F|  |TS  9|AC  0|TAMS 0x00000000d0f00000, 0x00000000d0f00000|
| 160|0x00000000d1000000, 0x00000000d1000000, 0x00000000d1100000|  0%| F|  |TS  9|AC  0|TAMS 0x00000000d1000000, 0x00000000d1000000|
| 161|0x00000000d1100000, 0x00000000d1100000, 0x00000000d1200000|  0%| F|  |TS  9|AC  0|TAMS 0x00000000d1100000, 0x00000000d1100000|
| 162|0x00000000d1200000, 0x00000000d1200000, 0x00000000d1300000|  0%| F|  |TS  9|AC  0|TAMS 0x00000000d1200000, 0x00000000d1200000|

Card table byte_map: [0x00007f7eee459000,0x00007f7eee621000] byte_map_base: 0x00007f7eede21000

Marking Bits (Prev, Next): (CMBitMap*) 0x00007f7f08060b10, (CMBitMap*) 0x00007f7f08060b48
 Prev Bits: [0x00007f7eed451000, 0x00007f7eee291000)
 Next Bits: [0x00007f7eec611000, 0x00007f7eed451000)

Polling page: 0x00007f7f0f483000

CodeHeap 'non-profiled nmethods': size=120032Kb used=29Kb max_used=29Kb free=120002Kb
 bounds [0x00007f7ef6ba8000, 0x00007f7ef6e18000, 0x00007f7efe0e0000]
CodeHeap 'profiled nmethods': size=120032Kb used=111Kb max_used=111Kb free=119921Kb
 bounds [0x00007f7eef670000, 0x00007f7eef8e0000, 0x00007f7ef6ba8000]
CodeHeap 'non-nmethods': size=5696Kb used=980Kb max_used=993Kb free=4715Kb
 bounds [0x00007f7eef0e0000, 0x00007f7eef350000, 0x00007f7eef670000]
 total_blobs=401 nmethods=94 adapters=156
 compilation: enabled

Compilation events (10 events):
Event: 1.153 Thread 0x00007f7f0811b800 nmethod 90 0x00007f7ef6bada90 code [0x00007f7ef6badc40, 0x00007f7ef6badd18]
Event: 1.153 Thread 0x00007f7f0811b800   91       4       java.util.LinkedList::add (7 bytes)
Event: 1.159 Thread 0x00007f7f0811d800   93 %     3       com.vietjack.HelloWorld::main @ 23 (72 bytes)
Event: 1.160 Thread 0x00007f7f0811d800 nmethod 93% 0x00007f7eef689c10 code [0x00007f7eef689e80, 0x00007f7eef68a808]
Event: 1.160 Thread 0x00007f7f0811d800   94       3       com.vietjack.HelloWorld::main (72 bytes)
Event: 1.160 Thread 0x00007f7f08119800 nmethod 92 0x00007f7ef6bade10 code [0x00007f7ef6badfc0, 0x00007f7ef6bae478]
Event: 1.161 Thread 0x00007f7f0811d800 nmethod 94 0x00007f7eef68ac90 code [0x00007f7eef68af00, 0x00007f7eef68b7c8]
Event: 1.161 Thread 0x00007f7f0811b800 nmethod 91 0x00007f7ef6bae590 code [0x00007f7ef6bae740, 0x00007f7ef6baebd8]
Event: 1.162 Thread 0x00007f7f08119800   95 %     4       com.vietjack.HelloWorld::main @ 23 (72 bytes)
Event: 1.168 Thread 0x00007f7f08119800 nmethod 95% 0x00007f7ef6baec90 code [0x00007f7ef6baee40, 0x00007f7ef6baf378]

GC Heap History (10 events):
Event: 1.373 GC heap after
{Heap after GC invocations=4 (full 0):
 garbage-first heap   total 59392K, used 38783K [0x00000000c7000000, 0x0000000100000000)
  region size 1024K, 1 young (1024K), 1 survivors (1024K)
 Metaspace       used 3787K, capacity 4486K, committed 4864K, reserved 1056768K
  class space    used 322K, capacity 386K, committed 512K, reserved 1048576K
}
Event: 1.378 GC heap before
{Heap before GC invocations=4 (full 0):
 garbage-first heap   total 59392K, used 42879K [0x00000000c7000000, 0x0000000100000000)
  region size 1024K, 5 young (5120K), 1 survivors (1024K)
 Metaspace       used 3787K, capacity 4486K, committed 4864K, reserved 1056768K
  class space    used 322K, capacity 386K, committed 512K, reserved 1048576K
}
Event: 1.406 GC heap after
{Heap after GC invocations=5 (full 0):
 garbage-first heap   total 166912K, used 43387K [0x00000000c7000000, 0x0000000100000000)
  region size 1024K, 1 young (1024K), 1 survivors (1024K)
 Metaspace       used 3787K, capacity 4486K, committed 4864K, reserved 1056768K
  class space    used 322K, capacity 386K, committed 512K, reserved 1048576K
}
Event: 1.425 GC heap before
{Heap before GC invocations=5 (full 0):
 garbage-first heap   total 166912K, used 62843K [0x00000000c7000000, 0x0000000100000000)
  region size 1024K, 20 young (20480K), 1 survivors (1024K)
 Metaspace       used 3787K, capacity 4486K, committed 4864K, reserved 1056768K
  class space    used 322K, capacity 386K, committed 512K, reserved 1048576K
}
Event: 1.511 GC heap after
{Heap after GC invocations=6 (full 0):
 garbage-first heap   total 166912K, used 63453K [0x00000000c7000000, 0x0000000100000000)
  region size 1024K, 3 young (3072K), 3 survivors (3072K)
 Metaspace       used 3787K, capacity 4486K, committed 4864K, reserved 1056768K
  class space    used 322K, capacity 386K, committed 512K, reserved 1048576K
}
Event: 1.526 GC heap before
{Heap before GC invocations=6 (full 0):
 garbage-first heap   total 166912K, used 82909K [0x00000000c7000000, 0x0000000100000000)
  region size 1024K, 22 young (22528K), 3 survivors (3072K)
 Metaspace       used 3787K, capacity 4486K, committed 4864K, reserved 1056768K
  class space    used 322K, capacity 386K, committed 512K, reserved 1048576K
}
Event: 1.608 GC heap after
{Heap after GC invocations=7 (full 0):
 garbage-first heap   total 166912K, used 83968K [0x00000000c7000000, 0x0000000100000000)
  region size 1024K, 3 young (3072K), 3 survivors (3072K)
 Metaspace       used 3787K, capacity 4486K, committed 4864K, reserved 1056768K
  class space    used 322K, capacity 386K, committed 512K, reserved 1048576K
}
Event: 1.659 GC heap before
{Heap before GC invocations=7 (full 0):
 garbage-first heap   total 166912K, used 104448K [0x00000000c7000000, 0x0000000100000000)
  region size 1024K, 23 young (23552K), 3 survivors (3072K)
 Metaspace       used 3787K, capacity 4486K, committed 4864K, reserved 1056768K
  class space    used 322K, capacity 386K, committed 512K, reserved 1048576K
}
Event: 1.764 GC heap after
{Heap after GC invocations=8 (full 0):
 garbage-first heap   total 166912K, used 104960K [0x00000000c7000000, 0x0000000100000000)
  region size 1024K, 3 young (3072K), 3 survivors (3072K)
 Metaspace       used 3787K, capacity 4486K, committed 4864K, reserved 1056768K
  class space    used 322K, capacity 386K, committed 512K, reserved 1048576K
}
Event: 1.773 GC heap before
{Heap before GC invocations=8 (full 0):
 garbage-first heap   total 166912K, used 118272K [0x00000000c7000000, 0x0000000100000000)
  region size 1024K, 16 young (16384K), 3 survivors (3072K)
 Metaspace       used 3787K, capacity 4486K, committed 4864K, reserved 1056768K
  class space    used 322K, capacity 386K, committed 512K, reserved 1048576K
}

Deoptimization events (1 events):
Event: 1.071 Thread 0x00007f7f08012000 Uncommon trap: reason=unstable_if action=reinterpret pc=0x00007f7ef6bad270 method=java.lang.String.hashCode()I @ 14 c2

Classes redefined (0 events):
No events

Internal exceptions (0 events):
No events

Events (10 events):
Event: 1.373 Executing VM operation: G1IncCollectionPause done
Event: 1.376 Executing VM operation: G1IncCollectionPause
Event: 1.406 Executing VM operation: G1IncCollectionPause done
Event: 1.425 Executing VM operation: G1IncCollectionPause
Event: 1.511 Executing VM operation: G1IncCollectionPause done
Event: 1.526 Executing VM operation: G1IncCollectionPause
Event: 1.608 Executing VM operation: G1IncCollectionPause done
Event: 1.623 Executing VM operation: G1IncCollectionPause
Event: 1.764 Executing VM operation: G1IncCollectionPause done
Event: 1.773 Executing VM operation: G1IncCollectionPause


Dynamic libraries:
c7000000-d1300000 rw-p 00000000 00:00 0 
e3f00000-100000000 ---p 00000000 00:00 0 
100000000-100080000 rw-p 00000000 00:00 0 
100080000-140000000 ---p 00000000 00:00 0 
564abb1de000-564abb1df000 r-xp 00000000 08:01 1704150                    /usr/lib/jvm/java-11-openjdk-amd64/bin/java
564abb3df000-564abb3e0000 r--p 00001000 08:01 1704150                    /usr/lib/jvm/java-11-openjdk-amd64/bin/java
564abb3e0000-564abb3e1000 rw-p 00002000 08:01 1704150                    /usr/lib/jvm/java-11-openjdk-amd64/bin/java
564abbca4000-564abbcc5000 rw-p 00000000 00:00 0                          [heap]
7f7e88000000-7f7e88021000 rw-p 00000000 00:00 0 
7f7e88021000-7f7e8c000000 ---p 00000000 00:00 0 
7f7e90000000-7f7e90021000 rw-p 00000000 00:00 0 
7f7e90021000-7f7e94000000 ---p 00000000 00:00 0 
7f7e94000000-7f7e94021000 rw-p 00000000 00:00 0 
7f7e94021000-7f7e98000000 ---p 00000000 00:00 0 
7f7e98000000-7f7e98021000 rw-p 00000000 00:00 0 
7f7e98021000-7f7e9c000000 ---p 00000000 00:00 0 
7f7e9c000000-7f7e9c096000 rw-p 00000000 00:00 0 
7f7e9c096000-7f7ea0000000 ---p 00000000 00:00 0 
7f7ea37d1000-7f7ea37e8000 r-xp 00000000 08:01 1719370                    /usr/lib/jvm/java-11-openjdk-amd64/lib/libnet.so
7f7ea37e8000-7f7ea39e7000 ---p 00017000 08:01 1719370                    /usr/lib/jvm/java-11-openjdk-amd64/lib/libnet.so
7f7ea39e7000-7f7ea39e8000 r--p 00016000 08:01 1719370                    /usr/lib/jvm/java-11-openjdk-amd64/lib/libnet.so
7f7ea39e8000-7f7ea39e9000 rw-p 00017000 08:01 1719370                    /usr/lib/jvm/java-11-openjdk-amd64/lib/libnet.so
7f7ea39e9000-7f7ea39fa000 r-xp 00000000 08:01 1719373                    /usr/lib/jvm/java-11-openjdk-amd64/lib/libnio.so
7f7ea39fa000-7f7ea3bf9000 ---p 00011000 08:01 1719373                    /usr/lib/jvm/java-11-openjdk-amd64/lib/libnio.so
7f7ea3bf9000-7f7ea3bfa000 r--p 00010000 08:01 1719373                    /usr/lib/jvm/java-11-openjdk-amd64/lib/libnio.so
7f7ea3bfa000-7f7ea3bfb000 rw-p 00011000 08:01 1719373                    /usr/lib/jvm/java-11-openjdk-amd64/lib/libnio.so
7f7ea3bfb000-7f7ea3bff000 ---p 00000000 00:00 0 
7f7ea3bff000-7f7ea3cfc000 rw-p 00000000 00:00 0 
7f7ea3cfc000-7f7ea3cfd000 ---p 00000000 00:00 0 
7f7ea3cfd000-7f7ea3dfe000 rw-p 00000000 00:00 0 
7f7ea3dfe000-7f7ea3e02000 ---p 00000000 00:00 0 
7f7ea3e02000-7f7ea3eff000 rw-p 00000000 00:00 0 
7f7ea3eff000-7f7ea3f03000 ---p 00000000 00:00 0 
7f7ea3f03000-7f7ea4000000 rw-p 00000000 00:00 0 
7f7ea4000000-7f7ea40df000 rw-p 00000000 00:00 0 
7f7ea40df000-7f7ea8000000 ---p 00000000 00:00 0 
7f7ea8000000-7f7ea809f000 rw-p 00000000 00:00 0 
7f7ea809f000-7f7eac000000 ---p 00000000 00:00 0 
7f7eac000000-7f7eac021000 rw-p 00000000 00:00 0 
7f7eac021000-7f7eb0000000 ---p 00000000 00:00 0 
7f7eb0000000-7f7eb0021000 rw-p 00000000 00:00 0 
7f7eb0021000-7f7eb4000000 ---p 00000000 00:00 0 
7f7eb4000000-7f7eb405c000 rw-p 00000000 00:00 0 
7f7eb405c000-7f7eb8000000 ---p 00000000 00:00 0 
7f7eb8000000-7f7eb8021000 rw-p 00000000 00:00 0 
7f7eb8021000-7f7ebc000000 ---p 00000000 00:00 0 
7f7ebc000000-7f7ebc021000 rw-p 00000000 00:00 0 
7f7ebc021000-7f7ec0000000 ---p 00000000 00:00 0 
7f7ec0000000-7f7ec0021000 rw-p 00000000 00:00 0 
7f7ec0021000-7f7ec4000000 ---p 00000000 00:00 0 
7f7ec4000000-7f7ec4021000 rw-p 00000000 00:00 0 
7f7ec4021000-7f7ec8000000 ---p 00000000 00:00 0 
7f7ec8000000-7f7ec8021000 rw-p 00000000 00:00 0 
7f7ec8021000-7f7ecc000000 ---p 00000000 00:00 0 
7f7ecc000000-7f7ecc021000 rw-p 00000000 00:00 0 
7f7ecc021000-7f7ed0000000 ---p 00000000 00:00 0 
7f7ed0000000-7f7ed0021000 rw-p 00000000 00:00 0 
7f7ed0021000-7f7ed4000000 ---p 00000000 00:00 0 
7f7ed409e000-7f7ed40a2000 ---p 00000000 00:00 0 
7f7ed40a2000-7f7ed419f000 rw-p 00000000 00:00 0 
7f7ed419f000-7f7ed41a3000 ---p 00000000 00:00 0 
7f7ed41a3000-7f7ed42a0000 rw-p 00000000 00:00 0 
7f7ed42a0000-7f7ed42a4000 ---p 00000000 00:00 0 
7f7ed42a4000-7f7ed43a1000 rw-p 00000000 00:00 0 
7f7ed43a1000-7f7ed43a5000 ---p 00000000 00:00 0 
7f7ed43a5000-7f7ed44a2000 rw-p 00000000 00:00 0 
7f7ed44a2000-7f7ed4ff2000 r--p 00000000 08:01 268912                     /usr/lib/locale/locale-archive
7f7ed4ff2000-7f7ed4ff6000 ---p 00000000 00:00 0 
7f7ed4ff6000-7f7ed50f3000 rw-p 00000000 00:00 0 
7f7ed50f3000-7f7ed50f7000 ---p 00000000 00:00 0 
7f7ed50f7000-7f7ed51f4000 rw-p 00000000 00:00 0 
7f7ed51f4000-7f7ed51f5000 ---p 00000000 00:00 0 
7f7ed51f5000-7f7ed5736000 rw-p 00000000 00:00 0 
7f7ed5736000-7f7ed5af6000 ---p 00000000 00:00 0 
7f7ed5af6000-7f7ed5af7000 ---p 00000000 00:00 0 
7f7ed5af7000-7f7ed5bf8000 rw-p 00000000 00:00 0 
7f7ed5bf8000-7f7ed5bf9000 ---p 00000000 00:00 0 
7f7ed5bf9000-7f7ed5cfa000 rw-p 00000000 00:00 0 
7f7ed5cfa000-7f7ed5cfb000 ---p 00000000 00:00 0 
7f7ed5cfb000-7f7ed5dfc000 rw-p 00000000 00:00 0 
7f7ed5dfc000-7f7ed5dfd000 ---p 00000000 00:00 0 
7f7ed5dfd000-7f7ed5efe000 rw-p 00000000 00:00 0 
7f7ed5efe000-7f7ed5eff000 ---p 00000000 00:00 0 
7f7ed5eff000-7f7ed8000000 rw-p 00000000 00:00 0 
7f7ed8000000-7f7ed8021000 rw-p 00000000 00:00 0 
7f7ed8021000-7f7edc000000 ---p 00000000 00:00 0 
7f7edc000000-7f7edc021000 rw-p 00000000 00:00 0 
7f7edc021000-7f7ee0000000 ---p 00000000 00:00 0 
7f7ee0000000-7f7ee0021000 rw-p 00000000 00:00 0 
7f7ee0021000-7f7ee4000000 ---p 00000000 00:00 0 
7f7ee4000000-7f7ee4021000 rw-p 00000000 00:00 0 
7f7ee4021000-7f7ee8000000 ---p 00000000 00:00 0 
7f7ee8000000-7f7ee8021000 rw-p 00000000 00:00 0 
7f7ee8021000-7f7eec000000 ---p 00000000 00:00 0 
7f7eec009000-7f7eec40d000 rw-p 00000000 00:00 0 
7f7eec40d000-7f7eec40e000 ---p 00000000 00:00 0 
7f7eec40e000-7f7eec50f000 rw-p 00000000 00:00 0 
7f7eec50f000-7f7eec510000 ---p 00000000 00:00 0 
7f7eec510000-7f7eec89d000 rw-p 00000000 00:00 0 
7f7eec89d000-7f7eed451000 ---p 00000000 00:00 0 
7f7eed451000-7f7eed6dd000 rw-p 00000000 00:00 0 
7f7eed6dd000-7f7eee291000 ---p 00000000 00:00 0 
7f7eee291000-7f7eee2e3000 rw-p 00000000 00:00 0 
7f7eee2e3000-7f7eee459000 ---p 00000000 00:00 0 
7f7eee459000-7f7eee4ab000 rw-p 00000000 00:00 0 
7f7eee4ab000-7f7eee621000 ---p 00000000 00:00 0 
7f7eee621000-7f7eee673000 rw-p 00000000 00:00 0 
7f7eee673000-7f7eee7e9000 ---p 00000000 00:00 0 
7f7eee7e9000-7f7eeebed000 rw-p 00000000 00:00 0 
7f7eeebed000-7f7eeebee000 ---p 00000000 00:00 0 
7f7eeebee000-7f7eeecef000 rw-p 00000000 00:00 0 
7f7eeecef000-7f7eeecf0000 ---p 00000000 00:00 0 
7f7eeecf0000-7f7eeedf1000 rw-p 00000000 00:00 0 
7f7eeedf1000-7f7eeedf2000 ---p 00000000 00:00 0 
7f7eeedf2000-7f7eeeef3000 rw-p 00000000 00:00 0 
7f7eeeef3000-7f7eeeef4000 ---p 00000000 00:00 0 
7f7eeeef4000-7f7eeeffa000 rw-p 00000000 00:00 0 
7f7eeeffa000-7f7eef0e0000 ---p 00000000 00:00 0 
7f7eef0e0000-7f7eef350000 rwxp 00000000 00:00 0 
7f7eef350000-7f7eef670000 ---p 00000000 00:00 0 
7f7eef670000-7f7eef8e0000 rwxp 00000000 00:00 0 
7f7eef8e0000-7f7ef6ba8000 ---p 00000000 00:00 0 
7f7ef6ba8000-7f7ef6e18000 rwxp 00000000 00:00 0 
7f7ef6e18000-7f7efe0e0000 ---p 00000000 00:00 0 
7f7efe0e0000-7f7f075ba000 r--s 00000000 08:01 1719383                    /usr/lib/jvm/java-11-openjdk-amd64/lib/modules
7f7f075ba000-7f7f075bf000 r-xp 00000000 08:01 1719361                    /usr/lib/jvm/java-11-openjdk-amd64/lib/libjimage.so
7f7f075bf000-7f7f077be000 ---p 00005000 08:01 1719361                    /usr/lib/jvm/java-11-openjdk-amd64/lib/libjimage.so
7f7f077be000-7f7f077bf000 r--p 00004000 08:01 1719361                    /usr/lib/jvm/java-11-openjdk-amd64/lib/libjimage.so
7f7f077bf000-7f7f077c0000 rw-p 00005000 08:01 1719361                    /usr/lib/jvm/java-11-openjdk-amd64/lib/libjimage.so
7f7f077c0000-7f7f077c7000 r-xp 00000000 08:01 1719382                    /usr/lib/jvm/java-11-openjdk-amd64/lib/libzip.so
7f7f077c7000-7f7f079c6000 ---p 00007000 08:01 1719382                    /usr/lib/jvm/java-11-openjdk-amd64/lib/libzip.so
7f7f079c6000-7f7f079c7000 r--p 00006000 08:01 1719382                    /usr/lib/jvm/java-11-openjdk-amd64/lib/libzip.so
7f7f079c7000-7f7f079c8000 rw-p 00007000 08:01 1719382                    /usr/lib/jvm/java-11-openjdk-amd64/lib/libzip.so
7f7f079c8000-7f7f079d3000 r-xp 00000000 08:01 27660968                   /lib/x86_64-linux-gnu/libnss_files-2.27.so
7f7f079d3000-7f7f07bd2000 ---p 0000b000 08:01 27660968                   /lib/x86_64-linux-gnu/libnss_files-2.27.so
7f7f07bd2000-7f7f07bd3000 r--p 0000a000 08:01 27660968                   /lib/x86_64-linux-gnu/libnss_files-2.27.so
7f7f07bd3000-7f7f07bd4000 rw-p 0000b000 08:01 27660968                   /lib/x86_64-linux-gnu/libnss_files-2.27.so
7f7f07bd4000-7f7f07bda000 rw-p 00000000 00:00 0 
7f7f07bda000-7f7f07bf1000 r-xp 00000000 08:01 27660962                   /lib/x86_64-linux-gnu/libnsl-2.27.so
7f7f07bf1000-7f7f07df0000 ---p 00017000 08:01 27660962                   /lib/x86_64-linux-gnu/libnsl-2.27.so
7f7f07df0000-7f7f07df1000 r--p 00016000 08:01 27660962                   /lib/x86_64-linux-gnu/libnsl-2.27.so
7f7f07df1000-7f7f07df2000 rw-p 00017000 08:01 27660962                   /lib/x86_64-linux-gnu/libnsl-2.27.so
7f7f07df2000-7f7f07df4000 rw-p 00000000 00:00 0 
7f7f07df4000-7f7f07dff000 r-xp 00000000 08:01 27660979                   /lib/x86_64-linux-gnu/libnss_nis-2.27.so
7f7f07dff000-7f7f07ffe000 ---p 0000b000 08:01 27660979                   /lib/x86_64-linux-gnu/libnss_nis-2.27.so
7f7f07ffe000-7f7f07fff000 r--p 0000a000 08:01 27660979                   /lib/x86_64-linux-gnu/libnss_nis-2.27.so
7f7f07fff000-7f7f08000000 rw-p 0000b000 08:01 27660979                   /lib/x86_64-linux-gnu/libnss_nis-2.27.so
7f7f08000000-7f7f081bc000 rw-p 00000000 00:00 0 
7f7f081bc000-7f7f0c000000 ---p 00000000 00:00 0 
7f7f0c018000-7f7f0c0c4000 rw-p 00000000 00:00 0 
7f7f0c0c4000-7f7f0c1aa000 ---p 00000000 00:00 0 
7f7f0c1aa000-7f7f0c1b2000 r-xp 00000000 08:01 27660964                   /lib/x86_64-linux-gnu/libnss_compat-2.27.so
7f7f0c1b2000-7f7f0c3b2000 ---p 00008000 08:01 27660964                   /lib/x86_64-linux-gnu/libnss_compat-2.27.so
7f7f0c3b2000-7f7f0c3b3000 r--p 00008000 08:01 27660964                   /lib/x86_64-linux-gnu/libnss_compat-2.27.so
7f7f0c3b3000-7f7f0c3b4000 rw-p 00009000 08:01 27660964                   /lib/x86_64-linux-gnu/libnss_compat-2.27.so
7f7f0c3b4000-7f7f0c3e0000 r-xp 00000000 08:01 1704684                    /usr/lib/jvm/java-11-openjdk-amd64/lib/libjava.so
7f7f0c3e0000-7f7f0c5df000 ---p 0002c000 08:01 1704684                    /usr/lib/jvm/java-11-openjdk-amd64/lib/libjava.so
7f7f0c5df000-7f7f0c5e0000 r--p 0002b000 08:01 1704684                    /usr/lib/jvm/java-11-openjdk-amd64/lib/libjava.so
7f7f0c5e0000-7f7f0c5e2000 rw-p 0002c000 08:01 1704684                    /usr/lib/jvm/java-11-openjdk-amd64/lib/libjava.so
7f7f0c5e2000-7f7f0c5ef000 r-xp 00000000 08:01 1719381                    /usr/lib/jvm/java-11-openjdk-amd64/lib/libverify.so
7f7f0c5ef000-7f7f0c7ee000 ---p 0000d000 08:01 1719381                    /usr/lib/jvm/java-11-openjdk-amd64/lib/libverify.so
7f7f0c7ee000-7f7f0c7f0000 r--p 0000c000 08:01 1719381                    /usr/lib/jvm/java-11-openjdk-amd64/lib/libverify.so
7f7f0c7f0000-7f7f0c7f1000 rw-p 0000e000 08:01 1719381                    /usr/lib/jvm/java-11-openjdk-amd64/lib/libverify.so
7f7f0c7f1000-7f7f0c7f8000 r-xp 00000000 08:01 27661019                   /lib/x86_64-linux-gnu/librt-2.27.so
7f7f0c7f8000-7f7f0c9f7000 ---p 00007000 08:01 27661019                   /lib/x86_64-linux-gnu/librt-2.27.so
7f7f0c9f7000-7f7f0c9f8000 r--p 00006000 08:01 27661019                   /lib/x86_64-linux-gnu/librt-2.27.so
7f7f0c9f8000-7f7f0c9f9000 rw-p 00007000 08:01 27661019                   /lib/x86_64-linux-gnu/librt-2.27.so
7f7f0c9f9000-7f7f0ca10000 r-xp 00000000 08:01 27660915                   /lib/x86_64-linux-gnu/libgcc_s.so.1
7f7f0ca10000-7f7f0cc0f000 ---p 00017000 08:01 27660915                   /lib/x86_64-linux-gnu/libgcc_s.so.1
7f7f0cc0f000-7f7f0cc10000 r--p 00016000 08:01 27660915                   /lib/x86_64-linux-gnu/libgcc_s.so.1
7f7f0cc10000-7f7f0cc11000 rw-p 00017000 08:01 27660915                   /lib/x86_64-linux-gnu/libgcc_s.so.1
7f7f0cc11000-7f7f0cdae000 r-xp 00000000 08:01 27660941                   /lib/x86_64-linux-gnu/libm-2.27.so
7f7f0cdae000-7f7f0cfad000 ---p 0019d000 08:01 27660941                   /lib/x86_64-linux-gnu/libm-2.27.so
7f7f0cfad000-7f7f0cfae000 r--p 0019c000 08:01 27660941                   /lib/x86_64-linux-gnu/libm-2.27.so
7f7f0cfae000-7f7f0cfaf000 rw-p 0019d000 08:01 27660941                   /lib/x86_64-linux-gnu/libm-2.27.so
7f7f0cfaf000-7f7f0d12d000 r-xp 00000000 08:01 270955                     /usr/lib/x86_64-linux-gnu/libstdc++.so.6.0.25
7f7f0d12d000-7f7f0d32d000 ---p 0017e000 08:01 270955                     /usr/lib/x86_64-linux-gnu/libstdc++.so.6.0.25
7f7f0d32d000-7f7f0d337000 r--p 0017e000 08:01 270955                     /usr/lib/x86_64-linux-gnu/libstdc++.so.6.0.25
7f7f0d337000-7f7f0d339000 rw-p 00188000 08:01 270955                     /usr/lib/x86_64-linux-gnu/libstdc++.so.6.0.25
7f7f0d339000-7f7f0d33d000 rw-p 00000000 00:00 0 
7f7f0d33d000-7f7f0e2da000 r-xp 00000000 08:01 1719386                    /usr/lib/jvm/java-11-openjdk-amd64/lib/server/libjvm.so
7f7f0e2da000-7f7f0e4da000 ---p 00f9d000 08:01 1719386                    /usr/lib/jvm/java-11-openjdk-amd64/lib/server/libjvm.so
7f7f0e4da000-7f7f0e59e000 r--p 00f9d000 08:01 1719386                    /usr/lib/jvm/java-11-openjdk-amd64/lib/server/libjvm.so
7f7f0e59e000-7f7f0e5d6000 rw-p 01061000 08:01 1719386                    /usr/lib/jvm/java-11-openjdk-amd64/lib/server/libjvm.so
7f7f0e5d6000-7f7f0e61f000 rw-p 00000000 00:00 0 
7f7f0e61f000-7f7f0e639000 r-xp 00000000 08:01 27661011                   /lib/x86_64-linux-gnu/libpthread-2.27.so
7f7f0e639000-7f7f0e838000 ---p 0001a000 08:01 27661011                   /lib/x86_64-linux-gnu/libpthread-2.27.so
7f7f0e838000-7f7f0e839000 r--p 00019000 08:01 27661011                   /lib/x86_64-linux-gnu/libpthread-2.27.so
7f7f0e839000-7f7f0e83a000 rw-p 0001a000 08:01 27661011                   /lib/x86_64-linux-gnu/libpthread-2.27.so
7f7f0e83a000-7f7f0e83e000 rw-p 00000000 00:00 0 
7f7f0e83e000-7f7f0e841000 r-xp 00000000 08:01 27660901                   /lib/x86_64-linux-gnu/libdl-2.27.so
7f7f0e841000-7f7f0ea40000 ---p 00003000 08:01 27660901                   /lib/x86_64-linux-gnu/libdl-2.27.so
7f7f0ea40000-7f7f0ea41000 r--p 00002000 08:01 27660901                   /lib/x86_64-linux-gnu/libdl-2.27.so
7f7f0ea41000-7f7f0ea42000 rw-p 00003000 08:01 27660901                   /lib/x86_64-linux-gnu/libdl-2.27.so
7f7f0ea42000-7f7f0ea5e000 r-xp 00000000 08:01 27661050                   /lib/x86_64-linux-gnu/libz.so.1.2.11
7f7f0ea5e000-7f7f0ec5d000 ---p 0001c000 08:01 27661050                   /lib/x86_64-linux-gnu/libz.so.1.2.11
7f7f0ec5d000-7f7f0ec5e000 r--p 0001b000 08:01 27661050                   /lib/x86_64-linux-gnu/libz.so.1.2.11
7f7f0ec5e000-7f7f0ec5f000 rw-p 0001c000 08:01 27661050                   /lib/x86_64-linux-gnu/libz.so.1.2.11
7f7f0ec5f000-7f7f0ee46000 r-xp 00000000 08:01 27660878                   /lib/x86_64-linux-gnu/libc-2.27.so
7f7f0ee46000-7f7f0f046000 ---p 001e7000 08:01 27660878                   /lib/x86_64-linux-gnu/libc-2.27.so
7f7f0f046000-7f7f0f04a000 r--p 001e7000 08:01 27660878                   /lib/x86_64-linux-gnu/libc-2.27.so
7f7f0f04a000-7f7f0f04c000 rw-p 001eb000 08:01 27660878                   /lib/x86_64-linux-gnu/libc-2.27.so
7f7f0f04c000-7f7f0f050000 rw-p 00000000 00:00 0 
7f7f0f050000-7f7f0f05f000 r-xp 00000000 08:01 1704600                    /usr/lib/jvm/java-11-openjdk-amd64/lib/jli/libjli.so
7f7f0f05f000-7f7f0f25e000 ---p 0000f000 08:01 1704600                    /usr/lib/jvm/java-11-openjdk-amd64/lib/jli/libjli.so
7f7f0f25e000-7f7f0f25f000 r--p 0000e000 08:01 1704600                    /usr/lib/jvm/java-11-openjdk-amd64/lib/jli/libjli.so
7f7f0f25f000-7f7f0f260000 rw-p 0000f000 08:01 1704600                    /usr/lib/jvm/java-11-openjdk-amd64/lib/jli/libjli.so
7f7f0f260000-7f7f0f287000 r-xp 00000000 08:01 27660850                   /lib/x86_64-linux-gnu/ld-2.27.so
7f7f0f2a7000-7f7f0f363000 rw-p 00000000 00:00 0 
7f7f0f363000-7f7f0f367000 ---p 00000000 00:00 0 
7f7f0f367000-7f7f0f466000 rw-p 00000000 00:00 0 
7f7f0f46e000-7f7f0f474000 rw-p 00000000 00:00 0 
7f7f0f474000-7f7f0f47b000 ---p 00000000 00:00 0 
7f7f0f47b000-7f7f0f483000 rw-s 00000000 08:01 17835783                   /tmp/hsperfdata_lam/9655
7f7f0f483000-7f7f0f484000 ---p 00000000 00:00 0 
7f7f0f484000-7f7f0f485000 r--p 00000000 00:00 0 
7f7f0f485000-7f7f0f487000 rw-p 00000000 00:00 0 
7f7f0f487000-7f7f0f488000 r--p 00027000 08:01 27660850                   /lib/x86_64-linux-gnu/ld-2.27.so
7f7f0f488000-7f7f0f489000 rw-p 00028000 08:01 27660850                   /lib/x86_64-linux-gnu/ld-2.27.so
7f7f0f489000-7f7f0f48a000 rw-p 00000000 00:00 0 
7ffc878a4000-7ffc878c5000 rw-p 00000000 00:00 0                          [stack]
7ffc87908000-7ffc8790b000 r--p 00000000 00:00 0                          [vvar]
7ffc8790b000-7ffc8790d000 r-xp 00000000 00:00 0                          [vdso]
ffffffffff600000-ffffffffff601000 r-xp 00000000 00:00 0                  [vsyscall]


VM Arguments:
jvm_args: -Dfile.encoding=UTF-8 
java_command: com.vietjack.HelloWorld
java_class_path (initial): /home/lam/eclipse-workspace/CollectionLinkedList/bin
Launcher Type: SUN_STANDARD

Logging:
Log output configuration:
#0: stdout all=warning uptime,level,tags
#1: stderr all=off uptime,level,tags

Environment Variables:
PATH=/usr/local/sbin:/usr/local/bin:/usr/sbin:/usr/bin:/sbin:/bin:/usr/games:/usr/local/games:/snap/bin
USERNAME=lam
SHELL=/bin/bash
DISPLAY=:0

Signal Handlers:
SIGSEGV: [libjvm.so+0xd28ad0], sa_mask[0]=11111111011111111101111111111110, sa_flags=SA_RESTART|SA_SIGINFO
SIGBUS: [libjvm.so+0xd28ad0], sa_mask[0]=11111111011111111101111111111110, sa_flags=SA_RESTART|SA_SIGINFO
SIGFPE: [libjvm.so+0xd28ad0], sa_mask[0]=11111111011111111101111111111110, sa_flags=SA_RESTART|SA_SIGINFO
SIGPIPE: [libjvm.so+0xb2a150], sa_mask[0]=11111111011111111101111111111110, sa_flags=SA_RESTART|SA_SIGINFO
SIGXFSZ: [libjvm.so+0xb2a150], sa_mask[0]=11111111011111111101111111111110, sa_flags=SA_RESTART|SA_SIGINFO
SIGILL: [libjvm.so+0xd28ad0], sa_mask[0]=11111111011111111101111111111110, sa_flags=SA_RESTART|SA_SIGINFO
SIGUSR2: [libjvm.so+0xb29f90], sa_mask[0]=00100000000000000000000000000000, sa_flags=SA_RESTART|SA_SIGINFO
SIGHUP: [libjvm.so+0xb2a0e0], sa_mask[0]=11111111011111111101111111111110, sa_flags=SA_RESTART|SA_SIGINFO
SIGINT: [libjvm.so+0xb2a0e0], sa_mask[0]=11111111011111111101111111111110, sa_flags=SA_RESTART|SA_SIGINFO
SIGTERM: [libjvm.so+0xb2a0e0], sa_mask[0]=11111111011111111101111111111110, sa_flags=SA_RESTART|SA_SIGINFO
SIGQUIT: [libjvm.so+0xb2a0e0], sa_mask[0]=11111111011111111101111111111110, sa_flags=SA_RESTART|SA_SIGINFO


---------------  S Y S T E M  ---------------

OS:DISTRIB_ID=Ubuntu
DISTRIB_RELEASE=18.04
DISTRIB_CODENAME=bionic
DISTRIB_DESCRIPTION="Ubuntu 18.04.1 LTS"
uname:Linux 4.15.0-34-generic #37-Ubuntu SMP Mon Aug 27 15:21:48 UTC 2018 x86_64
libc:glibc 2.27 NPTL 2.27 
rlimit: STACK 8192k, CORE 0k, NPROC 14344, NOFILE 1048576, AS infinity, DATA infinity, FSIZE infinity
load average:2.88 1.34 0.92

/proc/meminfo:
MemTotal:        3732616 kB
MemFree:          103396 kB
MemAvailable:      36988 kB
Buffers:            1244 kB
Cached:           469040 kB
SwapCached:        11844 kB
Active:          2660444 kB
Inactive:         617020 kB
Active(anon):    2636724 kB
Inactive(anon):   586040 kB
Active(file):      23720 kB
Inactive(file):    30980 kB
Unevictable:         124 kB
Mlocked:             124 kB
SwapTotal:       2097148 kB
SwapFree:              0 kB
Dirty:               700 kB
Writeback:             0 kB
AnonPages:       2799256 kB
Mapped:           335016 kB
Shmem:            415504 kB
Slab:             142160 kB
SReclaimable:      51196 kB
SUnreclaim:        90964 kB
KernelStack:       20336 kB
PageTables:        98148 kB
NFS_Unstable:          0 kB
Bounce:                0 kB
WritebackTmp:          0 kB
CommitLimit:     3963456 kB
Committed_AS:   16415304 kB
VmallocTotal:   34359738367 kB
VmallocUsed:           0 kB
VmallocChunk:          0 kB
HardwareCorrupted:     0 kB
AnonHugePages:         0 kB
ShmemHugePages:        0 kB
ShmemPmdMapped:        0 kB
CmaTotal:              0 kB
CmaFree:               0 kB
HugePages_Total:       0
HugePages_Free:        0
HugePages_Rsvd:        0
HugePages_Surp:        0
Hugepagesize:       2048 kB
DirectMap4k:      699152 kB
DirectMap2M:     3184640 kB
DirectMap1G:           0 kB

container (cgroup) information:
container_type: cgroupv1
cpu_cpuset_cpus: 0-3
cpu_memory_nodes: 0
active_processor_count: 4
cpu_quota: -1
cpu_period: 100000
cpu_shares: -1
memory_limit_in_bytes: -1
memory_and_swap_limit_in_bytes: -2
memory_soft_limit_in_bytes: -1
memory_usage_in_bytes: 3341340672
memory_max_usage_in_bytes: 295768064


CPU:total 4 (initial active 4) (2 cores per cpu, 2 threads per core) family 6 model 61 stepping 4, cmov, cx8, fxsr, mmx, sse, sse2, sse3, ssse3, sse4.1, sse4.2, popcnt, avx, avx2, aes, clmul, erms, 3dnowpref, lzcnt, ht, tsc, tscinvbit, bmi1, bmi2, adx, fma
CPU Model and flags from /proc/cpuinfo:
model name	: Intel(R) Core(TM) i5-5200U CPU @ 2.20GHz
flags		: fpu vme de pse tsc msr pae mce cx8 apic sep mtrr pge mca cmov pat pse36 clflush dts acpi mmx fxsr sse sse2 ss ht tm pbe syscall nx pdpe1gb rdtscp lm constant_tsc arch_perfmon pebs bts rep_good nopl xtopology nonstop_tsc cpuid aperfmperf pni pclmulqdq dtes64 monitor ds_cpl vmx est tm2 ssse3 sdbg fma cx16 xtpr pdcm pcid sse4_1 sse4_2 x2apic movbe popcnt tsc_deadline_timer aes xsave avx f16c rdrand lahf_lm abm 3dnowprefetch cpuid_fault epb invpcid_single pti ssbd ibrs ibpb stibp tpr_shadow vnmi flexpriority ept vpid fsgsbase tsc_adjust bmi1 avx2 smep bmi2 erms invpcid rdseed adx smap intel_pt xsaveopt dtherm ida arat pln pts flush_l1d

Memory: 4k page, physical 3732616k(110340k free), swap 2097148k(0k free)

vm_info: OpenJDK 64-Bit Server VM (10.0.2+13-Ubuntu-1ubuntu0.18.04.2) for linux-amd64 JRE (10.0.2+13-Ubuntu-1ubuntu0.18.04.2), built on Aug 24 2018 17:36:24 by "buildd" with gcc 7.3.0

END.
